#
# There is insufficient memory for the Java Runtime Environment to continue.
# Native memory allocation (malloc) failed to allocate 2295232 bytes for Chunk::new
# Possible reasons:
#   The system is out of physical RAM or swap space
#   The process is running with CompressedOops enabled, and the Java Heap may be blocking the growth of the native heap
# Possible solutions:
#   Reduce memory load on the system
#   Increase physical memory or swap space
#   Check if swap backing store is full
#   Decrease Java heap size (-Xmx/-Xms)
#   Decrease number of Java threads
#   Decrease Java thread stack sizes (-Xss)
#   Set larger code cache with -XX:ReservedCodeCacheSize=
#   JVM is running with Unscaled Compressed Oops mode in which the Java heap is
#     placed in the first 4GB address space. The Java Heap base address is the
#     maximum limit for the native heap growth. Please use -XX:HeapBaseMinAddress
#     to set the Java Heap base and to place the Java Heap above 4GB virtual address.
# This output file may be truncated or incomplete.
#
#  Out of Memory Error (arena.cpp:189), pid=12040, tid=4368
#
# JRE version: Java(TM) SE Runtime Environment (17.0.12+8) (build 17.0.12+8-LTS-286)
# Java VM: Java HotSpot(TM) 64-Bit Server VM (17.0.12+8-LTS-286, mixed mode, sharing, tiered, compressed oops, compressed class ptrs, g1 gc, windows-amd64)
# No core dump will be written. Minidumps are not enabled by default on client versions of Windows
#

---------------  S U M M A R Y ------------

Command Line: -XX:MaxMetaspaceSize=512m --add-opens=java.base/java.util=ALL-UNNAMED --add-opens=java.base/java.lang=ALL-UNNAMED --add-opens=java.base/java.lang.invoke=ALL-UNNAMED --add-opens=java.prefs/java.util.prefs=ALL-UNNAMED --add-exports=jdk.compiler/com.sun.tools.javac.api=ALL-UNNAMED --add-exports=jdk.compiler/com.sun.tools.javac.util=ALL-UNNAMED --add-opens=java.base/java.nio.charset=ALL-UNNAMED --add-opens=java.base/java.net=ALL-UNNAMED --add-opens=java.base/java.util.concurrent.atomic=ALL-UNNAMED -Xmx2048m -Dfile.encoding=utf8 -Duser.country=FR -Duser.language=fr -Duser.variant -javaagent:C:\Users\ZIDANE\.gradle\wrapper\dists\gradle-8.10.2-all\7iv73wktx1xtkvlq19urqw1wm\gradle-8.10.2\lib\agents\gradle-instrumentation-agent-8.10.2.jar org.gradle.launcher.daemon.bootstrap.GradleDaemon 8.10.2

Host: Intel(R) Core(TM) i5-3320M CPU @ 2.60GHz, 4 cores, 3G,  Windows 10 , 64 bit Build 19041 (10.0.19041.4957)
Time: Sun Nov  3 12:55:25 2024 Afr. centrale Ouest elapsed time: 58.148130 seconds (0d 0h 0m 58s)

---------------  T H R E A D  ---------------

Current thread (0x000001d1e0bfe400):  JavaThread "C2 CompilerThread0" daemon [_thread_in_native, id=4368, stack(0x000000b020400000,0x000000b020500000)]


Current CompileTask:
C2:  58148 13684       4       java.beans.MethodRef::set (58 bytes)

Stack: [0x000000b020400000,0x000000b020500000]
Native frames: (J=compiled Java code, j=interpreted, Vv=VM code, C=native code)
V  [jvm.dll+0x67a04a]
V  [jvm.dll+0x7da4ed]
V  [jvm.dll+0x7dbe33]
V  [jvm.dll+0x7dc4a3]
V  [jvm.dll+0x24508f]
V  [jvm.dll+0xab773]
V  [jvm.dll+0xabd3c]
V  [jvm.dll+0x361bee]
V  [jvm.dll+0x32c431]
V  [jvm.dll+0x32b8ca]
V  [jvm.dll+0x21683f]
V  [jvm.dll+0x215c6f]
V  [jvm.dll+0x1a2960]
V  [jvm.dll+0x22610b]
V  [jvm.dll+0x2242ab]
V  [jvm.dll+0x79075c]
V  [jvm.dll+0x78abea]
V  [jvm.dll+0x678f35]
C  [ucrtbase.dll+0x21bb2]
C  [KERNEL32.DLL+0x17374]
C  [ntdll.dll+0x4cc91]


---------------  P R O C E S S  ---------------

Threads class SMR info:
_java_thread_list=0x000001d185a65410, length=92, elements={
0x000001d1c12dee80, 0x000001d1e0bb1a70, 0x000001d1e0bb2800, 0x000001d1e0bc7c20,
0x000001d1e0bc86f0, 0x000001d1e0bcb4e0, 0x000001d1e0bd45e0, 0x000001d1e0bfe400,
0x000001d1e0bfedc0, 0x000001d1e0c22e90, 0x000001d1800babd0, 0x000001d180207220,
0x000001d181644f00, 0x000001d181a910b0, 0x000001d1810e3f00, 0x000001d1811b3460,
0x000001d1815bf9b0, 0x000001d1815c08e0, 0x000001d1815c0df0, 0x000001d1815bfec0,
0x000001d1815c1300, 0x000001d1815c03d0, 0x000001d1815bea80, 0x000001d1815bef90,
0x000001d1815bf4a0, 0x000001d183396d90, 0x000001d183396880, 0x000001d1833972a0,
0x000001d183399b20, 0x000001d1833977b0, 0x000001d18339b980, 0x000001d18339a030,
0x000001d183397cc0, 0x000001d1833981d0, 0x000001d18339c3a0, 0x000001d183399610,
0x000001d18339cdc0, 0x000001d18339b470, 0x000001d18339c8b0, 0x000001d183395950,
0x000001d18339d2d0, 0x000001d183395e60, 0x000001d183396370, 0x000001d181f9d590,
0x000001d181fa0830, 0x000001d181fa0320, 0x000001d181f9bc40, 0x000001d181f9e4c0,
0x000001d181fa1250, 0x000001d181f9eee0, 0x000001d181fa2180, 0x000001d181f9e9d0,
0x000001d181f9fe10, 0x000001d181f9c660, 0x000001d181f9b730, 0x000001d181f9daa0,
0x000001d181f9f3f0, 0x000001d181f9dfb0, 0x000001d1843ab1c0, 0x000001d1843a8940,
0x000001d1843ac0f0, 0x000001d1843a9360, 0x000001d1843ad020, 0x000001d1843ac600,
0x000001d1843ae460, 0x000001d1843a9870, 0x000001d1843a9d80, 0x000001d1843ada40,
0x000001d1843a8430, 0x000001d1843adf50, 0x000001d1843ab6d0, 0x000001d1843ad530,
0x000001d1843acb10, 0x000001d1843ae970, 0x000001d1843abbe0, 0x000001d1843a7f20,
0x000001d1843aee80, 0x000001d1843af390, 0x000001d1843af8a0, 0x000001d1843a8e50,
0x000001d1843aa290, 0x000001d1843aa7a0, 0x000001d1843aacb0, 0x000001d182f94420,
0x000001d182f95350, 0x000001d182f96280, 0x000001d182f92fe0, 0x000001d182f95d70,
0x000001d182f96790, 0x000001d182f93f10, 0x000001d182f94e40, 0x000001d18001c2a0
}

Java Threads: ( => current thread )
  0x000001d1c12dee80 JavaThread "main" [_thread_blocked, id=7176, stack(0x000000b01f700000,0x000000b01f800000)]
  0x000001d1e0bb1a70 JavaThread "Reference Handler" daemon [_thread_blocked, id=8920, stack(0x000000b01fe00000,0x000000b01ff00000)]
  0x000001d1e0bb2800 JavaThread "Finalizer" daemon [_thread_blocked, id=8648, stack(0x000000b01ff00000,0x000000b020000000)]
  0x000001d1e0bc7c20 JavaThread "Signal Dispatcher" daemon [_thread_blocked, id=16084, stack(0x000000b020000000,0x000000b020100000)]
  0x000001d1e0bc86f0 JavaThread "Attach Listener" daemon [_thread_blocked, id=5704, stack(0x000000b020100000,0x000000b020200000)]
  0x000001d1e0bcb4e0 JavaThread "Service Thread" daemon [_thread_blocked, id=9320, stack(0x000000b020200000,0x000000b020300000)]
  0x000001d1e0bd45e0 JavaThread "Monitor Deflation Thread" daemon [_thread_blocked, id=5536, stack(0x000000b020300000,0x000000b020400000)]
=>0x000001d1e0bfe400 JavaThread "C2 CompilerThread0" daemon [_thread_in_native, id=4368, stack(0x000000b020400000,0x000000b020500000)]
  0x000001d1e0bfedc0 JavaThread "C1 CompilerThread0" daemon [_thread_blocked, id=14568, stack(0x000000b020500000,0x000000b020600000)]
  0x000001d1e0c22e90 JavaThread "Sweeper thread" daemon [_thread_blocked, id=3344, stack(0x000000b020600000,0x000000b020700000)]
  0x000001d1800babd0 JavaThread "Common-Cleaner" daemon [_thread_blocked, id=2724, stack(0x000000b020700000,0x000000b020800000)]
  0x000001d180207220 JavaThread "Notification Thread" daemon [_thread_blocked, id=11256, stack(0x000000b020800000,0x000000b020900000)]
  0x000001d181644f00 JavaThread "Daemon health stats" [_thread_blocked, id=6252, stack(0x000000b020e00000,0x000000b020f00000)]
  0x000001d181a910b0 JavaThread "Incoming local TCP Connector on port 52089" [_thread_in_native, id=944, stack(0x000000b020f00000,0x000000b021000000)]
  0x000001d1810e3f00 JavaThread "Daemon periodic checks" [_thread_blocked, id=9484, stack(0x000000b021000000,0x000000b021100000)]
  0x000001d1811b3460 JavaThread "Daemon" [_thread_blocked, id=5364, stack(0x000000b021100000,0x000000b021200000)]
  0x000001d1815bf9b0 JavaThread "Handler for socket connection from /127.0.0.1:52089 to /127.0.0.1:52090" [_thread_in_native, id=10660, stack(0x000000b021200000,0x000000b021300000)]
  0x000001d1815c08e0 JavaThread "Cancel handler" [_thread_blocked, id=15172, stack(0x000000b021300000,0x000000b021400000)]
  0x000001d1815c0df0 JavaThread "Daemon worker" [_thread_in_native, id=12372, stack(0x000000b021400000,0x000000b021500000)]
  0x000001d1815bfec0 JavaThread "Asynchronous log dispatcher for DefaultDaemonConnection: socket connection from /127.0.0.1:52089 to /127.0.0.1:52090" [_thread_blocked, id=15300, stack(0x000000b021500000,0x000000b021600000)]
  0x000001d1815c1300 JavaThread "Stdin handler" [_thread_blocked, id=8348, stack(0x000000b021600000,0x000000b021700000)]
  0x000001d1815c03d0 JavaThread "Daemon client event forwarder" [_thread_blocked, id=5168, stack(0x000000b021700000,0x000000b021800000)]
  0x000001d1815bea80 JavaThread "Cache worker for journal cache (C:\Users\ZIDANE\.gradle\caches\journal-1)" [_thread_blocked, id=11168, stack(0x000000b021800000,0x000000b021900000)]
  0x000001d1815bef90 JavaThread "File lock request listener" [_thread_in_native, id=8112, stack(0x000000b021900000,0x000000b021a00000)]
  0x000001d1815bf4a0 JavaThread "Cache worker for file hash cache (C:\Users\ZIDANE\.gradle\caches\8.10.2\fileHashes)" [_thread_blocked, id=2356, stack(0x000000b021a00000,0x000000b021b00000)]
  0x000001d183396d90 JavaThread "Cache worker for file hash cache (C:\Users\ZIDANE\SILA\android\.gradle\8.10.2\fileHashes)" [_thread_blocked, id=124, stack(0x000000b021b00000,0x000000b021c00000)]
  0x000001d183396880 JavaThread "Cache worker for Build Output Cleanup Cache (C:\Users\ZIDANE\SILA\android\.gradle\buildOutputCleanup)" [_thread_blocked, id=4164, stack(0x000000b021c00000,0x000000b021d00000)]
  0x000001d1833972a0 JavaThread "File watcher server" daemon [_thread_in_native, id=13960, stack(0x000000b021d00000,0x000000b021e00000)]
  0x000001d183399b20 JavaThread "File watcher consumer" daemon [_thread_blocked, id=13984, stack(0x000000b021e00000,0x000000b021f00000)]
  0x000001d1833977b0 JavaThread "Cache worker for checksums cache (C:\Users\ZIDANE\SILA\android\.gradle\8.10.2\checksums)" [_thread_blocked, id=16856, stack(0x000000b021f00000,0x000000b022000000)]
  0x000001d18339b980 JavaThread "Cache worker for file content cache (C:\Users\ZIDANE\.gradle\caches\8.10.2\fileContent)" [_thread_blocked, id=14192, stack(0x000000b022000000,0x000000b022100000)]
  0x000001d18339a030 JavaThread "Cache worker for cache directory md-rule (C:\Users\ZIDANE\.gradle\caches\8.10.2\md-rule)" [_thread_blocked, id=7584, stack(0x000000b022100000,0x000000b022200000)]
  0x000001d183397cc0 JavaThread "Cache worker for cache directory md-supplier (C:\Users\ZIDANE\.gradle\caches\8.10.2\md-supplier)" [_thread_blocked, id=11136, stack(0x000000b022200000,0x000000b022300000)]
  0x000001d1833981d0 JavaThread "jar transforms" [_thread_blocked, id=12844, stack(0x000000b022300000,0x000000b022400000)]
  0x000001d18339c3a0 JavaThread "jar transforms Thread 2" [_thread_blocked, id=11052, stack(0x000000b022400000,0x000000b022500000)]
  0x000001d183399610 JavaThread "jar transforms Thread 3" [_thread_blocked, id=5108, stack(0x000000b022500000,0x000000b022600000)]
  0x000001d18339cdc0 JavaThread "Cache worker for Build Output Cleanup Cache (C:\Users\ZIDANE\SILA\node_modules\@react-native\gradle-plugin\.gradle\buildOutputCleanup)" [_thread_blocked, id=7948, stack(0x000000b022600000,0x000000b022700000)]
  0x000001d18339b470 JavaThread "Unconstrained build operations" [_thread_blocked, id=9860, stack(0x000000b022700000,0x000000b022800000)]
  0x000001d18339c8b0 JavaThread "Unconstrained build operations Thread 2" [_thread_blocked, id=7284, stack(0x000000b022800000,0x000000b022900000)]
  0x000001d183395950 JavaThread "Unconstrained build operations Thread 3" [_thread_blocked, id=2596, stack(0x000000b022900000,0x000000b022a00000)]
  0x000001d18339d2d0 JavaThread "Unconstrained build operations Thread 4" [_thread_blocked, id=2944, stack(0x000000b022a00000,0x000000b022b00000)]
  0x000001d183395e60 JavaThread "Unconstrained build operations Thread 5" [_thread_blocked, id=11880, stack(0x000000b022b00000,0x000000b022c00000)]
  0x000001d183396370 JavaThread "Unconstrained build operations Thread 6" [_thread_blocked, id=14928, stack(0x000000b022c00000,0x000000b022d00000)]
  0x000001d181f9d590 JavaThread "Unconstrained build operations Thread 7" [_thread_blocked, id=3992, stack(0x000000b022d00000,0x000000b022e00000)]
  0x000001d181fa0830 JavaThread "Unconstrained build operations Thread 8" [_thread_blocked, id=13600, stack(0x000000b022e00000,0x000000b022f00000)]
  0x000001d181fa0320 JavaThread "Unconstrained build operations Thread 9" [_thread_blocked, id=15780, stack(0x000000b022f00000,0x000000b023000000)]
  0x000001d181f9bc40 JavaThread "Unconstrained build operations Thread 10" [_thread_blocked, id=1360, stack(0x000000b023000000,0x000000b023100000)]
  0x000001d181f9e4c0 JavaThread "Unconstrained build operations Thread 11" [_thread_blocked, id=4932, stack(0x000000b023100000,0x000000b023200000)]
  0x000001d181fa1250 JavaThread "Unconstrained build operations Thread 12" [_thread_blocked, id=7912, stack(0x000000b023200000,0x000000b023300000)]
  0x000001d181f9eee0 JavaThread "Unconstrained build operations Thread 13" [_thread_blocked, id=12516, stack(0x000000b023300000,0x000000b023400000)]
  0x000001d181fa2180 JavaThread "Unconstrained build operations Thread 14" [_thread_blocked, id=12876, stack(0x000000b023400000,0x000000b023500000)]
  0x000001d181f9e9d0 JavaThread "Unconstrained build operations Thread 15" [_thread_blocked, id=3452, stack(0x000000b023500000,0x000000b023600000)]
  0x000001d181f9fe10 JavaThread "Memory manager" [_thread_blocked, id=2932, stack(0x000000b023600000,0x000000b023700000)]
  0x000001d181f9c660 JavaThread "build event listener" [_thread_blocked, id=9348, stack(0x000000b023700000,0x000000b023800000)]
  0x000001d181f9b730 JavaThread "ForkJoinPool.commonPool-worker-1" daemon [_thread_blocked, id=3668, stack(0x000000b023800000,0x000000b023900000)]
  0x000001d181f9daa0 JavaThread "ForkJoinPool.commonPool-worker-2" daemon [_thread_blocked, id=8356, stack(0x000000b023900000,0x000000b023a00000)]
  0x000001d181f9f3f0 JavaThread "ForkJoinPool.commonPool-worker-3" daemon [_thread_blocked, id=17068, stack(0x000000b023a00000,0x000000b023b00000)]
  0x000001d181f9dfb0 JavaThread "Exec process" [_thread_blocked, id=13456, stack(0x000000b023b00000,0x000000b023c00000)]
  0x000001d1843ab1c0 JavaThread "Exec process Thread 2" [_thread_blocked, id=9500, stack(0x000000b023c00000,0x000000b023d00000)]
  0x000001d1843a8940 JavaThread "Exec process Thread 3" [_thread_blocked, id=4072, stack(0x000000b023d00000,0x000000b023e00000)]
  0x000001d1843ac0f0 JavaThread "included builds" [_thread_blocked, id=11796, stack(0x000000b023e00000,0x000000b023f00000)]
  0x000001d1843a9360 JavaThread "Execution worker" [_thread_blocked, id=11496, stack(0x000000b023f00000,0x000000b024000000)]
  0x000001d1843ad020 JavaThread "Execution worker Thread 2" [_thread_blocked, id=16812, stack(0x000000b024000000,0x000000b024100000)]
  0x000001d1843ac600 JavaThread "Execution worker Thread 3" [_thread_blocked, id=16396, stack(0x000000b024100000,0x000000b024200000)]
  0x000001d1843ae460 JavaThread "Cache worker for execution history cache (C:\Users\ZIDANE\SILA\node_modules\@react-native\gradle-plugin\.gradle\8.10.2\executionHistory)" [_thread_blocked, id=13152, stack(0x000000b024200000,0x000000b024300000)]
  0x000001d1843a9870 JavaThread "Unconstrained build operations Thread 16" [_thread_blocked, id=10580, stack(0x000000b024500000,0x000000b024600000)]
  0x000001d1843a9d80 JavaThread "Unconstrained build operations Thread 17" [_thread_in_native, id=11688, stack(0x000000b024600000,0x000000b024700000)]
  0x000001d1843ada40 JavaThread "Unconstrained build operations Thread 18" [_thread_blocked, id=4000, stack(0x000000b024700000,0x000000b024800000)]
  0x000001d1843a8430 JavaThread "Unconstrained build operations Thread 19" [_thread_in_Java, id=12420, stack(0x000000b024800000,0x000000b024900000)]
  0x000001d1843adf50 JavaThread "Unconstrained build operations Thread 20" [_thread_blocked, id=14196, stack(0x000000b024900000,0x000000b024a00000)]
  0x000001d1843ab6d0 JavaThread "Unconstrained build operations Thread 21" [_thread_in_Java, id=14292, stack(0x000000b024a00000,0x000000b024b00000)]
  0x000001d1843ad530 JavaThread "Unconstrained build operations Thread 22" [_thread_blocked, id=6104, stack(0x000000b024b00000,0x000000b024c00000)]
  0x000001d1843acb10 JavaThread "Unconstrained build operations Thread 23" [_thread_blocked, id=16920, stack(0x000000b024c00000,0x000000b024d00000)]
  0x000001d1843ae970 JavaThread "Unconstrained build operations Thread 24" [_thread_blocked, id=17080, stack(0x000000b024d00000,0x000000b024e00000)]
  0x000001d1843abbe0 JavaThread "Unconstrained build operations Thread 25" [_thread_blocked, id=15604, stack(0x000000b024e00000,0x000000b024f00000)]
  0x000001d1843a7f20 JavaThread "Unconstrained build operations Thread 26" [_thread_blocked, id=15836, stack(0x000000b024f00000,0x000000b025000000)]
  0x000001d1843aee80 JavaThread "Unconstrained build operations Thread 27" [_thread_blocked, id=15912, stack(0x000000b025000000,0x000000b025100000)]
  0x000001d1843af390 JavaThread "Unconstrained build operations Thread 28" [_thread_blocked, id=7804, stack(0x000000b025100000,0x000000b025200000)]
  0x000001d1843af8a0 JavaThread "Unconstrained build operations Thread 29" [_thread_blocked, id=17316, stack(0x000000b025200000,0x000000b025300000)]
  0x000001d1843a8e50 JavaThread "Unconstrained build operations Thread 30" [_thread_blocked, id=10464, stack(0x000000b025300000,0x000000b025400000)]
  0x000001d1843aa290 JavaThread "Unconstrained build operations Thread 31" [_thread_blocked, id=3300, stack(0x000000b025400000,0x000000b025500000)]
  0x000001d1843aa7a0 JavaThread "Unconstrained build operations Thread 32" [_thread_blocked, id=12408, stack(0x000000b025500000,0x000000b025600000)]
  0x000001d1843aacb0 JavaThread "Unconstrained build operations Thread 33" [_thread_blocked, id=16040, stack(0x000000b025600000,0x000000b025700000)]
  0x000001d182f94420 JavaThread "Unconstrained build operations Thread 34" [_thread_blocked, id=9496, stack(0x000000b025700000,0x000000b025800000)]
  0x000001d182f95350 JavaThread "Unconstrained build operations Thread 35" [_thread_blocked, id=7440, stack(0x000000b025800000,0x000000b025900000)]
  0x000001d182f96280 JavaThread "Unconstrained build operations Thread 36" [_thread_blocked, id=11864, stack(0x000000b025900000,0x000000b025a00000)]
  0x000001d182f92fe0 JavaThread "jar transforms Thread 4" [_thread_blocked, id=9152, stack(0x000000b025a00000,0x000000b025b00000)]
  0x000001d182f95d70 JavaThread "Unconstrained build operations Thread 37" [_thread_blocked, id=1312, stack(0x000000b025b00000,0x000000b025c00000)]
  0x000001d182f96790 JavaThread "Unconstrained build operations Thread 38" [_thread_blocked, id=11312, stack(0x000000b025c00000,0x000000b025d00000)]
  0x000001d182f93f10 JavaThread "Unconstrained build operations Thread 39" [_thread_blocked, id=11760, stack(0x000000b025d00000,0x000000b025e00000)]
  0x000001d182f94e40 JavaThread "Unconstrained build operations Thread 40" [_thread_blocked, id=14856, stack(0x000000b025e00000,0x000000b025f00000)]
  0x000001d18001c2a0 JavaThread "build event listener" [_thread_blocked, id=9376, stack(0x000000b025f00000,0x000000b026000000)]

Other Threads:
  0x000001d1e0bac290 VMThread "VM Thread" [stack: 0x000000b01fd00000,0x000000b01fe00000] [id=9248]
  0x000001d1801386b0 WatcherThread [stack: 0x000000b020900000,0x000000b020a00000] [id=11856]
  0x000001d1c121e840 GCTaskThread "GC Thread#0" [stack: 0x000000b01f800000,0x000000b01f900000] [id=12072]
  0x000001d18027c610 GCTaskThread "GC Thread#1" [stack: 0x000000b020a00000,0x000000b020b00000] [id=2684]
  0x000001d1803140a0 GCTaskThread "GC Thread#2" [stack: 0x000000b020b00000,0x000000b020c00000] [id=9460]
  0x000001d181001c90 GCTaskThread "GC Thread#3" [stack: 0x000000b020c00000,0x000000b020d00000] [id=15208]
  0x000001d1c13473b0 ConcurrentGCThread "G1 Main Marker" [stack: 0x000000b01f900000,0x000000b01fa00000] [id=14044]
  0x000001d1c1347cd0 ConcurrentGCThread "G1 Conc#0" [stack: 0x000000b01fa00000,0x000000b01fb00000] [id=14652]
  0x000001d1c13ad0b0 ConcurrentGCThread "G1 Refine#0" [stack: 0x000000b01fb00000,0x000000b01fc00000] [id=9984]
  0x000001d180e20b30 ConcurrentGCThread "G1 Refine#1" [stack: 0x000000b020d00000,0x000000b020e00000] [id=16672]
  0x000001d1c13ad9f0 ConcurrentGCThread "G1 Service" [stack: 0x000000b01fc00000,0x000000b01fd00000] [id=2896]

Threads with active compile tasks:
C2 CompilerThread0    58253 13684       4       java.beans.MethodRef::set (58 bytes)

VM state: not at safepoint (normal execution)

VM Mutex/Monitor currently owned by a thread: None

Heap address: 0x0000000080000000, size: 2048 MB, Compressed Oops mode: 32-bit

CDS archive(s) mapped at: [0x000001d1e1000000-0x000001d1e1bd0000-0x000001d1e1bd0000), size 12386304, SharedBaseAddress: 0x000001d1e1000000, ArchiveRelocationMode: 1.
Compressed class space mapped at: 0x000001d1e2000000-0x000001d1fc000000, reserved size: 436207616
Narrow klass base: 0x000001d1e1000000, Narrow klass shift: 0, Narrow klass range: 0x100000000

GC Precious Log:
 CPUs: 4 total, 4 available
 Memory: 3999M
 Large Page Support: Disabled
 NUMA Support: Disabled
 Compressed Oops: Enabled (32-bit)
 Heap Region Size: 1M
 Heap Min Capacity: 8M
 Heap Initial Capacity: 64M
 Heap Max Capacity: 2G
 Pre-touch: Disabled
 Parallel Workers: 4
 Concurrent Workers: 1
 Concurrent Refinement Workers: 4
 Periodic GC: Disabled

Heap:
 garbage-first heap   total 252928K, used 199550K [0x0000000080000000, 0x0000000100000000)
  region size 1024K, 77 young (78848K), 1 survivors (1024K)
 Metaspace       used 97636K, committed 98688K, reserved 557056K
  class space    used 13760K, committed 14272K, reserved 425984K

Heap Regions: E=young(eden), S=young(survivor), O=old, HS=humongous(starts), HC=humongous(continues), CS=collection set, F=free, OA=open archive, CA=closed archive, TAMS=top-at-mark-start (previous, next)
|   0|0x0000000080000000, 0x0000000080100000, 0x0000000080100000|100%|HS|  |TAMS 0x0000000080100000, 0x0000000080000000| Complete 
|   1|0x0000000080100000, 0x0000000080200000, 0x0000000080200000|100%|HC|  |TAMS 0x0000000080200000, 0x0000000080100000| Complete 
|   2|0x0000000080200000, 0x0000000080300000, 0x0000000080300000|100%|HC|  |TAMS 0x0000000080300000, 0x0000000080200000| Complete 
|   3|0x0000000080300000, 0x0000000080400000, 0x0000000080400000|100%|HC|  |TAMS 0x0000000080400000, 0x0000000080300000| Complete 
|   4|0x0000000080400000, 0x0000000080500000, 0x0000000080500000|100%| O|  |TAMS 0x0000000080500000, 0x0000000080400000| Untracked 
|   5|0x0000000080500000, 0x0000000080600000, 0x0000000080600000|100%| O|  |TAMS 0x0000000080600000, 0x0000000080500000| Untracked 
|   6|0x0000000080600000, 0x0000000080700000, 0x0000000080700000|100%| O|  |TAMS 0x0000000080700000, 0x0000000080600000| Untracked 
|   7|0x0000000080700000, 0x0000000080800000, 0x0000000080800000|100%| O|  |TAMS 0x0000000080800000, 0x0000000080700000| Untracked 
|   8|0x0000000080800000, 0x0000000080900000, 0x0000000080900000|100%| O|  |TAMS 0x0000000080900000, 0x0000000080800000| Untracked 
|   9|0x0000000080900000, 0x0000000080a00000, 0x0000000080a00000|100%|HS|  |TAMS 0x0000000080a00000, 0x0000000080900000| Complete 
|  10|0x0000000080a00000, 0x0000000080b00000, 0x0000000080b00000|100%| O|  |TAMS 0x0000000080b00000, 0x0000000080a00000| Untracked 
|  11|0x0000000080b00000, 0x0000000080c00000, 0x0000000080c00000|100%| O|  |TAMS 0x0000000080c00000, 0x0000000080b00000| Untracked 
|  12|0x0000000080c00000, 0x0000000080d00000, 0x0000000080d00000|100%| O|  |TAMS 0x0000000080d00000, 0x0000000080c00000| Untracked 
|  13|0x0000000080d00000, 0x0000000080e00000, 0x0000000080e00000|100%| O|  |TAMS 0x0000000080e00000, 0x0000000080d00000| Untracked 
|  14|0x0000000080e00000, 0x0000000080f00000, 0x0000000080f00000|100%| O|  |TAMS 0x0000000080f00000, 0x0000000080e00000| Untracked 
|  15|0x0000000080f00000, 0x0000000081000000, 0x0000000081000000|100%| O|  |TAMS 0x0000000081000000, 0x0000000080f00000| Untracked 
|  16|0x0000000081000000, 0x0000000081100000, 0x0000000081100000|100%| O|  |TAMS 0x0000000081100000, 0x0000000081000000| Untracked 
|  17|0x0000000081100000, 0x0000000081200000, 0x0000000081200000|100%| O|  |TAMS 0x0000000081200000, 0x0000000081100000| Untracked 
|  18|0x0000000081200000, 0x0000000081300000, 0x0000000081300000|100%| O|  |TAMS 0x0000000081300000, 0x0000000081200000| Untracked 
|  19|0x0000000081300000, 0x0000000081400000, 0x0000000081400000|100%| O|  |TAMS 0x0000000081400000, 0x0000000081300000| Untracked 
|  20|0x0000000081400000, 0x0000000081500000, 0x0000000081500000|100%| O|  |TAMS 0x0000000081500000, 0x0000000081400000| Untracked 
|  21|0x0000000081500000, 0x0000000081600000, 0x0000000081600000|100%| O|  |TAMS 0x0000000081600000, 0x0000000081500000| Untracked 
|  22|0x0000000081600000, 0x0000000081700000, 0x0000000081700000|100%| O|  |TAMS 0x0000000081700000, 0x0000000081600000| Untracked 
|  23|0x0000000081700000, 0x0000000081800000, 0x0000000081800000|100%| O|  |TAMS 0x0000000081800000, 0x0000000081700000| Untracked 
|  24|0x0000000081800000, 0x0000000081900000, 0x0000000081900000|100%| O|  |TAMS 0x0000000081900000, 0x0000000081800000| Untracked 
|  25|0x0000000081900000, 0x0000000081a00000, 0x0000000081a00000|100%| O|  |TAMS 0x0000000081a00000, 0x0000000081900000| Untracked 
|  26|0x0000000081a00000, 0x0000000081b00000, 0x0000000081b00000|100%| O|  |TAMS 0x0000000081b00000, 0x0000000081a00000| Untracked 
|  27|0x0000000081b00000, 0x0000000081c00000, 0x0000000081c00000|100%| O|  |TAMS 0x0000000081c00000, 0x0000000081b00000| Untracked 
|  28|0x0000000081c00000, 0x0000000081d00000, 0x0000000081d00000|100%| O|  |TAMS 0x0000000081d00000, 0x0000000081c00000| Untracked 
|  29|0x0000000081d00000, 0x0000000081e00000, 0x0000000081e00000|100%| O|  |TAMS 0x0000000081e00000, 0x0000000081d00000| Untracked 
|  30|0x0000000081e00000, 0x0000000081f00000, 0x0000000081f00000|100%| O|  |TAMS 0x0000000081f00000, 0x0000000081e00000| Untracked 
|  31|0x0000000081f00000, 0x0000000082000000, 0x0000000082000000|100%| O|  |TAMS 0x0000000082000000, 0x0000000081f00000| Untracked 
|  32|0x0000000082000000, 0x0000000082100000, 0x0000000082100000|100%| O|  |TAMS 0x0000000082100000, 0x0000000082000000| Untracked 
|  33|0x0000000082100000, 0x0000000082200000, 0x0000000082200000|100%| O|  |TAMS 0x0000000082200000, 0x0000000082100000| Untracked 
|  34|0x0000000082200000, 0x0000000082300000, 0x0000000082300000|100%| O|  |TAMS 0x0000000082300000, 0x0000000082200000| Untracked 
|  35|0x0000000082300000, 0x0000000082400000, 0x0000000082400000|100%| O|  |TAMS 0x0000000082400000, 0x0000000082300000| Untracked 
|  36|0x0000000082400000, 0x0000000082500000, 0x0000000082500000|100%| O|  |TAMS 0x0000000082500000, 0x0000000082400000| Untracked 
|  37|0x0000000082500000, 0x0000000082600000, 0x0000000082600000|100%| O|  |TAMS 0x0000000082600000, 0x0000000082500000| Untracked 
|  38|0x0000000082600000, 0x0000000082700000, 0x0000000082700000|100%| O|  |TAMS 0x0000000082700000, 0x0000000082600000| Untracked 
|  39|0x0000000082700000, 0x0000000082800000, 0x0000000082800000|100%| O|  |TAMS 0x0000000082800000, 0x0000000082700000| Untracked 
|  40|0x0000000082800000, 0x0000000082900000, 0x0000000082900000|100%| O|  |TAMS 0x0000000082900000, 0x0000000082800000| Untracked 
|  41|0x0000000082900000, 0x0000000082a00000, 0x0000000082a00000|100%| O|  |TAMS 0x0000000082a00000, 0x0000000082900000| Untracked 
|  42|0x0000000082a00000, 0x0000000082b00000, 0x0000000082b00000|100%|HS|  |TAMS 0x0000000082b00000, 0x0000000082a00000| Complete 
|  43|0x0000000082b00000, 0x0000000082c00000, 0x0000000082c00000|100%|HC|  |TAMS 0x0000000082c00000, 0x0000000082b00000| Complete 
|  44|0x0000000082c00000, 0x0000000082d00000, 0x0000000082d00000|100%|HS|  |TAMS 0x0000000082d00000, 0x0000000082c00000| Complete 
|  45|0x0000000082d00000, 0x0000000082e00000, 0x0000000082e00000|100%|HC|  |TAMS 0x0000000082e00000, 0x0000000082d00000| Complete 
|  46|0x0000000082e00000, 0x0000000082f00000, 0x0000000082f00000|100%|HS|  |TAMS 0x0000000082f00000, 0x0000000082e00000| Complete 
|  47|0x0000000082f00000, 0x0000000083000000, 0x0000000083000000|100%|HC|  |TAMS 0x0000000083000000, 0x0000000082f00000| Complete 
|  48|0x0000000083000000, 0x0000000083100000, 0x0000000083100000|100%|HC|  |TAMS 0x0000000083100000, 0x0000000083000000| Complete 
|  49|0x0000000083100000, 0x0000000083200000, 0x0000000083200000|100%|HC|  |TAMS 0x0000000083200000, 0x0000000083100000| Complete 
|  50|0x0000000083200000, 0x0000000083300000, 0x0000000083300000|100%|HS|  |TAMS 0x0000000083300000, 0x0000000083200000| Complete 
|  51|0x0000000083300000, 0x0000000083400000, 0x0000000083400000|100%|HC|  |TAMS 0x0000000083400000, 0x0000000083300000| Complete 
|  52|0x0000000083400000, 0x0000000083500000, 0x0000000083500000|100%|HC|  |TAMS 0x0000000083500000, 0x0000000083400000| Complete 
|  53|0x0000000083500000, 0x0000000083600000, 0x0000000083600000|100%|HC|  |TAMS 0x0000000083600000, 0x0000000083500000| Complete 
|  54|0x0000000083600000, 0x0000000083700000, 0x0000000083700000|100%| O|  |TAMS 0x0000000083700000, 0x0000000083600000| Untracked 
|  55|0x0000000083700000, 0x0000000083700000, 0x0000000083800000|  0%| F|  |TAMS 0x0000000083700000, 0x0000000083700000| Untracked 
|  56|0x0000000083800000, 0x0000000083800000, 0x0000000083900000|  0%| F|  |TAMS 0x0000000083800000, 0x0000000083800000| Untracked 
|  57|0x0000000083900000, 0x0000000083a00000, 0x0000000083a00000|100%| O|  |TAMS 0x0000000083a00000, 0x0000000083900000| Untracked 
|  58|0x0000000083a00000, 0x0000000083b00000, 0x0000000083b00000|100%| O|  |TAMS 0x0000000083b00000, 0x0000000083a00000| Untracked 
|  59|0x0000000083b00000, 0x0000000083c00000, 0x0000000083c00000|100%| O|  |TAMS 0x0000000083c00000, 0x0000000083b00000| Untracked 
|  60|0x0000000083c00000, 0x0000000083d00000, 0x0000000083d00000|100%| O|  |TAMS 0x0000000083d00000, 0x0000000083c00000| Untracked 
|  61|0x0000000083d00000, 0x0000000083e00000, 0x0000000083e00000|100%| O|  |TAMS 0x0000000083e00000, 0x0000000083d00000| Untracked 
|  62|0x0000000083e00000, 0x0000000083f00000, 0x0000000083f00000|100%| O|  |TAMS 0x0000000083f00000, 0x0000000083e00000| Untracked 
|  63|0x0000000083f00000, 0x0000000084000000, 0x0000000084000000|100%| O|  |TAMS 0x0000000084000000, 0x0000000083f00000| Untracked 
|  64|0x0000000084000000, 0x0000000084100000, 0x0000000084100000|100%| O|  |TAMS 0x0000000084100000, 0x0000000084000000| Untracked 
|  65|0x0000000084100000, 0x0000000084200000, 0x0000000084200000|100%| O|  |TAMS 0x0000000084200000, 0x0000000084100000| Untracked 
|  66|0x0000000084200000, 0x0000000084300000, 0x0000000084300000|100%| O|  |TAMS 0x0000000084300000, 0x0000000084200000| Untracked 
|  67|0x0000000084300000, 0x0000000084400000, 0x0000000084400000|100%| O|  |TAMS 0x0000000084400000, 0x0000000084300000| Untracked 
|  68|0x0000000084400000, 0x0000000084500000, 0x0000000084500000|100%| O|  |TAMS 0x0000000084500000, 0x0000000084400000| Untracked 
|  69|0x0000000084500000, 0x0000000084600000, 0x0000000084600000|100%| O|  |TAMS 0x0000000084500000, 0x0000000084500000| Untracked 
|  70|0x0000000084600000, 0x0000000084700000, 0x0000000084700000|100%| O|  |TAMS 0x0000000084600000, 0x0000000084600000| Untracked 
|  71|0x0000000084700000, 0x0000000084800000, 0x0000000084800000|100%| O|  |TAMS 0x0000000084800000, 0x0000000084700000| Untracked 
|  72|0x0000000084800000, 0x0000000084900000, 0x0000000084900000|100%| O|  |TAMS 0x0000000084900000, 0x0000000084800000| Untracked 
|  73|0x0000000084900000, 0x0000000084a00000, 0x0000000084a00000|100%| O|  |TAMS 0x0000000084a00000, 0x0000000084900000| Untracked 
|  74|0x0000000084a00000, 0x0000000084b00000, 0x0000000084b00000|100%| O|  |TAMS 0x0000000084b00000, 0x0000000084a00000| Untracked 
|  75|0x0000000084b00000, 0x0000000084c00000, 0x0000000084c00000|100%| O|  |TAMS 0x0000000084c00000, 0x0000000084b00000| Untracked 
|  76|0x0000000084c00000, 0x0000000084d00000, 0x0000000084d00000|100%| O|  |TAMS 0x0000000084d00000, 0x0000000084c00000| Untracked 
|  77|0x0000000084d00000, 0x0000000084e00000, 0x0000000084e00000|100%| O|  |TAMS 0x0000000084e00000, 0x0000000084d00000| Untracked 
|  78|0x0000000084e00000, 0x0000000084f00000, 0x0000000084f00000|100%| O|  |TAMS 0x0000000084f00000, 0x0000000084e00000| Untracked 
|  79|0x0000000084f00000, 0x0000000085000000, 0x0000000085000000|100%| O|  |TAMS 0x0000000085000000, 0x0000000084f00000| Untracked 
|  80|0x0000000085000000, 0x0000000085100000, 0x0000000085100000|100%| O|  |TAMS 0x0000000085100000, 0x0000000085000000| Untracked 
|  81|0x0000000085100000, 0x0000000085200000, 0x0000000085200000|100%| O|  |TAMS 0x0000000085200000, 0x0000000085100000| Untracked 
|  82|0x0000000085200000, 0x0000000085300000, 0x0000000085300000|100%| O|  |TAMS 0x0000000085300000, 0x0000000085200000| Untracked 
|  83|0x0000000085300000, 0x0000000085400000, 0x0000000085400000|100%|HS|  |TAMS 0x0000000085400000, 0x0000000085300000| Complete 
|  84|0x0000000085400000, 0x0000000085500000, 0x0000000085500000|100%|HS|  |TAMS 0x0000000085500000, 0x0000000085400000| Complete 
|  85|0x0000000085500000, 0x0000000085600000, 0x0000000085600000|100%|HS|  |TAMS 0x0000000085600000, 0x0000000085500000| Complete 
|  86|0x0000000085600000, 0x0000000085700000, 0x0000000085700000|100%|HS|  |TAMS 0x0000000085700000, 0x0000000085600000| Complete 
|  87|0x0000000085700000, 0x0000000085800000, 0x0000000085800000|100%|HS|  |TAMS 0x0000000085800000, 0x0000000085700000| Complete 
|  88|0x0000000085800000, 0x0000000085900000, 0x0000000085900000|100%|HS|  |TAMS 0x0000000085900000, 0x0000000085800000| Complete 
|  89|0x0000000085900000, 0x0000000085a00000, 0x0000000085a00000|100%| O|  |TAMS 0x0000000085a00000, 0x0000000085900000| Untracked 
|  90|0x0000000085a00000, 0x0000000085b00000, 0x0000000085b00000|100%| O|  |TAMS 0x0000000085b00000, 0x0000000085a00000| Untracked 
|  91|0x0000000085b00000, 0x0000000085c00000, 0x0000000085c00000|100%| O|  |TAMS 0x0000000085c00000, 0x0000000085b00000| Untracked 
|  92|0x0000000085c00000, 0x0000000085d00000, 0x0000000085d00000|100%| O|  |TAMS 0x0000000085d00000, 0x0000000085c00000| Untracked 
|  93|0x0000000085d00000, 0x0000000085e00000, 0x0000000085e00000|100%| O|  |TAMS 0x0000000085e00000, 0x0000000085d00000| Untracked 
|  94|0x0000000085e00000, 0x0000000085f00000, 0x0000000085f00000|100%| O|  |TAMS 0x0000000085f00000, 0x0000000085e00000| Untracked 
|  95|0x0000000085f00000, 0x0000000086000000, 0x0000000086000000|100%| O|  |TAMS 0x0000000086000000, 0x0000000085f00000| Untracked 
|  96|0x0000000086000000, 0x0000000086100000, 0x0000000086100000|100%| O|  |TAMS 0x0000000086100000, 0x0000000086000000| Untracked 
|  97|0x0000000086100000, 0x0000000086200000, 0x0000000086200000|100%| O|  |TAMS 0x0000000086200000, 0x0000000086100000| Untracked 
|  98|0x0000000086200000, 0x0000000086300000, 0x0000000086300000|100%| O|  |TAMS 0x0000000086300000, 0x0000000086200000| Untracked 
|  99|0x0000000086300000, 0x0000000086400000, 0x0000000086400000|100%|HS|  |TAMS 0x0000000086400000, 0x0000000086300000| Complete 
| 100|0x0000000086400000, 0x0000000086500000, 0x0000000086500000|100%|HC|  |TAMS 0x0000000086500000, 0x0000000086400000| Complete 
| 101|0x0000000086500000, 0x0000000086600000, 0x0000000086600000|100%| O|  |TAMS 0x0000000086600000, 0x0000000086500000| Untracked 
| 102|0x0000000086600000, 0x0000000086700000, 0x0000000086700000|100%| O|  |TAMS 0x0000000086700000, 0x0000000086600000| Untracked 
| 103|0x0000000086700000, 0x0000000086800000, 0x0000000086800000|100%|HS|  |TAMS 0x0000000086800000, 0x0000000086700000| Complete 
| 104|0x0000000086800000, 0x0000000086900000, 0x0000000086900000|100%| O|  |TAMS 0x0000000086900000, 0x0000000086800000| Untracked 
| 105|0x0000000086900000, 0x0000000086a00000, 0x0000000086a00000|100%| O|  |TAMS 0x0000000086a00000, 0x0000000086900000| Untracked 
| 106|0x0000000086a00000, 0x0000000086b00000, 0x0000000086b00000|100%| O|  |TAMS 0x0000000086b00000, 0x0000000086a00000| Untracked 
| 107|0x0000000086b00000, 0x0000000086c00000, 0x0000000086c00000|100%| O|  |TAMS 0x0000000086c00000, 0x0000000086b00000| Untracked 
| 108|0x0000000086c00000, 0x0000000086d00000, 0x0000000086d00000|100%| O|  |TAMS 0x0000000086d00000, 0x0000000086c00000| Untracked 
| 109|0x0000000086d00000, 0x0000000086e00000, 0x0000000086e00000|100%| O|  |TAMS 0x0000000086e00000, 0x0000000086d00000| Untracked 
| 110|0x0000000086e00000, 0x0000000086f00000, 0x0000000086f00000|100%| O|  |TAMS 0x0000000086f00000, 0x0000000086e00000| Untracked 
| 111|0x0000000086f00000, 0x0000000087000000, 0x0000000087000000|100%| O|  |TAMS 0x0000000087000000, 0x0000000086f00000| Untracked 
| 112|0x0000000087000000, 0x0000000087100000, 0x0000000087100000|100%| O|  |TAMS 0x0000000087100000, 0x0000000087000000| Untracked 
| 113|0x0000000087100000, 0x0000000087200000, 0x0000000087200000|100%| O|  |TAMS 0x0000000087200000, 0x0000000087100000| Untracked 
| 114|0x0000000087200000, 0x0000000087300000, 0x0000000087300000|100%| O|  |TAMS 0x0000000087300000, 0x0000000087200000| Untracked 
| 115|0x0000000087300000, 0x0000000087400000, 0x0000000087400000|100%| O|  |TAMS 0x0000000087300000, 0x0000000087300000| Untracked 
| 116|0x0000000087400000, 0x0000000087500000, 0x0000000087500000|100%| O|  |TAMS 0x0000000087400000, 0x0000000087400000| Untracked 
| 117|0x0000000087500000, 0x0000000087600000, 0x0000000087600000|100%| O|  |TAMS 0x0000000087500000, 0x0000000087500000| Untracked 
| 118|0x0000000087600000, 0x0000000087700000, 0x0000000087700000|100%| O|  |TAMS 0x0000000087600000, 0x0000000087600000| Untracked 
| 119|0x0000000087700000, 0x0000000087800000, 0x0000000087800000|100%| O|  |TAMS 0x0000000087700000, 0x0000000087700000| Untracked 
| 120|0x0000000087800000, 0x0000000087900000, 0x0000000087900000|100%| O|  |TAMS 0x0000000087800000, 0x0000000087800000| Untracked 
| 121|0x0000000087900000, 0x00000000879e3600, 0x0000000087a00000| 88%| O|  |TAMS 0x0000000087900000, 0x0000000087900000| Untracked 
| 122|0x0000000087a00000, 0x0000000087a00000, 0x0000000087b00000|  0%| F|  |TAMS 0x0000000087a00000, 0x0000000087a00000| Untracked 
| 123|0x0000000087b00000, 0x0000000087b00000, 0x0000000087c00000|  0%| F|  |TAMS 0x0000000087b00000, 0x0000000087b00000| Untracked 
| 124|0x0000000087c00000, 0x0000000087c00000, 0x0000000087d00000|  0%| F|  |TAMS 0x0000000087c00000, 0x0000000087c00000| Untracked 
| 125|0x0000000087d00000, 0x0000000087d00000, 0x0000000087e00000|  0%| F|  |TAMS 0x0000000087d00000, 0x0000000087d00000| Untracked 
| 126|0x0000000087e00000, 0x0000000087e00000, 0x0000000087f00000|  0%| F|  |TAMS 0x0000000087e00000, 0x0000000087e00000| Untracked 
| 127|0x0000000087f00000, 0x0000000087f00000, 0x0000000088000000|  0%| F|  |TAMS 0x0000000087f00000, 0x0000000087f00000| Untracked 
| 128|0x0000000088000000, 0x0000000088000000, 0x0000000088100000|  0%| F|  |TAMS 0x0000000088000000, 0x0000000088000000| Untracked 
| 129|0x0000000088100000, 0x0000000088100000, 0x0000000088200000|  0%| F|  |TAMS 0x0000000088100000, 0x0000000088100000| Untracked 
| 130|0x0000000088200000, 0x0000000088200000, 0x0000000088300000|  0%| F|  |TAMS 0x0000000088200000, 0x0000000088200000| Untracked 
| 131|0x0000000088300000, 0x0000000088300000, 0x0000000088400000|  0%| F|  |TAMS 0x0000000088300000, 0x0000000088300000| Untracked 
| 132|0x0000000088400000, 0x0000000088400000, 0x0000000088500000|  0%| F|  |TAMS 0x0000000088400000, 0x0000000088400000| Untracked 
| 133|0x0000000088500000, 0x0000000088500000, 0x0000000088600000|  0%| F|  |TAMS 0x0000000088500000, 0x0000000088500000| Untracked 
| 134|0x0000000088600000, 0x0000000088600000, 0x0000000088700000|  0%| F|  |TAMS 0x0000000088600000, 0x0000000088600000| Untracked 
| 135|0x0000000088700000, 0x0000000088700000, 0x0000000088800000|  0%| F|  |TAMS 0x0000000088700000, 0x0000000088700000| Untracked 
| 136|0x0000000088800000, 0x0000000088800000, 0x0000000088900000|  0%| F|  |TAMS 0x0000000088800000, 0x0000000088800000| Untracked 
| 137|0x0000000088900000, 0x0000000088900000, 0x0000000088a00000|  0%| F|  |TAMS 0x0000000088900000, 0x0000000088900000| Untracked 
| 138|0x0000000088a00000, 0x0000000088a00000, 0x0000000088b00000|  0%| F|  |TAMS 0x0000000088a00000, 0x0000000088a00000| Untracked 
| 139|0x0000000088b00000, 0x0000000088b00000, 0x0000000088c00000|  0%| F|  |TAMS 0x0000000088b00000, 0x0000000088b00000| Untracked 
| 140|0x0000000088c00000, 0x0000000088c00000, 0x0000000088d00000|  0%| F|  |TAMS 0x0000000088c00000, 0x0000000088c00000| Untracked 
| 141|0x0000000088d00000, 0x0000000088d00000, 0x0000000088e00000|  0%| F|  |TAMS 0x0000000088d00000, 0x0000000088d00000| Untracked 
| 142|0x0000000088e00000, 0x0000000088e00000, 0x0000000088f00000|  0%| F|  |TAMS 0x0000000088e00000, 0x0000000088e00000| Untracked 
| 143|0x0000000088f00000, 0x0000000088f00000, 0x0000000089000000|  0%| F|  |TAMS 0x0000000088f00000, 0x0000000088f00000| Untracked 
| 144|0x0000000089000000, 0x0000000089000000, 0x0000000089100000|  0%| F|  |TAMS 0x0000000089000000, 0x0000000089000000| Untracked 
| 145|0x0000000089100000, 0x0000000089100000, 0x0000000089200000|  0%| F|  |TAMS 0x0000000089100000, 0x0000000089100000| Untracked 
| 146|0x0000000089200000, 0x0000000089200000, 0x0000000089300000|  0%| F|  |TAMS 0x0000000089200000, 0x0000000089200000| Untracked 
| 147|0x0000000089300000, 0x0000000089300000, 0x0000000089400000|  0%| F|  |TAMS 0x0000000089300000, 0x0000000089300000| Untracked 
| 148|0x0000000089400000, 0x0000000089400000, 0x0000000089500000|  0%| F|  |TAMS 0x0000000089400000, 0x0000000089400000| Untracked 
| 149|0x0000000089500000, 0x0000000089500000, 0x0000000089600000|  0%| F|  |TAMS 0x0000000089500000, 0x0000000089500000| Untracked 
| 150|0x0000000089600000, 0x0000000089600000, 0x0000000089700000|  0%| F|  |TAMS 0x0000000089600000, 0x0000000089600000| Untracked 
| 151|0x0000000089700000, 0x0000000089700000, 0x0000000089800000|  0%| F|  |TAMS 0x0000000089700000, 0x0000000089700000| Untracked 
| 152|0x0000000089800000, 0x0000000089800000, 0x0000000089900000|  0%| F|  |TAMS 0x0000000089800000, 0x0000000089800000| Untracked 
| 153|0x0000000089900000, 0x0000000089900000, 0x0000000089a00000|  0%| F|  |TAMS 0x0000000089900000, 0x0000000089900000| Untracked 
| 154|0x0000000089a00000, 0x0000000089a00000, 0x0000000089b00000|  0%| F|  |TAMS 0x0000000089a00000, 0x0000000089a00000| Untracked 
| 155|0x0000000089b00000, 0x0000000089b00000, 0x0000000089c00000|  0%| F|  |TAMS 0x0000000089b00000, 0x0000000089b00000| Untracked 
| 156|0x0000000089c00000, 0x0000000089c00000, 0x0000000089d00000|  0%| F|  |TAMS 0x0000000089c00000, 0x0000000089c00000| Untracked 
| 157|0x0000000089d00000, 0x0000000089d00000, 0x0000000089e00000|  0%| F|  |TAMS 0x0000000089d00000, 0x0000000089d00000| Untracked 
| 158|0x0000000089e00000, 0x0000000089e00000, 0x0000000089f00000|  0%| F|  |TAMS 0x0000000089e00000, 0x0000000089e00000| Untracked 
| 159|0x0000000089f00000, 0x0000000089f00000, 0x000000008a000000|  0%| F|  |TAMS 0x0000000089f00000, 0x0000000089f00000| Untracked 
| 160|0x000000008a000000, 0x000000008a000000, 0x000000008a100000|  0%| F|  |TAMS 0x000000008a000000, 0x000000008a000000| Untracked 
| 161|0x000000008a100000, 0x000000008a100000, 0x000000008a200000|  0%| F|  |TAMS 0x000000008a100000, 0x000000008a100000| Untracked 
| 162|0x000000008a200000, 0x000000008a200000, 0x000000008a300000|  0%| F|  |TAMS 0x000000008a200000, 0x000000008a200000| Untracked 
| 163|0x000000008a300000, 0x000000008a300000, 0x000000008a400000|  0%| F|  |TAMS 0x000000008a300000, 0x000000008a300000| Untracked 
| 164|0x000000008a400000, 0x000000008a400000, 0x000000008a500000|  0%| F|  |TAMS 0x000000008a400000, 0x000000008a400000| Untracked 
| 165|0x000000008a500000, 0x000000008a500000, 0x000000008a600000|  0%| F|  |TAMS 0x000000008a500000, 0x000000008a500000| Untracked 
| 166|0x000000008a600000, 0x000000008a600000, 0x000000008a700000|  0%| F|  |TAMS 0x000000008a600000, 0x000000008a600000| Untracked 
| 167|0x000000008a700000, 0x000000008a700000, 0x000000008a800000|  0%| F|  |TAMS 0x000000008a700000, 0x000000008a700000| Untracked 
| 168|0x000000008a800000, 0x000000008a83b800, 0x000000008a900000| 23%| E|  |TAMS 0x000000008a800000, 0x000000008a800000| Complete 
| 169|0x000000008a900000, 0x000000008aa00000, 0x000000008aa00000|100%| E|CS|TAMS 0x000000008a900000, 0x000000008a900000| Complete 
| 170|0x000000008aa00000, 0x000000008ab00000, 0x000000008ab00000|100%| E|CS|TAMS 0x000000008aa00000, 0x000000008aa00000| Complete 
| 171|0x000000008ab00000, 0x000000008ac00000, 0x000000008ac00000|100%| E|CS|TAMS 0x000000008ab00000, 0x000000008ab00000| Complete 
| 172|0x000000008ac00000, 0x000000008ad00000, 0x000000008ad00000|100%| E|CS|TAMS 0x000000008ac00000, 0x000000008ac00000| Complete 
| 173|0x000000008ad00000, 0x000000008ae00000, 0x000000008ae00000|100%| E|CS|TAMS 0x000000008ad00000, 0x000000008ad00000| Complete 
| 174|0x000000008ae00000, 0x000000008af00000, 0x000000008af00000|100%| E|CS|TAMS 0x000000008ae00000, 0x000000008ae00000| Complete 
| 175|0x000000008af00000, 0x000000008b000000, 0x000000008b000000|100%| E|CS|TAMS 0x000000008af00000, 0x000000008af00000| Complete 
| 176|0x000000008b000000, 0x000000008b100000, 0x000000008b100000|100%| E|CS|TAMS 0x000000008b000000, 0x000000008b000000| Complete 
| 177|0x000000008b100000, 0x000000008b200000, 0x000000008b200000|100%| E|CS|TAMS 0x000000008b100000, 0x000000008b100000| Complete 
| 178|0x000000008b200000, 0x000000008b300000, 0x000000008b300000|100%| E|CS|TAMS 0x000000008b200000, 0x000000008b200000| Complete 
| 179|0x000000008b300000, 0x000000008b400000, 0x000000008b400000|100%| E|CS|TAMS 0x000000008b300000, 0x000000008b300000| Complete 
| 180|0x000000008b400000, 0x000000008b500000, 0x000000008b500000|100%| E|CS|TAMS 0x000000008b400000, 0x000000008b400000| Complete 
| 181|0x000000008b500000, 0x000000008b600000, 0x000000008b600000|100%| E|CS|TAMS 0x000000008b500000, 0x000000008b500000| Complete 
| 182|0x000000008b600000, 0x000000008b700000, 0x000000008b700000|100%| E|CS|TAMS 0x000000008b600000, 0x000000008b600000| Complete 
| 183|0x000000008b700000, 0x000000008b800000, 0x000000008b800000|100%| E|CS|TAMS 0x000000008b700000, 0x000000008b700000| Complete 
| 184|0x000000008b800000, 0x000000008b900000, 0x000000008b900000|100%| E|  |TAMS 0x000000008b800000, 0x000000008b800000| Complete 
| 185|0x000000008b900000, 0x000000008ba00000, 0x000000008ba00000|100%| E|CS|TAMS 0x000000008b900000, 0x000000008b900000| Complete 
| 186|0x000000008ba00000, 0x000000008bb00000, 0x000000008bb00000|100%| E|CS|TAMS 0x000000008ba00000, 0x000000008ba00000| Complete 
| 187|0x000000008bb00000, 0x000000008bc00000, 0x000000008bc00000|100%| E|CS|TAMS 0x000000008bb00000, 0x000000008bb00000| Complete 
| 188|0x000000008bc00000, 0x000000008bd00000, 0x000000008bd00000|100%| E|CS|TAMS 0x000000008bc00000, 0x000000008bc00000| Complete 
| 189|0x000000008bd00000, 0x000000008be00000, 0x000000008be00000|100%| E|CS|TAMS 0x000000008bd00000, 0x000000008bd00000| Complete 
| 190|0x000000008be00000, 0x000000008bf00000, 0x000000008bf00000|100%| E|CS|TAMS 0x000000008be00000, 0x000000008be00000| Complete 
| 191|0x000000008bf00000, 0x000000008c000000, 0x000000008c000000|100%| E|CS|TAMS 0x000000008bf00000, 0x000000008bf00000| Complete 
| 192|0x000000008c000000, 0x000000008c100000, 0x000000008c100000|100%| E|CS|TAMS 0x000000008c000000, 0x000000008c000000| Complete 
| 193|0x000000008c100000, 0x000000008c200000, 0x000000008c200000|100%| E|CS|TAMS 0x000000008c100000, 0x000000008c100000| Complete 
| 194|0x000000008c200000, 0x000000008c300000, 0x000000008c300000|100%| E|CS|TAMS 0x000000008c200000, 0x000000008c200000| Complete 
| 195|0x000000008c300000, 0x000000008c400000, 0x000000008c400000|100%| E|CS|TAMS 0x000000008c300000, 0x000000008c300000| Complete 
| 196|0x000000008c400000, 0x000000008c500000, 0x000000008c500000|100%| E|CS|TAMS 0x000000008c400000, 0x000000008c400000| Complete 
| 197|0x000000008c500000, 0x000000008c600000, 0x000000008c600000|100%| E|CS|TAMS 0x000000008c500000, 0x000000008c500000| Complete 
| 198|0x000000008c600000, 0x000000008c700000, 0x000000008c700000|100%| E|CS|TAMS 0x000000008c600000, 0x000000008c600000| Complete 
| 199|0x000000008c700000, 0x000000008c800000, 0x000000008c800000|100%| E|CS|TAMS 0x000000008c700000, 0x000000008c700000| Complete 
| 200|0x000000008c800000, 0x000000008c900000, 0x000000008c900000|100%| E|CS|TAMS 0x000000008c800000, 0x000000008c800000| Complete 
| 201|0x000000008c900000, 0x000000008ca00000, 0x000000008ca00000|100%| E|CS|TAMS 0x000000008c900000, 0x000000008c900000| Complete 
| 202|0x000000008ca00000, 0x000000008cb00000, 0x000000008cb00000|100%| E|CS|TAMS 0x000000008ca00000, 0x000000008ca00000| Complete 
| 203|0x000000008cb00000, 0x000000008cc00000, 0x000000008cc00000|100%| E|CS|TAMS 0x000000008cb00000, 0x000000008cb00000| Complete 
| 204|0x000000008cc00000, 0x000000008cd00000, 0x000000008cd00000|100%| E|CS|TAMS 0x000000008cc00000, 0x000000008cc00000| Complete 
| 205|0x000000008cd00000, 0x000000008ce00000, 0x000000008ce00000|100%| E|CS|TAMS 0x000000008cd00000, 0x000000008cd00000| Complete 
| 206|0x000000008ce00000, 0x000000008cf00000, 0x000000008cf00000|100%| E|CS|TAMS 0x000000008ce00000, 0x000000008ce00000| Complete 
| 207|0x000000008cf00000, 0x000000008d000000, 0x000000008d000000|100%| E|CS|TAMS 0x000000008cf00000, 0x000000008cf00000| Complete 
| 208|0x000000008d000000, 0x000000008d100000, 0x000000008d100000|100%| E|CS|TAMS 0x000000008d000000, 0x000000008d000000| Complete 
| 209|0x000000008d100000, 0x000000008d200000, 0x000000008d200000|100%| E|CS|TAMS 0x000000008d100000, 0x000000008d100000| Complete 
| 210|0x000000008d200000, 0x000000008d300000, 0x000000008d300000|100%| E|CS|TAMS 0x000000008d200000, 0x000000008d200000| Complete 
| 211|0x000000008d300000, 0x000000008d400000, 0x000000008d400000|100%| E|CS|TAMS 0x000000008d300000, 0x000000008d300000| Complete 
| 212|0x000000008d400000, 0x000000008d500000, 0x000000008d500000|100%| E|CS|TAMS 0x000000008d400000, 0x000000008d400000| Complete 
| 213|0x000000008d500000, 0x000000008d600000, 0x000000008d600000|100%| E|CS|TAMS 0x000000008d500000, 0x000000008d500000| Complete 
| 214|0x000000008d600000, 0x000000008d700000, 0x000000008d700000|100%| E|CS|TAMS 0x000000008d600000, 0x000000008d600000| Complete 
| 215|0x000000008d700000, 0x000000008d800000, 0x000000008d800000|100%| E|CS|TAMS 0x000000008d700000, 0x000000008d700000| Complete 
| 216|0x000000008d800000, 0x000000008d900000, 0x000000008d900000|100%| E|CS|TAMS 0x000000008d800000, 0x000000008d800000| Complete 
| 217|0x000000008d900000, 0x000000008da00000, 0x000000008da00000|100%| E|CS|TAMS 0x000000008d900000, 0x000000008d900000| Complete 
| 218|0x000000008da00000, 0x000000008db00000, 0x000000008db00000|100%| E|CS|TAMS 0x000000008da00000, 0x000000008da00000| Complete 
| 219|0x000000008db00000, 0x000000008dc00000, 0x000000008dc00000|100%| E|CS|TAMS 0x000000008db00000, 0x000000008db00000| Complete 
| 220|0x000000008dc00000, 0x000000008dd00000, 0x000000008dd00000|100%| E|CS|TAMS 0x000000008dc00000, 0x000000008dc00000| Complete 
| 221|0x000000008dd00000, 0x000000008de00000, 0x000000008de00000|100%| E|CS|TAMS 0x000000008dd00000, 0x000000008dd00000| Complete 
| 222|0x000000008de00000, 0x000000008df00000, 0x000000008df00000|100%| E|CS|TAMS 0x000000008de00000, 0x000000008de00000| Complete 
| 223|0x000000008df00000, 0x000000008e000000, 0x000000008e000000|100%| E|CS|TAMS 0x000000008df00000, 0x000000008df00000| Complete 
| 224|0x000000008e000000, 0x000000008e100000, 0x000000008e100000|100%| E|CS|TAMS 0x000000008e000000, 0x000000008e000000| Complete 
| 225|0x000000008e100000, 0x000000008e200000, 0x000000008e200000|100%| E|CS|TAMS 0x000000008e100000, 0x000000008e100000| Complete 
| 226|0x000000008e200000, 0x000000008e300000, 0x000000008e300000|100%| E|CS|TAMS 0x000000008e200000, 0x000000008e200000| Complete 
| 227|0x000000008e300000, 0x000000008e400000, 0x000000008e400000|100%| E|CS|TAMS 0x000000008e300000, 0x000000008e300000| Complete 
| 228|0x000000008e400000, 0x000000008e500000, 0x000000008e500000|100%| E|CS|TAMS 0x000000008e400000, 0x000000008e400000| Complete 
| 229|0x000000008e500000, 0x000000008e600000, 0x000000008e600000|100%| E|CS|TAMS 0x000000008e500000, 0x000000008e500000| Complete 
| 230|0x000000008e600000, 0x000000008e700000, 0x000000008e700000|100%| E|CS|TAMS 0x000000008e600000, 0x000000008e600000| Complete 
| 231|0x000000008e700000, 0x000000008e800000, 0x000000008e800000|100%| E|CS|TAMS 0x000000008e700000, 0x000000008e700000| Complete 
| 232|0x000000008e800000, 0x000000008e900000, 0x000000008e900000|100%| E|CS|TAMS 0x000000008e800000, 0x000000008e800000| Complete 
| 233|0x000000008e900000, 0x000000008ea00000, 0x000000008ea00000|100%| E|CS|TAMS 0x000000008e900000, 0x000000008e900000| Complete 
| 234|0x000000008ea00000, 0x000000008eb00000, 0x000000008eb00000|100%| E|CS|TAMS 0x000000008ea00000, 0x000000008ea00000| Complete 
| 235|0x000000008eb00000, 0x000000008ec00000, 0x000000008ec00000|100%| E|CS|TAMS 0x000000008eb00000, 0x000000008eb00000| Complete 
| 236|0x000000008ec00000, 0x000000008ed00000, 0x000000008ed00000|100%| E|CS|TAMS 0x000000008ec00000, 0x000000008ec00000| Complete 
| 237|0x000000008ed00000, 0x000000008ee00000, 0x000000008ee00000|100%| E|CS|TAMS 0x000000008ed00000, 0x000000008ed00000| Complete 
| 238|0x000000008ee00000, 0x000000008ef00000, 0x000000008ef00000|100%| E|CS|TAMS 0x000000008ee00000, 0x000000008ee00000| Complete 
| 239|0x000000008ef00000, 0x000000008f000000, 0x000000008f000000|100%| E|CS|TAMS 0x000000008ef00000, 0x000000008ef00000| Complete 
| 240|0x000000008f000000, 0x000000008f100000, 0x000000008f100000|100%| E|CS|TAMS 0x000000008f000000, 0x000000008f000000| Complete 
| 241|0x000000008f100000, 0x000000008f200000, 0x000000008f200000|100%| E|CS|TAMS 0x000000008f100000, 0x000000008f100000| Complete 
| 242|0x000000008f200000, 0x000000008f300000, 0x000000008f300000|100%| E|CS|TAMS 0x000000008f200000, 0x000000008f200000| Complete 
| 243|0x000000008f300000, 0x000000008f3fc240, 0x000000008f400000| 98%| S|CS|TAMS 0x000000008f300000, 0x000000008f300000| Complete 
| 244|0x000000008f400000, 0x000000008f500000, 0x000000008f500000|100%| E|CS|TAMS 0x000000008f400000, 0x000000008f400000| Complete 
| 245|0x000000008f500000, 0x000000008f600000, 0x000000008f600000|100%| E|CS|TAMS 0x000000008f500000, 0x000000008f500000| Complete 
| 246|0x000000008f600000, 0x000000008f700000, 0x000000008f700000|100%| E|CS|TAMS 0x000000008f600000, 0x000000008f600000| Complete 

Card table byte_map: [0x000001d1d9db0000,0x000001d1da1b0000] _byte_map_base: 0x000001d1d99b0000

Marking Bits (Prev, Next): (CMBitMap*) 0x000001d1c1336cc0, (CMBitMap*) 0x000001d1c1336d00
 Prev Bits: [0x000001d1da5b0000, 0x000001d1dc5b0000)
 Next Bits: [0x000001d1dc5b0000, 0x000001d1de5b0000)

Polling page: 0x000001d1c13b0000

Metaspace:

Usage:
  Non-class:     81.91 MB used.
      Class:     13.44 MB used.
       Both:     95.35 MB used.

Virtual space:
  Non-class space:      128.00 MB reserved,      82.44 MB ( 64%) committed,  2 nodes.
      Class space:      416.00 MB reserved,      13.94 MB (  3%) committed,  1 nodes.
             Both:      544.00 MB reserved,      96.38 MB ( 18%) committed. 

Chunk freelists:
   Non-Class:  13.20 MB
       Class:  1.88 MB
        Both:  15.09 MB

MaxMetaspaceSize: 512.00 MB
CompressedClassSpaceSize: 416.00 MB
Initial GC threshold: 21.00 MB
Current GC threshold: 154.19 MB
CDS: on
MetaspaceReclaimPolicy: balanced
 - commit_granule_bytes: 65536.
 - commit_granule_words: 8192.
 - virtual_space_node_default_size: 8388608.
 - enlarge_chunks_in_place: 1.
 - new_chunks_are_fully_committed: 0.
 - uncommit_free_chunks: 1.
 - use_allocation_guard: 0.
 - handle_deallocations: 1.


Internal statistics:

num_allocs_failed_limit: 27.
num_arena_births: 1446.
num_arena_deaths: 0.
num_vsnodes_births: 3.
num_vsnodes_deaths: 0.
num_space_committed: 1542.
num_space_uncommitted: 0.
num_chunks_returned_to_freelist: 27.
num_chunks_taken_from_freelist: 5900.
num_chunk_merges: 27.
num_chunk_splits: 3754.
num_chunks_enlarged: 2320.
num_inconsistent_stats: 0.

CodeHeap 'non-profiled nmethods': size=120000Kb used=7193Kb max_used=7193Kb free=112806Kb
 bounds [0x000001d1d1e40000, 0x000001d1d2550000, 0x000001d1d9370000]
CodeHeap 'profiled nmethods': size=120000Kb used=23979Kb max_used=23979Kb free=96020Kb
 bounds [0x000001d1ca370000, 0x000001d1cbae0000, 0x000001d1d18a0000]
CodeHeap 'non-nmethods': size=5760Kb used=2422Kb max_used=2472Kb free=3337Kb
 bounds [0x000001d1d18a0000, 0x000001d1d1b30000, 0x000001d1d1e40000]
 total_blobs=13065 nmethods=12108 adapters=869
 compilation: enabled
              stopped_count=0, restarted_count=0
 full_count=0

Compilation events (20 events):
Event: 57.819 Thread 0x000001d1e0bfedc0 13930       3       org.gradle.api.internal.initialization.transform.utils.InstrumentationClasspathMerger$OriginalArtifactIdentifier::hashCode (22 bytes)
Event: 57.819 Thread 0x000001d1e0bfedc0 nmethod 13930 0x000001d1cbacc890 code [0x000001d1cbacca60, 0x000001d1cbaccfa8]
Event: 57.848 Thread 0x000001d1e0bfedc0 13933       3       org.gradle.internal.snapshot.impl.FileSystemSnapshotFilter::filterSnapshot (94 bytes)
Event: 57.850 Thread 0x000001d1e0bfedc0 nmethod 13933 0x000001d1cbacd110 code [0x000001d1cbacd440, 0x000001d1cbacec48]
Event: 57.880 Thread 0x000001d1e0bfedc0 13934       3       org.gradle.internal.snapshot.VfsRelativePath::getAsString (12 bytes)
Event: 57.880 Thread 0x000001d1e0bfedc0 nmethod 13934 0x000001d1cbacf390 code [0x000001d1cbacf540, 0x000001d1cbacf7e8]
Event: 57.983 Thread 0x000001d1e0bfedc0 13936       3       org.gradle.api.internal.file.IdentityFileResolver::doResolve (61 bytes)
Event: 57.985 Thread 0x000001d1e0bfedc0 nmethod 13936 0x000001d1cbacf990 code [0x000001d1cbacfd00, 0x000001d1cbad1438]
Event: 57.985 Thread 0x000001d1e0bfedc0 13937       3       org.gradle.internal.fingerprint.impl.NameOnlyFingerprintingStrategy$1::visitAcceptedEntry (105 bytes)
Event: 57.986 Thread 0x000001d1e0bfedc0 nmethod 13937 0x000001d1cbad1b90 code [0x000001d1cbad1de0, 0x000001d1cbad2a48]
Event: 57.988 Thread 0x000001d1e0bfedc0 13938       3       org.gradle.api.internal.artifacts.transform.TransformingAsyncArtifactListener$TransformedArtifact$$Lambda$956/0x000001d1e264b650::apply (12 bytes)
Event: 57.989 Thread 0x000001d1e0bfedc0 nmethod 13938 0x000001d1cbad2e10 code [0x000001d1cbad2fe0, 0x000001d1cbad32e8]
Event: 57.989 Thread 0x000001d1e0bfedc0 13939       3       org.gradle.api.internal.artifacts.transform.TransformingAsyncArtifactListener$TransformedArtifact::lambda$createInvocation$0 (14 bytes)
Event: 57.989 Thread 0x000001d1e0bfedc0 nmethod 13939 0x000001d1cbad3410 code [0x000001d1cbad35c0, 0x000001d1cbad3728]
Event: 57.990 Thread 0x000001d1e0bfedc0 13940       3       org.gradle.api.internal.artifacts.ivyservice.resolveengine.artifact.ArtifactVisitor::prepareForVisit (4 bytes)
Event: 57.991 Thread 0x000001d1e0bfedc0 nmethod 13940 0x000001d1cbad3810 code [0x000001d1cbad39a0, 0x000001d1cbad3ab8]
Event: 58.061 Thread 0x000001d1e0bfedc0 13943       3       com.google.common.collect.CollectCollectors$$Lambda$209/0x000001d1e2244000::get (4 bytes)
Event: 58.062 Thread 0x000001d1e0bfedc0 nmethod 13943 0x000001d1cbad3b90 code [0x000001d1cbad3d60, 0x000001d1cbad41b8]
Event: 58.062 Thread 0x000001d1e0bfedc0 13944       3       org.gradle.internal.execution.impl.DefaultFileNormalizationSpec::from (11 bytes)
Event: 58.062 Thread 0x000001d1e0bfedc0 nmethod 13944 0x000001d1cbad4310 code [0x000001d1cbad44c0, 0x000001d1cbad47d8]

GC Heap History (20 events):
Event: 42.685 GC heap before
{Heap before GC invocations=38 (full 0):
 garbage-first heap   total 203776K, used 160498K [0x0000000080000000, 0x0000000100000000)
  region size 1024K, 83 young (84992K), 11 survivors (11264K)
 Metaspace       used 72443K, committed 73408K, reserved 491520K
  class space    used 10215K, committed 10688K, reserved 425984K
}
Event: 42.723 GC heap after
{Heap after GC invocations=39 (full 0):
 garbage-first heap   total 203776K, used 89366K [0x0000000080000000, 0x0000000100000000)
  region size 1024K, 5 young (5120K), 5 survivors (5120K)
 Metaspace       used 72443K, committed 73408K, reserved 491520K
  class space    used 10215K, committed 10688K, reserved 425984K
}
Event: 44.786 GC heap before
{Heap before GC invocations=39 (full 0):
 garbage-first heap   total 203776K, used 169238K [0x0000000080000000, 0x0000000100000000)
  region size 1024K, 77 young (78848K), 5 survivors (5120K)
 Metaspace       used 72528K, committed 73472K, reserved 491520K
  class space    used 10226K, committed 10688K, reserved 425984K
}
Event: 44.797 GC heap after
{Heap after GC invocations=40 (full 0):
 garbage-first heap   total 203776K, used 100171K [0x0000000080000000, 0x0000000100000000)
  region size 1024K, 10 young (10240K), 10 survivors (10240K)
 Metaspace       used 72528K, committed 73472K, reserved 491520K
  class space    used 10226K, committed 10688K, reserved 425984K
}
Event: 47.307 GC heap before
{Heap before GC invocations=40 (full 0):
 garbage-first heap   total 203776K, used 162635K [0x0000000080000000, 0x0000000100000000)
  region size 1024K, 71 young (72704K), 10 survivors (10240K)
 Metaspace       used 77124K, committed 78016K, reserved 557056K
  class space    used 10750K, committed 11200K, reserved 425984K
}
Event: 47.359 GC heap after
{Heap after GC invocations=41 (full 0):
 garbage-first heap   total 203776K, used 104433K [0x0000000080000000, 0x0000000100000000)
  region size 1024K, 4 young (4096K), 4 survivors (4096K)
 Metaspace       used 77124K, committed 78016K, reserved 557056K
  class space    used 10750K, committed 11200K, reserved 425984K
}
Event: 49.137 GC heap before
{Heap before GC invocations=41 (full 0):
 garbage-first heap   total 203776K, used 169969K [0x0000000080000000, 0x0000000100000000)
  region size 1024K, 63 young (64512K), 4 survivors (4096K)
 Metaspace       used 81276K, committed 82240K, reserved 557056K
  class space    used 11272K, committed 11712K, reserved 425984K
}
Event: 49.162 GC heap after
{Heap after GC invocations=42 (full 0):
 garbage-first heap   total 244736K, used 110073K [0x0000000080000000, 0x0000000100000000)
  region size 1024K, 8 young (8192K), 8 survivors (8192K)
 Metaspace       used 81276K, committed 82240K, reserved 557056K
  class space    used 11272K, committed 11712K, reserved 425984K
}
Event: 50.050 GC heap before
{Heap before GC invocations=42 (full 0):
 garbage-first heap   total 244736K, used 142841K [0x0000000080000000, 0x0000000100000000)
  region size 1024K, 39 young (39936K), 8 survivors (8192K)
 Metaspace       used 83329K, committed 84288K, reserved 557056K
  class space    used 11563K, committed 12032K, reserved 425984K
}
Event: 50.073 GC heap after
{Heap after GC invocations=43 (full 0):
 garbage-first heap   total 244736K, used 113241K [0x0000000080000000, 0x0000000100000000)
  region size 1024K, 7 young (7168K), 7 survivors (7168K)
 Metaspace       used 83329K, committed 84288K, reserved 557056K
  class space    used 11563K, committed 12032K, reserved 425984K
}
Event: 51.919 GC heap before
{Heap before GC invocations=44 (full 0):
 garbage-first heap   total 252928K, used 196185K [0x0000000080000000, 0x0000000100000000)
  region size 1024K, 88 young (90112K), 7 survivors (7168K)
 Metaspace       used 86005K, committed 87040K, reserved 557056K
  class space    used 11943K, committed 12416K, reserved 425984K
}
Event: 51.956 GC heap after
{Heap after GC invocations=45 (full 0):
 garbage-first heap   total 252928K, used 118200K [0x0000000080000000, 0x0000000100000000)
  region size 1024K, 7 young (7168K), 7 survivors (7168K)
 Metaspace       used 86005K, committed 87040K, reserved 557056K
  class space    used 11943K, committed 12416K, reserved 425984K
}
Event: 52.165 GC heap before
{Heap before GC invocations=45 (full 0):
 garbage-first heap   total 252928K, used 123320K [0x0000000080000000, 0x0000000100000000)
  region size 1024K, 12 young (12288K), 7 survivors (7168K)
 Metaspace       used 86318K, committed 87360K, reserved 557056K
  class space    used 11982K, committed 12480K, reserved 425984K
}
Event: 52.186 GC heap after
{Heap after GC invocations=46 (full 0):
 garbage-first heap   total 252928K, used 116736K [0x0000000080000000, 0x0000000100000000)
  region size 1024K, 1 young (1024K), 1 survivors (1024K)
 Metaspace       used 86318K, committed 87360K, reserved 557056K
  class space    used 11982K, committed 12480K, reserved 425984K
}
Event: 54.232 GC heap before
{Heap before GC invocations=46 (full 0):
 garbage-first heap   total 252928K, used 208896K [0x0000000080000000, 0x0000000100000000)
  region size 1024K, 90 young (92160K), 1 survivors (1024K)
 Metaspace       used 91823K, committed 92864K, reserved 557056K
  class space    used 12928K, committed 13440K, reserved 425984K
}
Event: 54.244 GC heap after
{Heap after GC invocations=47 (full 0):
 garbage-first heap   total 252928K, used 118668K [0x0000000080000000, 0x0000000100000000)
  region size 1024K, 3 young (3072K), 3 survivors (3072K)
 Metaspace       used 91823K, committed 92864K, reserved 557056K
  class space    used 12928K, committed 13440K, reserved 425984K
}
Event: 56.630 GC heap before
{Heap before GC invocations=48 (full 0):
 garbage-first heap   total 252928K, used 209804K [0x0000000080000000, 0x0000000100000000)
  region size 1024K, 92 young (94208K), 3 survivors (3072K)
 Metaspace       used 96557K, committed 97600K, reserved 557056K
  class space    used 13559K, committed 14080K, reserved 425984K
}
Event: 56.644 GC heap after
{Heap after GC invocations=49 (full 0):
 garbage-first heap   total 252928K, used 124291K [0x0000000080000000, 0x0000000100000000)
  region size 1024K, 9 young (9216K), 9 survivors (9216K)
 Metaspace       used 96557K, committed 97600K, reserved 557056K
  class space    used 13559K, committed 14080K, reserved 425984K
}
Event: 56.673 GC heap before
{Heap before GC invocations=49 (full 0):
 garbage-first heap   total 252928K, used 127363K [0x0000000080000000, 0x0000000100000000)
  region size 1024K, 12 young (12288K), 9 survivors (9216K)
 Metaspace       used 96557K, committed 97600K, reserved 557056K
  class space    used 13559K, committed 14080K, reserved 425984K
}
Event: 56.715 GC heap after
{Heap after GC invocations=50 (full 0):
 garbage-first heap   total 252928K, used 123774K [0x0000000080000000, 0x0000000100000000)
  region size 1024K, 1 young (1024K), 1 survivors (1024K)
 Metaspace       used 96557K, committed 97600K, reserved 557056K
  class space    used 13559K, committed 14080K, reserved 425984K
}

Deoptimization events (20 events):
Event: 57.955 Thread 0x000001d1843a9870 DEOPT PACKING pc=0x000001d1cb89a7e0 sp=0x000000b0245fdea0
Event: 57.955 Thread 0x000001d1843a9870 DEOPT UNPACKING pc=0x000001d1d18f2b43 sp=0x000000b0245fd3a8 mode 0
Event: 57.967 Thread 0x000001d1843ada40 DEOPT PACKING pc=0x000001d1cb8c0af3 sp=0x000000b0247fd9b0
Event: 57.967 Thread 0x000001d1843ada40 DEOPT UNPACKING pc=0x000001d1d18f2b43 sp=0x000000b0247fced0 mode 0
Event: 57.974 Thread 0x000001d1815c0df0 DEOPT PACKING pc=0x000001d1cb89a7e0 sp=0x000000b0214f52d0
Event: 57.974 Thread 0x000001d1815c0df0 DEOPT UNPACKING pc=0x000001d1d18f2b43 sp=0x000000b0214f47d8 mode 0
Event: 57.981 Thread 0x000001d1815c0df0 DEOPT PACKING pc=0x000001d1cb89a7e0 sp=0x000000b0214f63f0
Event: 57.981 Thread 0x000001d1815c0df0 DEOPT UNPACKING pc=0x000001d1d18f2b43 sp=0x000000b0214f58f8 mode 0
Event: 57.982 Thread 0x000001d1815c0df0 DEOPT PACKING pc=0x000001d1cb89a7e0 sp=0x000000b0214f80d0
Event: 57.983 Thread 0x000001d1815c0df0 DEOPT UNPACKING pc=0x000001d1d18f2b43 sp=0x000000b0214f75d8 mode 0
Event: 57.983 Thread 0x000001d1815c0df0 DEOPT PACKING pc=0x000001d1cb89a7e0 sp=0x000000b0214f6940
Event: 57.983 Thread 0x000001d1815c0df0 DEOPT UNPACKING pc=0x000001d1d18f2b43 sp=0x000000b0214f5e48 mode 0
Event: 58.015 Thread 0x000001d1843a9d80 DEOPT PACKING pc=0x000001d1cb89a7e0 sp=0x000000b0246fdd40
Event: 58.015 Thread 0x000001d1843a9d80 DEOPT UNPACKING pc=0x000001d1d18f2b43 sp=0x000000b0246fd248 mode 0
Event: 58.043 Thread 0x000001d1843a8430 DEOPT PACKING pc=0x000001d1cb89a7e0 sp=0x000000b0248fc270
Event: 58.043 Thread 0x000001d1843a8430 DEOPT UNPACKING pc=0x000001d1d18f2b43 sp=0x000000b0248fb778 mode 0
Event: 58.074 Thread 0x000001d1843ab6d0 DEOPT PACKING pc=0x000001d1cb89a7e0 sp=0x000000b024afc940
Event: 58.074 Thread 0x000001d1843ab6d0 DEOPT UNPACKING pc=0x000001d1d18f2b43 sp=0x000000b024afbe48 mode 0
Event: 58.108 Thread 0x000001d1843a8430 DEOPT PACKING pc=0x000001d1cb89a7e0 sp=0x000000b0248fd100
Event: 58.108 Thread 0x000001d1843a8430 DEOPT UNPACKING pc=0x000001d1d18f2b43 sp=0x000000b0248fc608 mode 0

Classes unloaded (0 events):
No events

Classes redefined (0 events):
No events

Internal exceptions (20 events):
Event: 56.964 Thread 0x000001d1815c0df0 Exception <a 'java/lang/ClassNotFoundException'{0x000000008ea42ab0}: com/android/build/gradle/internal/dsl/LintOptionsCustomizer> (0x000000008ea42ab0) 
thrown [s\open\src\hotspot\share\classfile\systemDictionary.cpp, line 256]
Event: 56.966 Thread 0x000001d1815c0df0 Exception <a 'java/lang/ClassNotFoundException'{0x000000008ea8f030}: com/android/build/gradle/internal/dsl/LintOptions_DecoratedCustomizer> (0x000000008ea8f030) 
thrown [s\open\src\hotspot\share\classfile\systemDictionary.cpp, line 256]
Event: 56.986 Thread 0x000001d1815c0df0 Exception <a 'java/lang/ClassNotFoundException'{0x000000008e939b68}: com/android/build/gradle/internal/api/DefaultAndroidSourceSet_DecoratedBeanInfo> (0x000000008e939b68) 
thrown [s\open\src\hotspot\share\classfile\systemDictionary.cpp, line 256]
Event: 56.987 Thread 0x000001d1815c0df0 Exception <a 'java/lang/ClassNotFoundException'{0x000000008e94b130}: com/android/build/gradle/internal/api/DefaultAndroidSourceSetBeanInfo> (0x000000008e94b130) 
thrown [s\open\src\hotspot\share\classfile\systemDictionary.cpp, line 256]
Event: 56.987 Thread 0x000001d1815c0df0 Exception <a 'java/lang/ClassNotFoundException'{0x000000008e95c788}: com/android/build/gradle/internal/api/DefaultAndroidSourceSetCustomizer> (0x000000008e95c788) 
thrown [s\open\src\hotspot\share\classfile\systemDictionary.cpp, line 256]
Event: 56.992 Thread 0x000001d1815c0df0 Exception <a 'java/lang/ClassNotFoundException'{0x000000008e9c6b28}: com/android/build/gradle/internal/api/DefaultAndroidSourceSet_DecoratedCustomizer> (0x000000008e9c6b28) 
thrown [s\open\src\hotspot\share\classfile\systemDictionary.cpp, line 256]
Event: 57.007 Thread 0x000001d1815c0df0 Exception <a 'java/lang/ClassNotFoundException'{0x000000008e845a08}: com/android/build/gradle/internal/api/DefaultAndroidSourceDirectorySetBeanInfo> (0x000000008e845a08) 
thrown [s\open\src\hotspot\share\classfile\systemDictionary.cpp, line 256]
Event: 57.011 Thread 0x000001d1815c0df0 Exception <a 'java/lang/ClassNotFoundException'{0x000000008e8559f0}: com/android/build/gradle/internal/api/DefaultAndroidSourceDirectorySetCustomizer> (0x000000008e8559f0) 
thrown [s\open\src\hotspot\share\classfile\systemDictionary.cpp, line 256]
Event: 57.022 Thread 0x000001d1815c0df0 Exception <a 'java/lang/ClassNotFoundException'{0x000000008e7715c8}: com/google/common/collect/SingletonImmutableSetBeanInfo> (0x000000008e7715c8) 
thrown [s\open\src\hotspot\share\classfile\systemDictionary.cpp, line 256]
Event: 57.024 Thread 0x000001d1815c0df0 Exception <a 'java/lang/ClassNotFoundException'{0x000000008e77fd40}: com/google/common/collect/ImmutableSetBeanInfo> (0x000000008e77fd40) 
thrown [s\open\src\hotspot\share\classfile\systemDictionary.cpp, line 256]
Event: 57.025 Thread 0x000001d1815c0df0 Exception <a 'java/lang/ClassNotFoundException'{0x000000008e78e800}: com/google/common/collect/ImmutableCollectionBeanInfo> (0x000000008e78e800) 
thrown [s\open\src\hotspot\share\classfile\systemDictionary.cpp, line 256]
Event: 57.027 Thread 0x000001d1815c0df0 Exception <a 'java/lang/ClassNotFoundException'{0x000000008e79d338}: com/google/common/collect/ImmutableCollectionCustomizer> (0x000000008e79d338) 
thrown [s\open\src\hotspot\share\classfile\systemDictionary.cpp, line 256]
Event: 57.051 Thread 0x000001d1815c0df0 Exception <a 'java/lang/ClassNotFoundException'{0x000000008e7ec7f8}: com/google/common/collect/ImmutableSetCustomizer> (0x000000008e7ec7f8) 
thrown [s\open\src\hotspot\share\classfile\systemDictionary.cpp, line 256]
Event: 57.054 Thread 0x000001d1815c0df0 Exception <a 'java/lang/ClassNotFoundException'{0x000000008e612cf0}: com/google/common/collect/SingletonImmutableSetCustomizer> (0x000000008e612cf0) 
thrown [s\open\src\hotspot\share\classfile\systemDictionary.cpp, line 256]
Event: 57.428 Thread 0x000001d1815c0df0 Exception <a 'java/lang/ClassNotFoundException'{0x000000008d701548}: com/android/build/gradle/internal/api/LibraryVariantOutputImpl_DecoratedBeanInfo> (0x000000008d701548) 
thrown [s\open\src\hotspot\share\classfile\systemDictionary.cpp, line 256]
Event: 57.430 Thread 0x000001d1815c0df0 Exception <a 'java/lang/ClassNotFoundException'{0x000000008d70e858}: com/android/build/gradle/internal/api/LibraryVariantOutputImplBeanInfo> (0x000000008d70e858) 
thrown [s\open\src\hotspot\share\classfile\systemDictionary.cpp, line 256]
Event: 57.431 Thread 0x000001d1815c0df0 Exception <a 'java/lang/ClassNotFoundException'{0x000000008d71bbd8}: com/android/build/gradle/internal/api/LibraryVariantOutputImplCustomizer> (0x000000008d71bbd8) 
thrown [s\open\src\hotspot\share\classfile\systemDictionary.cpp, line 256]
Event: 57.431 Thread 0x000001d1815c0df0 Exception <a 'java/lang/ClassNotFoundException'{0x000000008d731fb0}: com/android/build/gradle/internal/api/LibraryVariantOutputImpl_DecoratedCustomizer> (0x000000008d731fb0) 
thrown [s\open\src\hotspot\share\classfile\systemDictionary.cpp, line 256]
Event: 57.478 Thread 0x000001d1815c0df0 Exception <a 'java/lang/ClassNotFoundException'{0x000000008d6e4680}: build_5fzepdlc4y4i1ahw2o3uifijeBeanInfo> (0x000000008d6e4680) 
thrown [s\open\src\hotspot\share\classfile\systemDictionary.cpp, line 256]
Event: 57.478 Thread 0x000001d1815c0df0 Exception <a 'java/lang/ClassNotFoundException'{0x000000008d6eb838}: build_5fzepdlc4y4i1ahw2o3uifijeCustomizer> (0x000000008d6eb838) 
thrown [s\open\src\hotspot\share\classfile\systemDictionary.cpp, line 256]

VM Operations (20 events):
Event: 54.231 Executing VM operation: G1CollectForAllocation
Event: 54.244 Executing VM operation: G1CollectForAllocation done
Event: 54.366 Executing VM operation: HandshakeAllThreads
Event: 54.367 Executing VM operation: HandshakeAllThreads done
Event: 54.372 Executing VM operation: HandshakeAllThreads
Event: 54.372 Executing VM operation: HandshakeAllThreads done
Event: 55.135 Executing VM operation: G1Concurrent
Event: 55.143 Executing VM operation: G1Concurrent done
Event: 55.270 Executing VM operation: G1Concurrent
Event: 55.270 Executing VM operation: G1Concurrent done
Event: 56.282 Executing VM operation: Cleanup
Event: 56.282 Executing VM operation: Cleanup done
Event: 56.515 Executing VM operation: HandshakeAllThreads
Event: 56.515 Executing VM operation: HandshakeAllThreads done
Event: 56.630 Executing VM operation: G1CollectForAllocation
Event: 56.644 Executing VM operation: G1CollectForAllocation done
Event: 56.673 Executing VM operation: G1CollectForAllocation
Event: 56.718 Executing VM operation: G1CollectForAllocation done
Event: 57.728 Executing VM operation: Cleanup
Event: 57.732 Executing VM operation: Cleanup done

Events (20 events):
Event: 56.793 loading class java/util/ArrayListCustomizer
Event: 56.793 loading class java/util/ArrayListCustomizer done
Event: 56.878 loading class java/lang/BooleanBeanInfo
Event: 56.878 loading class java/lang/BooleanBeanInfo done
Event: 56.879 loading class java/lang/BooleanBeanInfo
Event: 56.879 loading class java/lang/BooleanBeanInfo done
Event: 56.880 loading class java/lang/BooleanCustomizer
Event: 56.880 loading class java/lang/BooleanCustomizer done
Event: 56.880 loading class java/lang/BooleanCustomizer
Event: 56.880 loading class java/lang/BooleanCustomizer done
Event: 56.880 loading class jdk/internal/ValueBased
Event: 56.880 loading class jdk/internal/ValueBased done
Event: 56.927 loading class java/lang/EnumBeanInfo
Event: 56.927 loading class java/lang/EnumBeanInfo done
Event: 56.928 loading class java/lang/EnumBeanInfo
Event: 56.928 loading class java/lang/EnumBeanInfo done
Event: 56.928 loading class java/lang/EnumCustomizer
Event: 56.928 loading class java/lang/EnumCustomizer done
Event: 56.929 loading class java/lang/EnumCustomizer
Event: 56.929 loading class java/lang/EnumCustomizer done


Dynamic libraries:
0x00007ff7d3460000 - 0x00007ff7d3470000 	C:\Program Files\Java\jdk-17\bin\java.exe
0x00007ffc4e650000 - 0x00007ffc4e848000 	C:\WINDOWS\SYSTEM32\ntdll.dll
0x00007ffc4e540000 - 0x00007ffc4e602000 	C:\WINDOWS\System32\KERNEL32.DLL
0x00007ffc4c0a0000 - 0x00007ffc4c39e000 	C:\WINDOWS\System32\KERNELBASE.dll
0x00007ffc4c570000 - 0x00007ffc4c670000 	C:\WINDOWS\System32\ucrtbase.dll
0x00007ffc45fb0000 - 0x00007ffc45fcb000 	C:\Program Files\Java\jdk-17\bin\VCRUNTIME140.dll
0x00007ffc38910000 - 0x00007ffc38929000 	C:\Program Files\Java\jdk-17\bin\jli.dll
0x00007ffc4dfb0000 - 0x00007ffc4e062000 	C:\WINDOWS\System32\ADVAPI32.dll
0x00007ffc4dcd0000 - 0x00007ffc4dd6e000 	C:\WINDOWS\System32\msvcrt.dll
0x00007ffc4d350000 - 0x00007ffc4d3f0000 	C:\WINDOWS\System32\sechost.dll
0x00007ffc4c790000 - 0x00007ffc4c8b3000 	C:\WINDOWS\System32\RPCRT4.dll
0x00007ffc4c3d0000 - 0x00007ffc4c3f7000 	C:\WINDOWS\System32\bcrypt.dll
0x00007ffc4e3a0000 - 0x00007ffc4e53d000 	C:\WINDOWS\System32\USER32.dll
0x00007ffc35860000 - 0x00007ffc35afa000 	C:\WINDOWS\WinSxS\amd64_microsoft.windows.common-controls_6595b64144ccf1df_6.0.19041.4355_none_60b8b9eb71f62e16\COMCTL32.dll
0x00007ffc4c3a0000 - 0x00007ffc4c3c2000 	C:\WINDOWS\System32\win32u.dll
0x00007ffc4e070000 - 0x00007ffc4e09b000 	C:\WINDOWS\System32\GDI32.dll
0x00007ffc4c400000 - 0x00007ffc4c517000 	C:\WINDOWS\System32\gdi32full.dll
0x00007ffc4bd60000 - 0x00007ffc4bdfd000 	C:\WINDOWS\System32\msvcp_win.dll
0x00007ffc402b0000 - 0x00007ffc402ba000 	C:\WINDOWS\SYSTEM32\VERSION.dll
0x00007ffc4c670000 - 0x00007ffc4c69f000 	C:\WINDOWS\System32\IMM32.DLL
0x00007ffc38900000 - 0x00007ffc3890c000 	C:\Program Files\Java\jdk-17\bin\vcruntime140_1.dll
0x00007ffc0c350000 - 0x00007ffc0c3de000 	C:\Program Files\Java\jdk-17\bin\msvcp140.dll
0x00007ffc00a60000 - 0x00007ffc01640000 	C:\Program Files\Java\jdk-17\bin\server\jvm.dll
0x00007ffc4c6a0000 - 0x00007ffc4c6a8000 	C:\WINDOWS\System32\PSAPI.DLL
0x00007ffc38140000 - 0x00007ffc38149000 	C:\WINDOWS\SYSTEM32\WSOCK32.dll
0x00007ffc3b000000 - 0x00007ffc3b027000 	C:\WINDOWS\SYSTEM32\WINMM.dll
0x00007ffc4e180000 - 0x00007ffc4e1eb000 	C:\WINDOWS\System32\WS2_32.dll
0x00007ffc4a480000 - 0x00007ffc4a492000 	C:\WINDOWS\SYSTEM32\kernel.appcore.dll
0x00007ffc38210000 - 0x00007ffc3821a000 	C:\Program Files\Java\jdk-17\bin\jimage.dll
0x00007ffc3ee70000 - 0x00007ffc3f054000 	C:\WINDOWS\SYSTEM32\DBGHELP.DLL
0x00007ffc3ee30000 - 0x00007ffc3ee64000 	C:\WINDOWS\SYSTEM32\dbgcore.DLL
0x00007ffc4be00000 - 0x00007ffc4be82000 	C:\WINDOWS\System32\bcryptPrimitives.dll
0x00007ffc47c80000 - 0x00007ffc47c8e000 	C:\Program Files\Java\jdk-17\bin\instrument.dll
0x00007ffc35ba0000 - 0x00007ffc35bc5000 	C:\Program Files\Java\jdk-17\bin\java.dll
0x00007ffc0c270000 - 0x00007ffc0c347000 	C:\Program Files\Java\jdk-17\bin\jsvml.dll
0x00007ffc4cbe0000 - 0x00007ffc4d34f000 	C:\WINDOWS\System32\SHELL32.dll
0x00007ffc49890000 - 0x00007ffc4a034000 	C:\WINDOWS\SYSTEM32\windows.storage.dll
0x00007ffc4d970000 - 0x00007ffc4dcc3000 	C:\WINDOWS\System32\combase.dll
0x00007ffc4b650000 - 0x00007ffc4b67e000 	C:\WINDOWS\SYSTEM32\Wldp.dll
0x00007ffc4cb10000 - 0x00007ffc4cbdd000 	C:\WINDOWS\System32\OLEAUT32.dll
0x00007ffc4df00000 - 0x00007ffc4dfad000 	C:\WINDOWS\System32\SHCORE.dll
0x00007ffc4d8f0000 - 0x00007ffc4d945000 	C:\WINDOWS\System32\shlwapi.dll
0x00007ffc4bc20000 - 0x00007ffc4bc44000 	C:\WINDOWS\SYSTEM32\profapi.dll
0x00007ffc2fd80000 - 0x00007ffc2fd98000 	C:\Program Files\Java\jdk-17\bin\zip.dll
0x00007ffc381f0000 - 0x00007ffc38209000 	C:\Program Files\Java\jdk-17\bin\net.dll
0x00007ffc41e20000 - 0x00007ffc41f2d000 	C:\WINDOWS\SYSTEM32\WINHTTP.dll
0x00007ffc4b3b0000 - 0x00007ffc4b41a000 	C:\WINDOWS\system32\mswsock.dll
0x00007ffc35b80000 - 0x00007ffc35b96000 	C:\Program Files\Java\jdk-17\bin\nio.dll
0x00007ffc2fd70000 - 0x00007ffc2fd80000 	C:\Program Files\Java\jdk-17\bin\verify.dll
0x00007ffc2fd40000 - 0x00007ffc2fd67000 	C:\Users\ZIDANE\.gradle\native\c067742578af261105cb4f569cf0c3c89f3d7b1fecec35dd04571415982c5e48\windows-amd64\native-platform.dll
0x00007ffc1d0c0000 - 0x00007ffc1d204000 	C:\Users\ZIDANE\.gradle\native\100fb08df4bc3b14c8652ba06237920a3bd2aa13389f12d3474272988ae205f9\windows-amd64\native-platform-file-events.dll
0x00007ffc2b400000 - 0x00007ffc2b40a000 	C:\Program Files\Java\jdk-17\bin\management.dll
0x00007ffc2b3f0000 - 0x00007ffc2b3fb000 	C:\Program Files\Java\jdk-17\bin\management_ext.dll
0x00007ffc4b5a0000 - 0x00007ffc4b5b8000 	C:\WINDOWS\SYSTEM32\CRYPTSP.dll
0x00007ffc4acd0000 - 0x00007ffc4ad04000 	C:\WINDOWS\system32\rsaenh.dll
0x00007ffc4bb30000 - 0x00007ffc4bb5e000 	C:\WINDOWS\SYSTEM32\USERENV.dll
0x00007ffc4b5c0000 - 0x00007ffc4b5cc000 	C:\WINDOWS\SYSTEM32\CRYPTBASE.dll
0x00007ffc4b090000 - 0x00007ffc4b0cb000 	C:\WINDOWS\SYSTEM32\IPHLPAPI.DLL
0x00007ffc4c710000 - 0x00007ffc4c718000 	C:\WINDOWS\System32\NSI.dll
0x00007ffc40c10000 - 0x00007ffc40c27000 	C:\WINDOWS\SYSTEM32\dhcpcsvc6.DLL
0x00007ffc432f0000 - 0x00007ffc4330d000 	C:\WINDOWS\SYSTEM32\dhcpcsvc.DLL
0x00007ffc4b0d0000 - 0x00007ffc4b19a000 	C:\WINDOWS\SYSTEM32\DNSAPI.dll
0x00007ffc46300000 - 0x00007ffc4630e000 	C:\Program Files\Java\jdk-17\bin\sunmscapi.dll
0x00007ffc4be90000 - 0x00007ffc4bfec000 	C:\WINDOWS\System32\CRYPT32.dll
0x00007ffc4b6c0000 - 0x00007ffc4b6e7000 	C:\WINDOWS\SYSTEM32\ncrypt.dll
0x00007ffc4b680000 - 0x00007ffc4b6bb000 	C:\WINDOWS\SYSTEM32\NTASN1.dll
0x00007ffc37860000 - 0x00007ffc37867000 	C:\WINDOWS\system32\wshunix.dll
0x00007ffc45a10000 - 0x00007ffc45a27000 	C:\WINDOWS\system32\napinsp.dll
0x00007ffc45180000 - 0x00007ffc4519b000 	C:\WINDOWS\system32\pnrpnsp.dll
0x00007ffc48730000 - 0x00007ffc48745000 	C:\WINDOWS\system32\wshbth.dll
0x00007ffc46a20000 - 0x00007ffc46a3d000 	C:\WINDOWS\system32\NLAapi.dll
0x00007ffc45100000 - 0x00007ffc45112000 	C:\WINDOWS\System32\winrnr.dll
0x00007ffc37640000 - 0x00007ffc3764a000 	C:\Windows\System32\rasadhlp.dll
0x00007ffc3b400000 - 0x00007ffc3b480000 	C:\WINDOWS\System32\fwpuclnt.dll
0x00007ffc48650000 - 0x00007ffc486e4000 	C:\WINDOWS\system32\apphelp.dll

dbghelp: loaded successfully - version: 4.0.5 - missing functions: none
symbol engine: initialized successfully - sym options: 0x614 - pdb path: .;C:\Program Files\Java\jdk-17\bin;C:\WINDOWS\SYSTEM32;C:\WINDOWS\WinSxS\amd64_microsoft.windows.common-controls_6595b64144ccf1df_6.0.19041.4355_none_60b8b9eb71f62e16;C:\Program Files\Java\jdk-17\bin\server;C:\Users\ZIDANE\.gradle\native\c067742578af261105cb4f569cf0c3c89f3d7b1fecec35dd04571415982c5e48\windows-amd64;C:\Users\ZIDANE\.gradle\native\100fb08df4bc3b14c8652ba06237920a3bd2aa13389f12d3474272988ae205f9\windows-amd64

VM Arguments:
jvm_args: -XX:MaxMetaspaceSize=512m --add-opens=java.base/java.util=ALL-UNNAMED --add-opens=java.base/java.lang=ALL-UNNAMED --add-opens=java.base/java.lang.invoke=ALL-UNNAMED --add-opens=java.prefs/java.util.prefs=ALL-UNNAMED --add-exports=jdk.compiler/com.sun.tools.javac.api=ALL-UNNAMED --add-exports=jdk.compiler/com.sun.tools.javac.util=ALL-UNNAMED --add-opens=java.base/java.nio.charset=ALL-UNNAMED --add-opens=java.base/java.net=ALL-UNNAMED --add-opens=java.base/java.util.concurrent.atomic=ALL-UNNAMED -Xmx2048m -Dfile.encoding=utf8 -Duser.country=FR -Duser.language=fr -Duser.variant -javaagent:C:\Users\ZIDANE\.gradle\wrapper\dists\gradle-8.10.2-all\7iv73wktx1xtkvlq19urqw1wm\gradle-8.10.2\lib\agents\gradle-instrumentation-agent-8.10.2.jar 
java_command: org.gradle.launcher.daemon.bootstrap.GradleDaemon 8.10.2
java_class_path (initial): C:\Users\ZIDANE\.gradle\wrapper\dists\gradle-8.10.2-all\7iv73wktx1xtkvlq19urqw1wm\gradle-8.10.2\lib\gradle-daemon-main-8.10.2.jar
Launcher Type: SUN_STANDARD

[Global flags]
     intx CICompilerCount                          = 3                                         {product} {ergonomic}
   size_t CompressedClassSpaceSize                 = 436207616                                 {product} {ergonomic}
     uint ConcGCThreads                            = 1                                         {product} {ergonomic}
     uint G1ConcRefinementThreads                  = 4                                         {product} {ergonomic}
   size_t G1HeapRegionSize                         = 1048576                                   {product} {ergonomic}
    uintx GCDrainStackTargetSize                   = 64                                        {product} {ergonomic}
   size_t InitialHeapSize                          = 67108864                                  {product} {ergonomic}
   size_t MarkStackSize                            = 4194304                                   {product} {ergonomic}
   size_t MaxHeapSize                              = 2147483648                                {product} {command line}
   size_t MaxMetaspaceSize                         = 536870912                                 {product} {command line}
   size_t MaxNewSize                               = 1287651328                                {product} {ergonomic}
   size_t MinHeapDeltaBytes                        = 1048576                                   {product} {ergonomic}
   size_t MinHeapSize                              = 8388608                                   {product} {ergonomic}
    uintx NonNMethodCodeHeapSize                   = 5832780                                {pd product} {ergonomic}
    uintx NonProfiledCodeHeapSize                  = 122912730                              {pd product} {ergonomic}
    uintx ProfiledCodeHeapSize                     = 122912730                              {pd product} {ergonomic}
    uintx ReservedCodeCacheSize                    = 251658240                              {pd product} {ergonomic}
     bool SegmentedCodeCache                       = true                                      {product} {ergonomic}
   size_t SoftMaxHeapSize                          = 2147483648                             {manageable} {ergonomic}
     bool UseCompressedClassPointers               = true                           {product lp64_product} {ergonomic}
     bool UseCompressedOops                        = true                           {product lp64_product} {ergonomic}
     bool UseG1GC                                  = true                                      {product} {ergonomic}
     bool UseLargePagesIndividualAllocation        = false                                  {pd product} {ergonomic}

Logging:
Log output configuration:
 #0: stdout all=warning uptime,level,tags
 #1: stderr all=off uptime,level,tags

Environment Variables:
JAVA_HOME=C:\Program Files\Java\jdk-17
PATH=C:\Program Files (x86)\Common Files\Intel\Shared Libraries\redist\intel64\compiler;C:\Program Files\Common Files\Oracle\Java\javapath;C:\Program Files (x86)\Common Files\Oracle\Java\java8path;C:\Program Files (x86)\Common Files\Oracle\Java\javapath;C:\Program Files\Java\jdk-17\bin;C:\WINDOWS\system32;C:\WINDOWS;C:\WINDOWS\System32\Wbem;C:\WINDOWS\System32\WindowsPowerShell\v1.0\;C:\WINDOWS\System32\OpenSSH\;C:\Program Files\nodejs\;C:\Program Files\Git\cmd;choco;C:\ProgramData\chocolatey\bin;STM32CubeProgrammer path\bin;C:\Program Files\php-8.3.6;C:\Users\ZIDANE\Desktop\Nouveau dossier\scrcpy-win64-v2.6.1;C:\WINDOWS\system32;C:\WINDOWS;C:\WINDOWS\System32\Wbem;C:\WINDOWS\System32\WindowsPowerShell\v1.0\;C:\WINDOWS\System32\OpenSSH\;C:\Program Files\nodejs\;C:\Program Files\Git\cmd;choco;C:\ProgramData\chocolatey\bin;STM32CubeProgrammer path\bin;C:\Program Files\php-8.3.6;C:\Users\ZIDANE\AppData\Local\Android\Sdk\tools;C:\Users\ZIDANE\AppData\Local\Microsoft\WindowsApps;C:\Users\ZIDANE\AppData\Local\Programs\Microsoft VS Code\bin;C:\Users\ZIDANE\AppData\Roaming\npm;C:\Users\ZIDANE\AppData\Local\Android\Sdk\platform-tools;C:\flutter\flutter\bin;C:\Program Files\Java\jdk-17\bin;;%USERPROFILE%\AppData\Local\Microsoft\WindowsApps
USERNAME=ZIDANE
OS=Windows_NT
PROCESSOR_IDENTIFIER=Intel64 Family 6 Model 58 Stepping 9, GenuineIntel



---------------  S Y S T E M  ---------------

OS:
 Windows 10 , 64 bit Build 19041 (10.0.19041.4957)
OS uptime: 1 days 14:05 hours

CPU: total 4 (initial active 4) (2 cores per cpu, 2 threads per core) family 6 model 58 stepping 9 microcode 0x21, cx8, cmov, fxsr, ht, mmx, sse, sse2, sse3, ssse3, sse4.1, sse4.2, popcnt, tsc, tscinvbit, avx, aes, erms, clmul, vzeroupper, clflush

Memory: 4k page, system-wide physical 3999M (223M free)
TotalPageFile size 16287M (AvailPageFile size 9M)
current process WorkingSet (physical memory assigned to process): 423M, peak: 425M
current process commit charge ("private bytes"): 554M, peak: 556M

vm_info: Java HotSpot(TM) 64-Bit Server VM (17.0.12+8-LTS-286) for windows-amd64 JRE (17.0.12+8-LTS-286), built on Jun  5 2024 06:46:59 by "mach5one" with MS VC++ 17.6 (VS2022)

END.
