#
# There is insufficient memory for the Java Runtime Environment to continue.
# Native memory allocation (mmap) failed to map 196083712 bytes for G1 virtual space
# Possible reasons:
#   The system is out of physical RAM or swap space
#   The process is running with CompressedOops enabled, and the Java Heap may be blocking the growth of the native heap
# Possible solutions:
#   Reduce memory load on the system
#   Increase physical memory or swap space
#   Check if swap backing store is full
#   Decrease Java heap size (-Xmx/-Xms)
#   Decrease number of Java threads
#   Decrease Java thread stack sizes (-Xss)
#   Set larger code cache with -XX:ReservedCodeCacheSize=
#   JVM is running with Unscaled Compressed Oops mode in which the Java heap is
#     placed in the first 4GB address space. The Java Heap base address is the
#     maximum limit for the native heap growth. Please use -XX:HeapBaseMinAddress
#     to set the Java Heap base and to place the Java Heap above 4GB virtual address.
# This output file may be truncated or incomplete.
#
#  Out of Memory Error (os_windows.cpp:3548), pid=13872, tid=7372
#
# JRE version: Java(TM) SE Runtime Environment (17.0.12+8) (build 17.0.12+8-LTS-286)
# Java VM: Java HotSpot(TM) 64-Bit Server VM (17.0.12+8-LTS-286, mixed mode, sharing, tiered, compressed oops, compressed class ptrs, g1 gc, windows-amd64)
# No core dump will be written. Minidumps are not enabled by default on client versions of Windows
#

---------------  S U M M A R Y ------------

Command Line: -XX:MaxMetaspaceSize=512m --add-opens=java.base/java.util=ALL-UNNAMED --add-opens=java.base/java.lang=ALL-UNNAMED --add-opens=java.base/java.lang.invoke=ALL-UNNAMED --add-opens=java.prefs/java.util.prefs=ALL-UNNAMED --add-exports=jdk.compiler/com.sun.tools.javac.api=ALL-UNNAMED --add-exports=jdk.compiler/com.sun.tools.javac.util=ALL-UNNAMED --add-opens=java.base/java.nio.charset=ALL-UNNAMED --add-opens=java.base/java.net=ALL-UNNAMED --add-opens=java.base/java.util.concurrent.atomic=ALL-UNNAMED -Xmx2048m -Dfile.encoding=utf8 -Duser.country=FR -Duser.language=fr -Duser.variant -javaagent:C:\Users\ZIDANE\.gradle\wrapper\dists\gradle-8.10.2-all\7iv73wktx1xtkvlq19urqw1wm\gradle-8.10.2\lib\agents\gradle-instrumentation-agent-8.10.2.jar org.gradle.launcher.daemon.bootstrap.GradleDaemon 8.10.2

Host: Intel(R) Core(TM) i5-3320M CPU @ 2.60GHz, 4 cores, 3G,  Windows 10 , 64 bit Build 19041 (10.0.19041.4957)
Time: Sun Nov  3 12:56:31 2024 Afr. centrale Ouest elapsed time: 52.001269 seconds (0d 0h 0m 52s)

---------------  T H R E A D  ---------------

Current thread (0x000002b575c9b620):  VMThread "VM Thread" [stack: 0x000000bfc8500000,0x000000bfc8600000] [id=7372]

Stack: [0x000000bfc8500000,0x000000bfc8600000]
Native frames: (J=compiled Java code, j=interpreted, Vv=VM code, C=native code)
V  [jvm.dll+0x67a04a]
V  [jvm.dll+0x7da4ed]
V  [jvm.dll+0x7dbe33]
V  [jvm.dll+0x7dc4a3]
V  [jvm.dll+0x24508f]
V  [jvm.dll+0x677089]
V  [jvm.dll+0x66bd32]
V  [jvm.dll+0x301fa6]
V  [jvm.dll+0x309546]
V  [jvm.dll+0x359d2e]
V  [jvm.dll+0x359f5f]
V  [jvm.dll+0x2d9078]
V  [jvm.dll+0x2d74ad]
V  [jvm.dll+0x2d6afc]
V  [jvm.dll+0x31a65b]
V  [jvm.dll+0x7e0d9b]
V  [jvm.dll+0x7e1ad4]
V  [jvm.dll+0x7e1fed]
V  [jvm.dll+0x7e23c4]
V  [jvm.dll+0x7e2490]
V  [jvm.dll+0x78abea]
V  [jvm.dll+0x678f35]
C  [ucrtbase.dll+0x21bb2]
C  [KERNEL32.DLL+0x17374]
C  [ntdll.dll+0x4cc91]

VM_Operation (0x000000bfc9bf2f80): G1CollectForAllocation, mode: safepoint, requested by thread 0x000002b575cdb540


---------------  P R O C E S S  ---------------

Threads class SMR info:
_java_thread_list=0x000002b57f3ac190, length=91, elements={
0x000002b55837a700, 0x000002b575ca3050, 0x000002b575ca42c0, 0x000002b575cb9370,
0x000002b575cb9c40, 0x000002b575cbacb0, 0x000002b575cc1230, 0x000002b575cc35e0,
0x000002b575cc4740, 0x000002b575cdbf60, 0x000002b575cdb030, 0x000002b575cd8cc0,
0x000002b575cd91d0, 0x000002b575cda610, 0x000002b575cda100, 0x000002b575cd96e0,
0x000002b575cd9bf0, 0x000002b575cdab20, 0x000002b575cdb540, 0x000002b57a137420,
0x000002b57a1313f0, 0x000002b57a133250, 0x000002b57a136a00, 0x000002b57a134690,
0x000002b57a1364f0, 0x000002b57a134ba0, 0x000002b57a1355c0, 0x000002b57a135fe0,
0x000002b57a133760, 0x000002b57a138d70, 0x000002b57a137930, 0x000002b57a137e40,
0x000002b57a138350, 0x000002b57a138860, 0x000002b57a132d40, 0x000002b57a131e10,
0x000002b57a131900, 0x000002b57d44bfb0, 0x000002b57d44f760, 0x000002b57d450180,
0x000002b57d44e320, 0x000002b57d44fc70, 0x000002b57d44c4c0, 0x000002b57d44f250,
0x000002b57d44c9d0, 0x000002b57d450690, 0x000002b57d44d3f0, 0x000002b57d44e830,
0x000002b57d4510b0, 0x000002b57d44cee0, 0x000002b57d4515c0, 0x000002b57d44b590,
0x000002b57d44d900, 0x000002b57d451ad0, 0x000002b57d451fe0, 0x000002b51b29ded0,
0x000002b51b2a0750, 0x000002b51b2a0240, 0x000002b51b29d9c0, 0x000002b51b29e8f0,
0x000002b51b29bb60, 0x000002b51b2a1b90, 0x000002b51b29ca90, 0x000002b51b29cfa0,
0x000002b51b29b650, 0x000002b51b29e3e0, 0x000002b51b29c070, 0x000002b51b2a20a0,
0x000002b51b2a1170, 0x000002b51b29f310, 0x000002b51b29d4b0, 0x000002b51b2a0c60,
0x000002b51b29b140, 0x000002b51b2a2ac0, 0x000002b51b29c580, 0x000002b51b29ee00,
0x000002b51b29f820, 0x000002b51b2a1680, 0x000002b51b29fd30, 0x000002b57cc8d0a0,
0x000002b57cc88ed0, 0x000002b57cc8c170, 0x000002b57cc8d5b0, 0x000002b57cc8cb90,
0x000002b57cc8f410, 0x000002b57cc8ef00, 0x000002b57cc8bc60, 0x000002b57cc8dfd0,
0x000002b57cc8f920, 0x000002b57cc893e0, 0x000002b57cc8c680
}

Java Threads: ( => current thread )
  0x000002b55837a700 JavaThread "main" [_thread_blocked, id=13416, stack(0x000000bfc7f00000,0x000000bfc8000000)]
  0x000002b575ca3050 JavaThread "Reference Handler" daemon [_thread_blocked, id=1784, stack(0x000000bfc8600000,0x000000bfc8700000)]
  0x000002b575ca42c0 JavaThread "Finalizer" daemon [_thread_blocked, id=10748, stack(0x000000bfc8700000,0x000000bfc8800000)]
  0x000002b575cb9370 JavaThread "Signal Dispatcher" daemon [_thread_blocked, id=5548, stack(0x000000bfc8800000,0x000000bfc8900000)]
  0x000002b575cb9c40 JavaThread "Attach Listener" daemon [_thread_blocked, id=10988, stack(0x000000bfc8900000,0x000000bfc8a00000)]
  0x000002b575cbacb0 JavaThread "Service Thread" daemon [_thread_blocked, id=7660, stack(0x000000bfc8a00000,0x000000bfc8b00000)]
  0x000002b575cc1230 JavaThread "Monitor Deflation Thread" daemon [_thread_blocked, id=14092, stack(0x000000bfc8b00000,0x000000bfc8c00000)]
  0x000002b575cc35e0 JavaThread "C2 CompilerThread0" daemon [_thread_blocked, id=3552, stack(0x000000bfc8c00000,0x000000bfc8d00000)]
  0x000002b575cc4740 JavaThread "C1 CompilerThread0" daemon [_thread_blocked, id=9844, stack(0x000000bfc8d00000,0x000000bfc8e00000)]
  0x000002b575cdbf60 JavaThread "Sweeper thread" daemon [_thread_blocked, id=2816, stack(0x000000bfc8e00000,0x000000bfc8f00000)]
  0x000002b575cdb030 JavaThread "Common-Cleaner" daemon [_thread_blocked, id=16192, stack(0x000000bfc8f00000,0x000000bfc9000000)]
  0x000002b575cd8cc0 JavaThread "Notification Thread" daemon [_thread_blocked, id=10220, stack(0x000000bfc9000000,0x000000bfc9100000)]
  0x000002b575cd91d0 JavaThread "Daemon health stats" [_thread_blocked, id=14264, stack(0x000000bfc9500000,0x000000bfc9600000)]
  0x000002b575cda610 JavaThread "Incoming local TCP Connector on port 52251" [_thread_in_native, id=13800, stack(0x000000bfc9600000,0x000000bfc9700000)]
  0x000002b575cda100 JavaThread "Daemon periodic checks" [_thread_blocked, id=15864, stack(0x000000bfc9700000,0x000000bfc9800000)]
  0x000002b575cd96e0 JavaThread "Daemon" [_thread_blocked, id=3260, stack(0x000000bfc9800000,0x000000bfc9900000)]
  0x000002b575cd9bf0 JavaThread "Handler for socket connection from /127.0.0.1:52251 to /127.0.0.1:52252" [_thread_in_native, id=13576, stack(0x000000bfc9900000,0x000000bfc9a00000)]
  0x000002b575cdab20 JavaThread "Cancel handler" [_thread_blocked, id=10280, stack(0x000000bfc9a00000,0x000000bfc9b00000)]
  0x000002b575cdb540 JavaThread "Daemon worker" [_thread_blocked, id=14296, stack(0x000000bfc9b00000,0x000000bfc9c00000)]
  0x000002b57a137420 JavaThread "Asynchronous log dispatcher for DefaultDaemonConnection: socket connection from /127.0.0.1:52251 to /127.0.0.1:52252" [_thread_blocked, id=6312, stack(0x000000bfc9c00000,0x000000bfc9d00000)]
  0x000002b57a1313f0 JavaThread "Stdin handler" [_thread_blocked, id=9136, stack(0x000000bfc9d00000,0x000000bfc9e00000)]
  0x000002b57a133250 JavaThread "Daemon client event forwarder" [_thread_blocked, id=16136, stack(0x000000bfc9e00000,0x000000bfc9f00000)]
  0x000002b57a136a00 JavaThread "Cache worker for journal cache (C:\Users\ZIDANE\.gradle\caches\journal-1)" [_thread_blocked, id=4704, stack(0x000000bfc9f00000,0x000000bfca000000)]
  0x000002b57a134690 JavaThread "File lock request listener" [_thread_in_native, id=14968, stack(0x000000bfca000000,0x000000bfca100000)]
  0x000002b57a1364f0 JavaThread "Cache worker for file hash cache (C:\Users\ZIDANE\.gradle\caches\8.10.2\fileHashes)" [_thread_blocked, id=3088, stack(0x000000bfca100000,0x000000bfca200000)]
  0x000002b57a134ba0 JavaThread "Cache worker for file hash cache (C:\Users\ZIDANE\SILA\android\.gradle\8.10.2\fileHashes)" [_thread_blocked, id=9884, stack(0x000000bfca200000,0x000000bfca300000)]
  0x000002b57a1355c0 JavaThread "Cache worker for Build Output Cleanup Cache (C:\Users\ZIDANE\SILA\android\.gradle\buildOutputCleanup)" [_thread_blocked, id=14896, stack(0x000000bfca300000,0x000000bfca400000)]
  0x000002b57a135fe0 JavaThread "File watcher server" daemon [_thread_in_native, id=14252, stack(0x000000bfca400000,0x000000bfca500000)]
  0x000002b57a133760 JavaThread "File watcher consumer" daemon [_thread_blocked, id=17244, stack(0x000000bfca500000,0x000000bfca600000)]
  0x000002b57a138d70 JavaThread "jar transforms" [_thread_blocked, id=10260, stack(0x000000bfca600000,0x000000bfca700000)]
  0x000002b57a137930 JavaThread "jar transforms Thread 2" [_thread_blocked, id=3936, stack(0x000000bfca700000,0x000000bfca800000)]
  0x000002b57a137e40 JavaThread "jar transforms Thread 3" [_thread_blocked, id=14552, stack(0x000000bfca800000,0x000000bfca900000)]
  0x000002b57a138350 JavaThread "Cache worker for checksums cache (C:\Users\ZIDANE\SILA\android\.gradle\8.10.2\checksums)" [_thread_blocked, id=8116, stack(0x000000bfca900000,0x000000bfcaa00000)]
  0x000002b57a138860 JavaThread "Cache worker for file content cache (C:\Users\ZIDANE\.gradle\caches\8.10.2\fileContent)" [_thread_blocked, id=6776, stack(0x000000bfcaa00000,0x000000bfcab00000)]
  0x000002b57a132d40 JavaThread "Cache worker for cache directory md-rule (C:\Users\ZIDANE\.gradle\caches\8.10.2\md-rule)" [_thread_blocked, id=13228, stack(0x000000bfcab00000,0x000000bfcac00000)]
  0x000002b57a131e10 JavaThread "Cache worker for cache directory md-supplier (C:\Users\ZIDANE\.gradle\caches\8.10.2\md-supplier)" [_thread_blocked, id=13896, stack(0x000000bfcac00000,0x000000bfcad00000)]
  0x000002b57a131900 JavaThread "jar transforms Thread 4" [_thread_blocked, id=12252, stack(0x000000bfcad00000,0x000000bfcae00000)]
  0x000002b57d44bfb0 JavaThread "Cache worker for Build Output Cleanup Cache (C:\Users\ZIDANE\SILA\node_modules\@react-native\gradle-plugin\.gradle\buildOutputCleanup)" [_thread_blocked, id=11600, stack(0x000000bfcae00000,0x000000bfcaf00000)]
  0x000002b57d44f760 JavaThread "Unconstrained build operations" [_thread_blocked, id=16084, stack(0x000000bfcaf00000,0x000000bfcb000000)]
  0x000002b57d450180 JavaThread "Unconstrained build operations Thread 2" [_thread_blocked, id=5704, stack(0x000000bfcb000000,0x000000bfcb100000)]
  0x000002b57d44e320 JavaThread "Unconstrained build operations Thread 3" [_thread_blocked, id=9320, stack(0x000000bfcb100000,0x000000bfcb200000)]
  0x000002b57d44fc70 JavaThread "Unconstrained build operations Thread 4" [_thread_blocked, id=5536, stack(0x000000bfcb200000,0x000000bfcb300000)]
  0x000002b57d44c4c0 JavaThread "Unconstrained build operations Thread 5" [_thread_blocked, id=2724, stack(0x000000bfcb300000,0x000000bfcb400000)]
  0x000002b57d44f250 JavaThread "Unconstrained build operations Thread 6" [_thread_blocked, id=11256, stack(0x000000bfcb400000,0x000000bfcb500000)]
  0x000002b57d44c9d0 JavaThread "Unconstrained build operations Thread 7" [_thread_blocked, id=14936, stack(0x000000bfcb500000,0x000000bfcb600000)]
  0x000002b57d450690 JavaThread "Unconstrained build operations Thread 8" [_thread_blocked, id=13868, stack(0x000000bfcb600000,0x000000bfcb700000)]
  0x000002b57d44d3f0 JavaThread "Unconstrained build operations Thread 9" [_thread_blocked, id=2176, stack(0x000000bfcb700000,0x000000bfcb800000)]
  0x000002b57d44e830 JavaThread "Unconstrained build operations Thread 10" [_thread_blocked, id=3648, stack(0x000000bfcb800000,0x000000bfcb900000)]
  0x000002b57d4510b0 JavaThread "Unconstrained build operations Thread 11" [_thread_blocked, id=7092, stack(0x000000bfcb900000,0x000000bfcba00000)]
  0x000002b57d44cee0 JavaThread "Unconstrained build operations Thread 12" [_thread_blocked, id=9820, stack(0x000000bfcba00000,0x000000bfcbb00000)]
  0x000002b57d4515c0 JavaThread "Unconstrained build operations Thread 13" [_thread_blocked, id=7256, stack(0x000000bfcbb00000,0x000000bfcbc00000)]
  0x000002b57d44b590 JavaThread "Unconstrained build operations Thread 14" [_thread_blocked, id=16584, stack(0x000000bfcbc00000,0x000000bfcbd00000)]
  0x000002b57d44d900 JavaThread "Unconstrained build operations Thread 15" [_thread_blocked, id=10256, stack(0x000000bfcbd00000,0x000000bfcbe00000)]
  0x000002b57d451ad0 JavaThread "Memory manager" [_thread_blocked, id=12224, stack(0x000000bfcbe00000,0x000000bfcbf00000)]
  0x000002b57d451fe0 JavaThread "build event listener" [_thread_blocked, id=348, stack(0x000000bfcbf00000,0x000000bfcc000000)]
  0x000002b51b29ded0 JavaThread "ForkJoinPool.commonPool-worker-1" daemon [_thread_blocked, id=5808, stack(0x000000bfcc300000,0x000000bfcc400000)]
  0x000002b51b2a0750 JavaThread "ForkJoinPool.commonPool-worker-2" daemon [_thread_blocked, id=14128, stack(0x000000bfcc400000,0x000000bfcc500000)]
  0x000002b51b2a0240 JavaThread "ForkJoinPool.commonPool-worker-3" daemon [_thread_blocked, id=11184, stack(0x000000bfcc500000,0x000000bfcc600000)]
  0x000002b51b29d9c0 JavaThread "Exec process" daemon [_thread_blocked, id=11164, stack(0x000000bfcc600000,0x000000bfcc700000)]
  0x000002b51b29e8f0 JavaThread "Exec process Thread 2" daemon [_thread_blocked, id=16024, stack(0x000000bfcc700000,0x000000bfcc800000)]
  0x000002b51b29bb60 JavaThread "Exec process Thread 3" daemon [_thread_blocked, id=14956, stack(0x000000bfcc800000,0x000000bfcc900000)]
  0x000002b51b2a1b90 JavaThread "included builds" [_thread_blocked, id=1392, stack(0x000000bfcc200000,0x000000bfcc300000)]
  0x000002b51b29ca90 JavaThread "Execution worker" [_thread_blocked, id=13820, stack(0x000000bfcc900000,0x000000bfcca00000)]
  0x000002b51b29cfa0 JavaThread "Execution worker Thread 2" [_thread_blocked, id=6916, stack(0x000000bfcca00000,0x000000bfccb00000)]
  0x000002b51b29b650 JavaThread "Execution worker Thread 3" [_thread_blocked, id=4976, stack(0x000000bfccb00000,0x000000bfccc00000)]
  0x000002b51b29e3e0 JavaThread "Cache worker for execution history cache (C:\Users\ZIDANE\SILA\node_modules\@react-native\gradle-plugin\.gradle\8.10.2\executionHistory)" [_thread_blocked, id=16400, stack(0x000000bfccc00000,0x000000bfccd00000)]
  0x000002b51b29c070 JavaThread "Unconstrained build operations Thread 16" [_thread_blocked, id=15896, stack(0x000000bfccd00000,0x000000bfcce00000)]
  0x000002b51b2a20a0 JavaThread "Unconstrained build operations Thread 17" [_thread_blocked, id=16224, stack(0x000000bfcce00000,0x000000bfccf00000)]
  0x000002b51b2a1170 JavaThread "Unconstrained build operations Thread 18" [_thread_blocked, id=8180, stack(0x000000bfccf00000,0x000000bfcd000000)]
  0x000002b51b29f310 JavaThread "Unconstrained build operations Thread 19" [_thread_blocked, id=4320, stack(0x000000bfcd000000,0x000000bfcd100000)]
  0x000002b51b29d4b0 JavaThread "Unconstrained build operations Thread 20" [_thread_blocked, id=16232, stack(0x000000bfcd100000,0x000000bfcd200000)]
  0x000002b51b2a0c60 JavaThread "Unconstrained build operations Thread 21" [_thread_blocked, id=9308, stack(0x000000bfcd200000,0x000000bfcd300000)]
  0x000002b51b29b140 JavaThread "Unconstrained build operations Thread 22" [_thread_blocked, id=16316, stack(0x000000bfcd300000,0x000000bfcd400000)]
  0x000002b51b2a2ac0 JavaThread "Unconstrained build operations Thread 23" [_thread_blocked, id=6892, stack(0x000000bfcd400000,0x000000bfcd500000)]
  0x000002b51b29c580 JavaThread "Unconstrained build operations Thread 24" [_thread_blocked, id=8848, stack(0x000000bfcd500000,0x000000bfcd600000)]
  0x000002b51b29ee00 JavaThread "Unconstrained build operations Thread 25" [_thread_blocked, id=8956, stack(0x000000bfcd600000,0x000000bfcd700000)]
  0x000002b51b29f820 JavaThread "Unconstrained build operations Thread 26" [_thread_blocked, id=9592, stack(0x000000bfcd700000,0x000000bfcd800000)]
  0x000002b51b2a1680 JavaThread "Unconstrained build operations Thread 27" [_thread_blocked, id=656, stack(0x000000bfcd800000,0x000000bfcd900000)]
  0x000002b51b29fd30 JavaThread "Unconstrained build operations Thread 28" [_thread_blocked, id=8216, stack(0x000000bfcd900000,0x000000bfcda00000)]
  0x000002b57cc8d0a0 JavaThread "Unconstrained build operations Thread 29" [_thread_blocked, id=8572, stack(0x000000bfcda00000,0x000000bfcdb00000)]
  0x000002b57cc88ed0 JavaThread "Unconstrained build operations Thread 30" [_thread_blocked, id=4636, stack(0x000000bfcdb00000,0x000000bfcdc00000)]
  0x000002b57cc8c170 JavaThread "Unconstrained build operations Thread 31" [_thread_blocked, id=3684, stack(0x000000bfcdc00000,0x000000bfcdd00000)]
  0x000002b57cc8d5b0 JavaThread "Unconstrained build operations Thread 32" [_thread_blocked, id=5656, stack(0x000000bfcdd00000,0x000000bfcde00000)]
  0x000002b57cc8cb90 JavaThread "Unconstrained build operations Thread 33" [_thread_blocked, id=15932, stack(0x000000bfcde00000,0x000000bfcdf00000)]
  0x000002b57cc8f410 JavaThread "Unconstrained build operations Thread 34" [_thread_blocked, id=16924, stack(0x000000bfcdf00000,0x000000bfce000000)]
  0x000002b57cc8ef00 JavaThread "Unconstrained build operations Thread 35" [_thread_blocked, id=7060, stack(0x000000bfce000000,0x000000bfce100000)]
  0x000002b57cc8bc60 JavaThread "Unconstrained build operations Thread 36" [_thread_blocked, id=7452, stack(0x000000bfce100000,0x000000bfce200000)]
  0x000002b57cc8dfd0 JavaThread "Unconstrained build operations Thread 37" [_thread_blocked, id=17260, stack(0x000000bfce200000,0x000000bfce300000)]
  0x000002b57cc8f920 JavaThread "Unconstrained build operations Thread 38" [_thread_blocked, id=2056, stack(0x000000bfce300000,0x000000bfce400000)]
  0x000002b57cc893e0 JavaThread "Unconstrained build operations Thread 39" [_thread_blocked, id=5304, stack(0x000000bfce400000,0x000000bfce500000)]
  0x000002b57cc8c680 JavaThread "Unconstrained build operations Thread 40" [_thread_blocked, id=3064, stack(0x000000bfce500000,0x000000bfce600000)]

Other Threads:
=>0x000002b575c9b620 VMThread "VM Thread" [stack: 0x000000bfc8500000,0x000000bfc8600000] [id=7372]
  0x000002b57a0c11f0 WatcherThread [stack: 0x000000bfc9100000,0x000000bfc9200000] [id=3544]
  0x000002b5583d4920 GCTaskThread "GC Thread#0" [stack: 0x000000bfc8000000,0x000000bfc8100000] [id=8188]
  0x000002b57a20fc10 GCTaskThread "GC Thread#1" [stack: 0x000000bfc9200000,0x000000bfc9300000] [id=13392]
  0x000002b57a3fe680 GCTaskThread "GC Thread#2" [stack: 0x000000bfc9300000,0x000000bfc9400000] [id=6052]
  0x000002b57a6ca0d0 GCTaskThread "GC Thread#3" [stack: 0x000000bfc9400000,0x000000bfc9500000] [id=17148]
  0x000002b5583e5780 ConcurrentGCThread "G1 Main Marker" [stack: 0x000000bfc8100000,0x000000bfc8200000] [id=10232]
  0x000002b5583e6840 ConcurrentGCThread "G1 Conc#0" [stack: 0x000000bfc8200000,0x000000bfc8300000] [id=11508]
  0x000002b558432c10 ConcurrentGCThread "G1 Refine#0" [stack: 0x000000bfc8300000,0x000000bfc8400000] [id=11936]
  0x000002b558434400 ConcurrentGCThread "G1 Service" [stack: 0x000000bfc8400000,0x000000bfc8500000] [id=7848]

Threads with active compile tasks:
C2 CompilerThread0    52051 12035       4       sun.instrument.InstrumentationImpl::transform (73 bytes)
C1 CompilerThread0    52051 12058   !   3       jdk.internal.reflect.GeneratedConstructorAccessor39::newInstance (53 bytes)

VM state: at safepoint (normal execution)

VM Mutex/Monitor currently owned by a thread:  ([mutex/lock_event])
[0x000002b558377db0] Threads_lock - owner thread: 0x000002b575c9b620
[0x000002b5583782c0] Heap_lock - owner thread: 0x000002b575cdb540

Heap address: 0x0000000080000000, size: 2048 MB, Compressed Oops mode: 32-bit

CDS archive(s) mapped at: [0x000002b500000000-0x000002b500bd0000-0x000002b500bd0000), size 12386304, SharedBaseAddress: 0x000002b500000000, ArchiveRelocationMode: 1.
Compressed class space mapped at: 0x000002b501000000-0x000002b51b000000, reserved size: 436207616
Narrow klass base: 0x000002b500000000, Narrow klass shift: 0, Narrow klass range: 0x100000000

GC Precious Log:
 CPUs: 4 total, 4 available
 Memory: 3999M
 Large Page Support: Disabled
 NUMA Support: Disabled
 Compressed Oops: Enabled (32-bit)
 Heap Region Size: 1M
 Heap Min Capacity: 8M
 Heap Initial Capacity: 64M
 Heap Max Capacity: 2G
 Pre-touch: Disabled
 Parallel Workers: 4
 Concurrent Workers: 1
 Concurrent Refinement Workers: 4
 Periodic GC: Disabled

Heap:
 garbage-first heap   total 191488K, used 107527K [0x0000000080000000, 0x0000000100000000)
  region size 1024K, 2 young (2048K), 2 survivors (2048K)
 Metaspace       used 79358K, committed 80448K, reserved 557056K
  class space    used 11051K, committed 11584K, reserved 425984K

Heap Regions: E=young(eden), S=young(survivor), O=old, HS=humongous(starts), HC=humongous(continues), CS=collection set, F=free, OA=open archive, CA=closed archive, TAMS=top-at-mark-start (previous, next)
|   0|0x0000000080000000, 0x0000000080100000, 0x0000000080100000|100%|HS|  |TAMS 0x0000000080100000, 0x0000000080000000| Complete 
|   1|0x0000000080100000, 0x0000000080200000, 0x0000000080200000|100%|HC|  |TAMS 0x0000000080200000, 0x0000000080100000| Complete 
|   2|0x0000000080200000, 0x0000000080300000, 0x0000000080300000|100%|HC|  |TAMS 0x0000000080300000, 0x0000000080200000| Complete 
|   3|0x0000000080300000, 0x0000000080400000, 0x0000000080400000|100%|HC|  |TAMS 0x0000000080400000, 0x0000000080300000| Complete 
|   4|0x0000000080400000, 0x0000000080500000, 0x0000000080500000|100%| O|  |TAMS 0x0000000080500000, 0x0000000080400000| Untracked 
|   5|0x0000000080500000, 0x0000000080600000, 0x0000000080600000|100%| O|  |TAMS 0x0000000080600000, 0x0000000080500000| Untracked 
|   6|0x0000000080600000, 0x0000000080700000, 0x0000000080700000|100%| O|  |TAMS 0x0000000080700000, 0x0000000080600000| Untracked 
|   7|0x0000000080700000, 0x0000000080800000, 0x0000000080800000|100%| O|  |TAMS 0x0000000080800000, 0x0000000080700000| Untracked 
|   8|0x0000000080800000, 0x0000000080900000, 0x0000000080900000|100%|HS|  |TAMS 0x0000000080900000, 0x0000000080800000| Complete 
|   9|0x0000000080900000, 0x0000000080a00000, 0x0000000080a00000|100%| O|  |TAMS 0x0000000080a00000, 0x0000000080900000| Untracked 
|  10|0x0000000080a00000, 0x0000000080b00000, 0x0000000080b00000|100%| O|  |TAMS 0x0000000080b00000, 0x0000000080a00000| Untracked 
|  11|0x0000000080b00000, 0x0000000080c00000, 0x0000000080c00000|100%| O|  |TAMS 0x0000000080c00000, 0x0000000080b00000| Untracked 
|  12|0x0000000080c00000, 0x0000000080d00000, 0x0000000080d00000|100%| O|  |TAMS 0x0000000080d00000, 0x0000000080c00000| Untracked 
|  13|0x0000000080d00000, 0x0000000080e00000, 0x0000000080e00000|100%| O|  |TAMS 0x0000000080e00000, 0x0000000080d00000| Untracked 
|  14|0x0000000080e00000, 0x0000000080f00000, 0x0000000080f00000|100%| O|  |TAMS 0x0000000080f00000, 0x0000000080e00000| Untracked 
|  15|0x0000000080f00000, 0x0000000081000000, 0x0000000081000000|100%| O|  |TAMS 0x0000000081000000, 0x0000000080f00000| Untracked 
|  16|0x0000000081000000, 0x0000000081100000, 0x0000000081100000|100%| O|  |TAMS 0x0000000081100000, 0x0000000081000000| Untracked 
|  17|0x0000000081100000, 0x0000000081200000, 0x0000000081200000|100%| O|  |TAMS 0x0000000081200000, 0x0000000081100000| Untracked 
|  18|0x0000000081200000, 0x0000000081300000, 0x0000000081300000|100%| O|  |TAMS 0x0000000081300000, 0x0000000081200000| Untracked 
|  19|0x0000000081300000, 0x0000000081400000, 0x0000000081400000|100%| O|  |TAMS 0x0000000081400000, 0x0000000081300000| Untracked 
|  20|0x0000000081400000, 0x0000000081500000, 0x0000000081500000|100%| O|  |TAMS 0x0000000081500000, 0x0000000081400000| Untracked 
|  21|0x0000000081500000, 0x0000000081600000, 0x0000000081600000|100%| O|  |TAMS 0x0000000081600000, 0x0000000081500000| Untracked 
|  22|0x0000000081600000, 0x0000000081700000, 0x0000000081700000|100%| O|  |TAMS 0x0000000081700000, 0x0000000081600000| Untracked 
|  23|0x0000000081700000, 0x0000000081800000, 0x0000000081800000|100%| O|  |TAMS 0x0000000081800000, 0x0000000081700000| Untracked 
|  24|0x0000000081800000, 0x0000000081900000, 0x0000000081900000|100%| O|  |TAMS 0x0000000081900000, 0x0000000081800000| Untracked 
|  25|0x0000000081900000, 0x0000000081a00000, 0x0000000081a00000|100%| O|  |TAMS 0x0000000081a00000, 0x0000000081900000| Untracked 
|  26|0x0000000081a00000, 0x0000000081b00000, 0x0000000081b00000|100%| O|  |TAMS 0x0000000081b00000, 0x0000000081a00000| Untracked 
|  27|0x0000000081b00000, 0x0000000081c00000, 0x0000000081c00000|100%| O|  |TAMS 0x0000000081c00000, 0x0000000081b00000| Untracked 
|  28|0x0000000081c00000, 0x0000000081d00000, 0x0000000081d00000|100%| O|  |TAMS 0x0000000081d00000, 0x0000000081c00000| Untracked 
|  29|0x0000000081d00000, 0x0000000081e00000, 0x0000000081e00000|100%| O|  |TAMS 0x0000000081e00000, 0x0000000081d00000| Untracked 
|  30|0x0000000081e00000, 0x0000000081f00000, 0x0000000081f00000|100%| O|  |TAMS 0x0000000081f00000, 0x0000000081e00000| Untracked 
|  31|0x0000000081f00000, 0x0000000082000000, 0x0000000082000000|100%| O|  |TAMS 0x0000000082000000, 0x0000000081f00000| Untracked 
|  32|0x0000000082000000, 0x0000000082100000, 0x0000000082100000|100%| O|  |TAMS 0x0000000082100000, 0x0000000082000000| Untracked 
|  33|0x0000000082100000, 0x0000000082200000, 0x0000000082200000|100%| O|  |TAMS 0x0000000082200000, 0x0000000082100000| Untracked 
|  34|0x0000000082200000, 0x0000000082300000, 0x0000000082300000|100%| O|  |TAMS 0x0000000082300000, 0x0000000082200000| Untracked 
|  35|0x0000000082300000, 0x0000000082400000, 0x0000000082400000|100%| O|  |TAMS 0x0000000082400000, 0x0000000082300000| Untracked 
|  36|0x0000000082400000, 0x0000000082500000, 0x0000000082500000|100%| O|  |TAMS 0x0000000082500000, 0x0000000082400000| Untracked 
|  37|0x0000000082500000, 0x0000000082600000, 0x0000000082600000|100%| O|  |TAMS 0x0000000082600000, 0x0000000082500000| Untracked 
|  38|0x0000000082600000, 0x0000000082700000, 0x0000000082700000|100%| O|  |TAMS 0x0000000082700000, 0x0000000082600000| Untracked 
|  39|0x0000000082700000, 0x0000000082800000, 0x0000000082800000|100%| O|  |TAMS 0x0000000082800000, 0x0000000082700000| Untracked 
|  40|0x0000000082800000, 0x0000000082900000, 0x0000000082900000|100%| O|  |TAMS 0x0000000082900000, 0x0000000082800000| Untracked 
|  41|0x0000000082900000, 0x0000000082a00000, 0x0000000082a00000|100%| O|  |TAMS 0x0000000082a00000, 0x0000000082900000| Untracked 
|  42|0x0000000082a00000, 0x0000000082b00000, 0x0000000082b00000|100%| O|  |TAMS 0x0000000082b00000, 0x0000000082a00000| Untracked 
|  43|0x0000000082b00000, 0x0000000082c00000, 0x0000000082c00000|100%| O|  |TAMS 0x0000000082b00000, 0x0000000082b00000| Untracked 
|  44|0x0000000082c00000, 0x0000000082d00000, 0x0000000082d00000|100%| O|  |TAMS 0x0000000082d00000, 0x0000000082c00000| Untracked 
|  45|0x0000000082d00000, 0x0000000082e00000, 0x0000000082e00000|100%| O|  |TAMS 0x0000000082e00000, 0x0000000082d00000| Untracked 
|  46|0x0000000082e00000, 0x0000000082f00000, 0x0000000082f00000|100%| O|  |TAMS 0x0000000082f00000, 0x0000000082e00000| Untracked 
|  47|0x0000000082f00000, 0x0000000083000000, 0x0000000083000000|100%| O|  |TAMS 0x0000000083000000, 0x0000000082f00000| Untracked 
|  48|0x0000000083000000, 0x0000000083100000, 0x0000000083100000|100%| O|  |TAMS 0x0000000083100000, 0x0000000083000000| Untracked 
|  49|0x0000000083100000, 0x0000000083200000, 0x0000000083200000|100%| O|  |TAMS 0x0000000083200000, 0x0000000083100000| Untracked 
|  50|0x0000000083200000, 0x0000000083300000, 0x0000000083300000|100%|HS|  |TAMS 0x0000000083300000, 0x0000000083200000| Complete 
|  51|0x0000000083300000, 0x0000000083400000, 0x0000000083400000|100%|HC|  |TAMS 0x0000000083400000, 0x0000000083300000| Complete 
|  52|0x0000000083400000, 0x0000000083500000, 0x0000000083500000|100%|HS|  |TAMS 0x0000000083500000, 0x0000000083400000| Complete 
|  53|0x0000000083500000, 0x0000000083600000, 0x0000000083600000|100%|HC|  |TAMS 0x0000000083600000, 0x0000000083500000| Complete 
|  54|0x0000000083600000, 0x0000000083700000, 0x0000000083700000|100%| O|  |TAMS 0x0000000083700000, 0x0000000083600000| Untracked 
|  55|0x0000000083700000, 0x0000000083800000, 0x0000000083800000|100%| O|  |TAMS 0x0000000083700000, 0x0000000083700000| Untracked 
|  56|0x0000000083800000, 0x0000000083900000, 0x0000000083900000|100%| O|  |TAMS 0x0000000083800000, 0x0000000083800000| Untracked 
|  57|0x0000000083900000, 0x0000000083a00000, 0x0000000083a00000|100%| O|  |TAMS 0x0000000083a00000, 0x0000000083900000| Untracked 
|  58|0x0000000083a00000, 0x0000000083b00000, 0x0000000083b00000|100%| O|  |TAMS 0x0000000083b00000, 0x0000000083a00000| Untracked 
|  59|0x0000000083b00000, 0x0000000083c00000, 0x0000000083c00000|100%| O|  |TAMS 0x0000000083c00000, 0x0000000083b00000| Untracked 
|  60|0x0000000083c00000, 0x0000000083d00000, 0x0000000083d00000|100%|HS|  |TAMS 0x0000000083d00000, 0x0000000083c00000| Complete 
|  61|0x0000000083d00000, 0x0000000083e00000, 0x0000000083e00000|100%|HC|  |TAMS 0x0000000083e00000, 0x0000000083d00000| Complete 
|  62|0x0000000083e00000, 0x0000000083f00000, 0x0000000083f00000|100%|HC|  |TAMS 0x0000000083f00000, 0x0000000083e00000| Complete 
|  63|0x0000000083f00000, 0x0000000084000000, 0x0000000084000000|100%|HC|  |TAMS 0x0000000084000000, 0x0000000083f00000| Complete 
|  64|0x0000000084000000, 0x0000000084100000, 0x0000000084100000|100%|HS|  |TAMS 0x0000000084100000, 0x0000000084000000| Complete 
|  65|0x0000000084100000, 0x0000000084200000, 0x0000000084200000|100%|HC|  |TAMS 0x0000000084200000, 0x0000000084100000| Complete 
|  66|0x0000000084200000, 0x0000000084300000, 0x0000000084300000|100%|HC|  |TAMS 0x0000000084300000, 0x0000000084200000| Complete 
|  67|0x0000000084300000, 0x0000000084400000, 0x0000000084400000|100%|HC|  |TAMS 0x0000000084400000, 0x0000000084300000| Complete 
|  68|0x0000000084400000, 0x0000000084500000, 0x0000000084500000|100%| O|  |TAMS 0x0000000084500000, 0x0000000084400000| Untracked 
|  69|0x0000000084500000, 0x0000000084600000, 0x0000000084600000|100%| O|  |TAMS 0x0000000084600000, 0x0000000084500000| Untracked 
|  70|0x0000000084600000, 0x0000000084700000, 0x0000000084700000|100%| O|  |TAMS 0x0000000084700000, 0x0000000084600000| Untracked 
|  71|0x0000000084700000, 0x0000000084800000, 0x0000000084800000|100%| O|  |TAMS 0x00000000847af200, 0x0000000084700000| Untracked 
|  72|0x0000000084800000, 0x0000000084900000, 0x0000000084900000|100%| O|  |TAMS 0x0000000084800000, 0x0000000084800000| Untracked 
|  73|0x0000000084900000, 0x0000000084a00000, 0x0000000084a00000|100%| O|  |TAMS 0x0000000084900000, 0x0000000084900000| Untracked 
|  74|0x0000000084a00000, 0x0000000084b00000, 0x0000000084b00000|100%| O|  |TAMS 0x0000000084a00000, 0x0000000084a00000| Untracked 
|  75|0x0000000084b00000, 0x0000000084c00000, 0x0000000084c00000|100%| O|  |TAMS 0x0000000084b00000, 0x0000000084b00000| Untracked 
|  76|0x0000000084c00000, 0x0000000084d00000, 0x0000000084d00000|100%| O|  |TAMS 0x0000000084c00000, 0x0000000084c00000| Untracked 
|  77|0x0000000084d00000, 0x0000000084e00000, 0x0000000084e00000|100%| O|  |TAMS 0x0000000084d00000, 0x0000000084d00000| Untracked 
|  78|0x0000000084e00000, 0x0000000084f00000, 0x0000000084f00000|100%| O|  |TAMS 0x0000000084e00000, 0x0000000084e00000| Untracked 
|  79|0x0000000084f00000, 0x0000000085000000, 0x0000000085000000|100%| O|  |TAMS 0x0000000084f00000, 0x0000000084f00000| Untracked 
|  80|0x0000000085000000, 0x0000000085100000, 0x0000000085100000|100%| O|  |TAMS 0x0000000085000000, 0x0000000085000000| Untracked 
|  81|0x0000000085100000, 0x0000000085200000, 0x0000000085200000|100%| O|  |TAMS 0x0000000085100000, 0x0000000085100000| Untracked 
|  82|0x0000000085200000, 0x0000000085300000, 0x0000000085300000|100%| O|  |TAMS 0x0000000085200000, 0x0000000085200000| Untracked 
|  83|0x0000000085300000, 0x0000000085400000, 0x0000000085400000|100%| O|  |TAMS 0x0000000085300000, 0x0000000085300000| Untracked 
|  84|0x0000000085400000, 0x0000000085500000, 0x0000000085500000|100%| O|  |TAMS 0x0000000085400000, 0x0000000085400000| Untracked 
|  85|0x0000000085500000, 0x0000000085600000, 0x0000000085600000|100%| O|  |TAMS 0x0000000085500000, 0x0000000085500000| Untracked 
|  86|0x0000000085600000, 0x0000000085700000, 0x0000000085700000|100%|HS|  |TAMS 0x0000000085600000, 0x0000000085600000| Complete 
|  87|0x0000000085700000, 0x0000000085800000, 0x0000000085800000|100%|HS|  |TAMS 0x0000000085700000, 0x0000000085700000| Complete 
|  88|0x0000000085800000, 0x0000000085900000, 0x0000000085900000|100%|HS|  |TAMS 0x0000000085800000, 0x0000000085800000| Complete 
|  89|0x0000000085900000, 0x0000000085a00000, 0x0000000085a00000|100%|HS|  |TAMS 0x0000000085900000, 0x0000000085900000| Complete 
|  90|0x0000000085a00000, 0x0000000085b00000, 0x0000000085b00000|100%|HS|  |TAMS 0x0000000085a00000, 0x0000000085a00000| Complete 
|  91|0x0000000085b00000, 0x0000000085c00000, 0x0000000085c00000|100%|HS|  |TAMS 0x0000000085b00000, 0x0000000085b00000| Complete 
|  92|0x0000000085c00000, 0x0000000085d00000, 0x0000000085d00000|100%| O|  |TAMS 0x0000000085c00000, 0x0000000085c00000| Untracked 
|  93|0x0000000085d00000, 0x0000000085e00000, 0x0000000085e00000|100%| O|  |TAMS 0x0000000085d00000, 0x0000000085d00000| Untracked 
|  94|0x0000000085e00000, 0x0000000085f00000, 0x0000000085f00000|100%| O|  |TAMS 0x0000000085e00000, 0x0000000085e00000| Untracked 
|  95|0x0000000085f00000, 0x0000000086000000, 0x0000000086000000|100%| O|  |TAMS 0x0000000085f00000, 0x0000000085f00000| Untracked 
|  96|0x0000000086000000, 0x0000000086100000, 0x0000000086100000|100%| O|  |TAMS 0x0000000086000000, 0x0000000086000000| Untracked 
|  97|0x0000000086100000, 0x0000000086200000, 0x0000000086200000|100%| O|  |TAMS 0x0000000086100000, 0x0000000086100000| Untracked 
|  98|0x0000000086200000, 0x0000000086300000, 0x0000000086300000|100%| O|  |TAMS 0x0000000086200000, 0x0000000086200000| Untracked 
|  99|0x0000000086300000, 0x0000000086400000, 0x0000000086400000|100%| O|  |TAMS 0x0000000086300000, 0x0000000086300000| Untracked 
| 100|0x0000000086400000, 0x0000000086500000, 0x0000000086500000|100%| O|  |TAMS 0x0000000086400000, 0x0000000086400000| Untracked 
| 101|0x0000000086500000, 0x0000000086600000, 0x0000000086600000|100%| O|  |TAMS 0x0000000086500000, 0x0000000086500000| Untracked 
| 102|0x0000000086600000, 0x0000000086700000, 0x0000000086700000|100%| O|  |TAMS 0x0000000086600000, 0x0000000086600000| Untracked 
| 103|0x0000000086700000, 0x000000008673f000, 0x0000000086800000| 24%| O|  |TAMS 0x0000000086700000, 0x0000000086700000| Untracked 
| 104|0x0000000086800000, 0x0000000086800000, 0x0000000086900000|  0%| F|  |TAMS 0x0000000086800000, 0x0000000086800000| Untracked 
| 105|0x0000000086900000, 0x0000000086900000, 0x0000000086a00000|  0%| F|  |TAMS 0x0000000086900000, 0x0000000086900000| Untracked 
| 106|0x0000000086a00000, 0x0000000086a00000, 0x0000000086b00000|  0%| F|  |TAMS 0x0000000086a00000, 0x0000000086a00000| Untracked 
| 107|0x0000000086b00000, 0x0000000086b00000, 0x0000000086c00000|  0%| F|  |TAMS 0x0000000086b00000, 0x0000000086b00000| Untracked 
| 108|0x0000000086c00000, 0x0000000086c00000, 0x0000000086d00000|  0%| F|  |TAMS 0x0000000086c00000, 0x0000000086c00000| Untracked 
| 109|0x0000000086d00000, 0x0000000086d00000, 0x0000000086e00000|  0%| F|  |TAMS 0x0000000086d00000, 0x0000000086d00000| Untracked 
| 110|0x0000000086e00000, 0x0000000086e00000, 0x0000000086f00000|  0%| F|  |TAMS 0x0000000086e00000, 0x0000000086e00000| Untracked 
| 111|0x0000000086f00000, 0x0000000086f00000, 0x0000000087000000|  0%| F|  |TAMS 0x0000000086f00000, 0x0000000086f00000| Untracked 
| 112|0x0000000087000000, 0x0000000087000000, 0x0000000087100000|  0%| F|  |TAMS 0x0000000087000000, 0x0000000087000000| Untracked 
| 113|0x0000000087100000, 0x0000000087100000, 0x0000000087200000|  0%| F|  |TAMS 0x0000000087100000, 0x0000000087100000| Untracked 
| 114|0x0000000087200000, 0x0000000087200000, 0x0000000087300000|  0%| F|  |TAMS 0x0000000087200000, 0x0000000087200000| Untracked 
| 115|0x0000000087300000, 0x0000000087300000, 0x0000000087400000|  0%| F|  |TAMS 0x0000000087300000, 0x0000000087300000| Untracked 
| 116|0x0000000087400000, 0x0000000087400000, 0x0000000087500000|  0%| F|  |TAMS 0x0000000087400000, 0x0000000087400000| Untracked 
| 117|0x0000000087500000, 0x0000000087500000, 0x0000000087600000|  0%| F|  |TAMS 0x0000000087500000, 0x0000000087500000| Untracked 
| 118|0x0000000087600000, 0x0000000087600000, 0x0000000087700000|  0%| F|  |TAMS 0x0000000087600000, 0x0000000087600000| Untracked 
| 119|0x0000000087700000, 0x0000000087700000, 0x0000000087800000|  0%| F|  |TAMS 0x0000000087700000, 0x0000000087700000| Untracked 
| 120|0x0000000087800000, 0x0000000087800000, 0x0000000087900000|  0%| F|  |TAMS 0x0000000087800000, 0x0000000087800000| Untracked 
| 121|0x0000000087900000, 0x0000000087900000, 0x0000000087a00000|  0%| F|  |TAMS 0x0000000087900000, 0x0000000087900000| Untracked 
| 122|0x0000000087a00000, 0x0000000087a00000, 0x0000000087b00000|  0%| F|  |TAMS 0x0000000087a00000, 0x0000000087a00000| Untracked 
| 123|0x0000000087b00000, 0x0000000087b00000, 0x0000000087c00000|  0%| F|  |TAMS 0x0000000087b00000, 0x0000000087b00000| Untracked 
| 124|0x0000000087c00000, 0x0000000087c00000, 0x0000000087d00000|  0%| F|  |TAMS 0x0000000087c00000, 0x0000000087c00000| Untracked 
| 125|0x0000000087d00000, 0x0000000087d00000, 0x0000000087e00000|  0%| F|  |TAMS 0x0000000087d00000, 0x0000000087d00000| Untracked 
| 126|0x0000000087e00000, 0x0000000087e00000, 0x0000000087f00000|  0%| F|  |TAMS 0x0000000087e00000, 0x0000000087e00000| Untracked 
| 127|0x0000000087f00000, 0x0000000087f00000, 0x0000000088000000|  0%| F|  |TAMS 0x0000000087f00000, 0x0000000087f00000| Untracked 
| 128|0x0000000088000000, 0x0000000088000000, 0x0000000088100000|  0%| F|  |TAMS 0x0000000088000000, 0x0000000088000000| Untracked 
| 129|0x0000000088100000, 0x0000000088100000, 0x0000000088200000|  0%| F|  |TAMS 0x0000000088100000, 0x0000000088100000| Untracked 
| 130|0x0000000088200000, 0x0000000088200000, 0x0000000088300000|  0%| F|  |TAMS 0x0000000088200000, 0x0000000088200000| Untracked 
| 131|0x0000000088300000, 0x0000000088300000, 0x0000000088400000|  0%| F|  |TAMS 0x0000000088300000, 0x0000000088300000| Untracked 
| 132|0x0000000088400000, 0x0000000088400000, 0x0000000088500000|  0%| F|  |TAMS 0x0000000088400000, 0x0000000088400000| Untracked 
| 133|0x0000000088500000, 0x0000000088500000, 0x0000000088600000|  0%| F|  |TAMS 0x0000000088500000, 0x0000000088500000| Untracked 
| 134|0x0000000088600000, 0x0000000088600000, 0x0000000088700000|  0%| F|  |TAMS 0x0000000088600000, 0x0000000088600000| Untracked 
| 135|0x0000000088700000, 0x0000000088700000, 0x0000000088800000|  0%| F|  |TAMS 0x0000000088700000, 0x0000000088700000| Untracked 
| 136|0x0000000088800000, 0x0000000088800000, 0x0000000088900000|  0%| F|  |TAMS 0x0000000088800000, 0x0000000088800000| Untracked 
| 137|0x0000000088900000, 0x0000000088900000, 0x0000000088a00000|  0%| F|  |TAMS 0x0000000088900000, 0x0000000088900000| Untracked 
| 138|0x0000000088a00000, 0x0000000088a00000, 0x0000000088b00000|  0%| F|  |TAMS 0x0000000088a00000, 0x0000000088a00000| Untracked 
| 139|0x0000000088b00000, 0x0000000088bc2f88, 0x0000000088c00000| 76%| S|CS|TAMS 0x0000000088b00000, 0x0000000088b00000| Complete 
| 140|0x0000000088c00000, 0x0000000088d00000, 0x0000000088d00000|100%| S|CS|TAMS 0x0000000088c00000, 0x0000000088c00000| Complete 
| 141|0x0000000088d00000, 0x0000000088d00000, 0x0000000088e00000|  0%| F|  |TAMS 0x0000000088d00000, 0x0000000088d00000| Untracked 
| 142|0x0000000088e00000, 0x0000000088e00000, 0x0000000088f00000|  0%| F|  |TAMS 0x0000000088e00000, 0x0000000088e00000| Untracked 
| 143|0x0000000088f00000, 0x0000000088f00000, 0x0000000089000000|  0%| F|  |TAMS 0x0000000088f00000, 0x0000000088f00000| Untracked 
| 144|0x0000000089000000, 0x0000000089000000, 0x0000000089100000|  0%| F|  |TAMS 0x0000000089000000, 0x0000000089000000| Untracked 
| 145|0x0000000089100000, 0x0000000089100000, 0x0000000089200000|  0%| F|  |TAMS 0x0000000089100000, 0x0000000089100000| Untracked 
| 146|0x0000000089200000, 0x0000000089200000, 0x0000000089300000|  0%| F|  |TAMS 0x0000000089200000, 0x0000000089200000| Untracked 
| 147|0x0000000089300000, 0x0000000089300000, 0x0000000089400000|  0%| F|  |TAMS 0x0000000089300000, 0x0000000089300000| Untracked 
| 148|0x0000000089400000, 0x0000000089400000, 0x0000000089500000|  0%| F|  |TAMS 0x0000000089400000, 0x0000000089400000| Untracked 
| 149|0x0000000089500000, 0x0000000089500000, 0x0000000089600000|  0%| F|  |TAMS 0x0000000089500000, 0x0000000089500000| Untracked 
| 150|0x0000000089600000, 0x0000000089600000, 0x0000000089700000|  0%| F|  |TAMS 0x0000000089600000, 0x0000000089600000| Untracked 
| 151|0x0000000089700000, 0x0000000089700000, 0x0000000089800000|  0%| F|  |TAMS 0x0000000089700000, 0x0000000089700000| Untracked 
| 152|0x0000000089800000, 0x0000000089800000, 0x0000000089900000|  0%| F|  |TAMS 0x0000000089800000, 0x0000000089800000| Untracked 
| 153|0x0000000089900000, 0x0000000089900000, 0x0000000089a00000|  0%| F|  |TAMS 0x0000000089900000, 0x0000000089900000| Untracked 
| 154|0x0000000089a00000, 0x0000000089a00000, 0x0000000089b00000|  0%| F|  |TAMS 0x0000000089a00000, 0x0000000089a00000| Untracked 
| 155|0x0000000089b00000, 0x0000000089b00000, 0x0000000089c00000|  0%| F|  |TAMS 0x0000000089b00000, 0x0000000089b00000| Untracked 
| 156|0x0000000089c00000, 0x0000000089c00000, 0x0000000089d00000|  0%| F|  |TAMS 0x0000000089c00000, 0x0000000089c00000| Untracked 
| 157|0x0000000089d00000, 0x0000000089d00000, 0x0000000089e00000|  0%| F|  |TAMS 0x0000000089d00000, 0x0000000089d00000| Untracked 
| 158|0x0000000089e00000, 0x0000000089e00000, 0x0000000089f00000|  0%| F|  |TAMS 0x0000000089e00000, 0x0000000089e00000| Untracked 
| 159|0x0000000089f00000, 0x0000000089f00000, 0x000000008a000000|  0%| F|  |TAMS 0x0000000089f00000, 0x0000000089f00000| Untracked 
| 160|0x000000008a000000, 0x000000008a000000, 0x000000008a100000|  0%| F|  |TAMS 0x000000008a000000, 0x000000008a000000| Untracked 
| 161|0x000000008a100000, 0x000000008a100000, 0x000000008a200000|  0%| F|  |TAMS 0x000000008a100000, 0x000000008a100000| Untracked 
| 162|0x000000008a200000, 0x000000008a200000, 0x000000008a300000|  0%| F|  |TAMS 0x000000008a200000, 0x000000008a200000| Untracked 
| 163|0x000000008a300000, 0x000000008a300000, 0x000000008a400000|  0%| F|  |TAMS 0x000000008a300000, 0x000000008a300000| Untracked 
| 164|0x000000008a400000, 0x000000008a400000, 0x000000008a500000|  0%| F|  |TAMS 0x000000008a400000, 0x000000008a400000| Untracked 
| 165|0x000000008a500000, 0x000000008a500000, 0x000000008a600000|  0%| F|  |TAMS 0x000000008a500000, 0x000000008a500000| Untracked 
| 166|0x000000008a600000, 0x000000008a600000, 0x000000008a700000|  0%| F|  |TAMS 0x000000008a600000, 0x000000008a600000| Untracked 
| 167|0x000000008a700000, 0x000000008a700000, 0x000000008a800000|  0%| F|  |TAMS 0x000000008a700000, 0x000000008a700000| Untracked 
| 168|0x000000008a800000, 0x000000008a800000, 0x000000008a900000|  0%| F|  |TAMS 0x000000008a800000, 0x000000008a800000| Untracked 
| 169|0x000000008a900000, 0x000000008a900000, 0x000000008aa00000|  0%| F|  |TAMS 0x000000008a900000, 0x000000008a900000| Untracked 
| 170|0x000000008aa00000, 0x000000008aa00000, 0x000000008ab00000|  0%| F|  |TAMS 0x000000008aa00000, 0x000000008aa00000| Untracked 
| 171|0x000000008ab00000, 0x000000008ab00000, 0x000000008ac00000|  0%| F|  |TAMS 0x000000008ab00000, 0x000000008ab00000| Untracked 
| 172|0x000000008ac00000, 0x000000008ac00000, 0x000000008ad00000|  0%| F|  |TAMS 0x000000008ac00000, 0x000000008ac00000| Untracked 
| 173|0x000000008ad00000, 0x000000008ad00000, 0x000000008ae00000|  0%| F|  |TAMS 0x000000008ad00000, 0x000000008ad00000| Untracked 
| 174|0x000000008ae00000, 0x000000008ae00000, 0x000000008af00000|  0%| F|  |TAMS 0x000000008ae00000, 0x000000008ae00000| Untracked 
| 175|0x000000008af00000, 0x000000008af00000, 0x000000008b000000|  0%| F|  |TAMS 0x000000008af00000, 0x000000008af00000| Untracked 
| 176|0x000000008b000000, 0x000000008b000000, 0x000000008b100000|  0%| F|  |TAMS 0x000000008b000000, 0x000000008b000000| Untracked 
| 177|0x000000008b100000, 0x000000008b100000, 0x000000008b200000|  0%| F|  |TAMS 0x000000008b100000, 0x000000008b100000| Untracked 
| 178|0x000000008b200000, 0x000000008b200000, 0x000000008b300000|  0%| F|  |TAMS 0x000000008b200000, 0x000000008b200000| Untracked 
| 179|0x000000008b300000, 0x000000008b300000, 0x000000008b400000|  0%| F|  |TAMS 0x000000008b300000, 0x000000008b300000| Untracked 
| 180|0x000000008b400000, 0x000000008b400000, 0x000000008b500000|  0%| F|  |TAMS 0x000000008b400000, 0x000000008b400000| Untracked 
| 181|0x000000008b500000, 0x000000008b500000, 0x000000008b600000|  0%| F|  |TAMS 0x000000008b500000, 0x000000008b500000| Untracked 
| 182|0x000000008b600000, 0x000000008b600000, 0x000000008b700000|  0%| F|  |TAMS 0x000000008b600000, 0x000000008b600000| Untracked 
| 183|0x000000008b700000, 0x000000008b700000, 0x000000008b800000|  0%| F|  |TAMS 0x000000008b700000, 0x000000008b700000| Untracked 
| 184|0x000000008b800000, 0x000000008b800000, 0x000000008b900000|  0%| F|  |TAMS 0x000000008b800000, 0x000000008b800000| Untracked 
| 185|0x000000008b900000, 0x000000008b900000, 0x000000008ba00000|  0%| F|  |TAMS 0x000000008b900000, 0x000000008b900000| Untracked 
| 186|0x000000008ba00000, 0x000000008ba00000, 0x000000008bb00000|  0%| F|  |TAMS 0x000000008ba00000, 0x000000008ba00000| Untracked 

Card table byte_map: [0x000002b56f040000,0x000002b56f440000] _byte_map_base: 0x000002b56ec40000

Marking Bits (Prev, Next): (CMBitMap*) 0x000002b5583d4e90, (CMBitMap*) 0x000002b5583d4e50
 Prev Bits: [0x000002b571840000, 0x000002b573840000)
 Next Bits: [0x000002b56f840000, 0x000002b571840000)

Polling page: 0x000002b557b50000

Metaspace:

Usage:
  Non-class:     66.71 MB used.
      Class:     10.79 MB used.
       Both:     77.50 MB used.

Virtual space:
  Non-class space:      128.00 MB reserved,      67.25 MB ( 53%) committed,  2 nodes.
      Class space:      416.00 MB reserved,      11.31 MB (  3%) committed,  1 nodes.
             Both:      544.00 MB reserved,      78.56 MB ( 14%) committed. 

Chunk freelists:
   Non-Class:  12.11 MB
       Class:  4.73 MB
        Both:  16.84 MB

MaxMetaspaceSize: 512.00 MB
CompressedClassSpaceSize: 416.00 MB
Initial GC threshold: 21.00 MB
Current GC threshold: 109.94 MB
CDS: on
MetaspaceReclaimPolicy: balanced
 - commit_granule_bytes: 65536.
 - commit_granule_words: 8192.
 - virtual_space_node_default_size: 8388608.
 - enlarge_chunks_in_place: 1.
 - new_chunks_are_fully_committed: 0.
 - uncommit_free_chunks: 1.
 - use_allocation_guard: 0.
 - handle_deallocations: 1.


Internal statistics:

num_allocs_failed_limit: 6.
num_arena_births: 1346.
num_arena_deaths: 0.
num_vsnodes_births: 3.
num_vsnodes_deaths: 0.
num_space_committed: 1257.
num_space_uncommitted: 0.
num_chunks_returned_to_freelist: 6.
num_chunks_taken_from_freelist: 4948.
num_chunk_merges: 6.
num_chunk_splits: 3083.
num_chunks_enlarged: 1845.
num_inconsistent_stats: 0.

CodeHeap 'non-profiled nmethods': size=120000Kb used=6326Kb max_used=6326Kb free=113674Kb
 bounds [0x000002b567710000, 0x000002b567d40000, 0x000002b56ec40000]
CodeHeap 'profiled nmethods': size=120000Kb used=19613Kb max_used=19613Kb free=100386Kb
 bounds [0x000002b55fc40000, 0x000002b560f70000, 0x000002b567170000]
CodeHeap 'non-nmethods': size=5760Kb used=2385Kb max_used=2445Kb free=3374Kb
 bounds [0x000002b567170000, 0x000002b5673e0000, 0x000002b567710000]
 total_blobs=11204 nmethods=10289 adapters=827
 compilation: enabled
              stopped_count=0, restarted_count=0
 full_count=0

Compilation events (20 events):
Event: 51.942 Thread 0x000002b575cc4740 nmethod 12049 0x000002b560f63110 code [0x000002b560f632e0, 0x000002b560f636a8]
Event: 51.945 Thread 0x000002b575cc4740 12050       3       org.gradle.api.internal.provider.DefaultProviderFactory::of (27 bytes)
Event: 51.945 Thread 0x000002b575cc4740 nmethod 12050 0x000002b560f63810 code [0x000002b560f639e0, 0x000002b560f63c78]
Event: 51.945 Thread 0x000002b575cc4740 12051   !   3       org.gradle.api.internal.provider.DefaultValueSourceProviderFactory::createProviderOf (67 bytes)
Event: 51.946 Thread 0x000002b575cc4740 nmethod 12051 0x000002b560f63e10 code [0x000002b560f64080, 0x000002b560f64b58]
Event: 51.946 Thread 0x000002b575cc4740 12052       3       org.gradle.api.internal.provider.DefaultValueSourceProviderFactory::configureParameters (34 bytes)
Event: 51.947 Thread 0x000002b575cc4740 nmethod 12052 0x000002b560f65090 code [0x000002b560f65280, 0x000002b560f658d8]
Event: 51.947 Thread 0x000002b575cc4740 12053       3       java.util.concurrent.atomic.AtomicReference::getAndSet (9 bytes)
Event: 51.948 Thread 0x000002b575cc35e0 nmethod 12033 0x000002b567d3b090 code [0x000002b567d3b340, 0x000002b567d3ca70]
Event: 51.948 Thread 0x000002b575cc35e0 12035       4       sun.instrument.InstrumentationImpl::transform (73 bytes)
Event: 51.948 Thread 0x000002b575cc4740 nmethod 12053 0x000002b560f65b10 code [0x000002b560f65dc0, 0x000002b560f66cf8]
Event: 51.952 Thread 0x000002b575cc4740 12054       3       org.gradle.api.internal.provider.DefaultValueSourceProviderFactory$LazilyObtainedValue$$Lambda$1135/0x000002b5017f7c20::get (8 bytes)
Event: 51.952 Thread 0x000002b575cc4740 nmethod 12054 0x000002b560f67110 code [0x000002b560f672c0, 0x000002b560f67408]
Event: 51.952 Thread 0x000002b575cc4740 12057       3       org.gradle.internal.concurrent.CompositeStoppable::add (35 bytes)
Event: 51.953 Thread 0x000002b575cc4740 nmethod 12057 0x000002b560f67510 code [0x000002b560f676e0, 0x000002b560f67af8]
Event: 51.953 Thread 0x000002b575cc4740 12055   !   3       org.gradle.api.internal.provider.DefaultValueSourceProviderFactory$LazilyObtainedValue::lambda$new$0 (79 bytes)
Event: 51.953 Thread 0x000002b575cc4740 nmethod 12055 0x000002b560f67d10 code [0x000002b560f67f60, 0x000002b560f68958]
Event: 51.953 Thread 0x000002b575cc4740 12056       3       org.gradle.api.internal.provider.DefaultValueSourceProviderFactory::access$400 (6 bytes)
Event: 51.954 Thread 0x000002b575cc4740 nmethod 12056 0x000002b560f68d90 code [0x000002b560f68f60, 0x000002b560f69318]
Event: 51.954 Thread 0x000002b575cc4740 12058   !   3       jdk.internal.reflect.GeneratedConstructorAccessor39::newInstance (53 bytes)

GC Heap History (20 events):
Event: 30.737 GC heap after
{Heap after GC invocations=43 (full 0):
 garbage-first heap   total 130048K, used 72974K [0x0000000080000000, 0x0000000100000000)
  region size 1024K, 3 young (3072K), 3 survivors (3072K)
 Metaspace       used 65310K, committed 66112K, reserved 491520K
  class space    used 9204K, committed 9600K, reserved 425984K
}
Event: 30.868 GC heap before
{Heap before GC invocations=43 (full 0):
 garbage-first heap   total 130048K, used 75022K [0x0000000080000000, 0x0000000100000000)
  region size 1024K, 6 young (6144K), 3 survivors (3072K)
 Metaspace       used 65502K, committed 66304K, reserved 491520K
  class space    used 9226K, committed 9600K, reserved 425984K
}
Event: 30.874 GC heap after
{Heap after GC invocations=44 (full 0):
 garbage-first heap   total 130048K, used 72655K [0x0000000080000000, 0x0000000100000000)
  region size 1024K, 1 young (1024K), 1 survivors (1024K)
 Metaspace       used 65502K, committed 66304K, reserved 491520K
  class space    used 9226K, committed 9600K, reserved 425984K
}
Event: 32.133 GC heap before
{Heap before GC invocations=44 (full 0):
 garbage-first heap   total 130048K, used 103375K [0x0000000080000000, 0x0000000100000000)
  region size 1024K, 31 young (31744K), 1 survivors (1024K)
 Metaspace       used 66640K, committed 67456K, reserved 491520K
  class space    used 9394K, committed 9792K, reserved 425984K
}
Event: 32.141 GC heap after
{Heap after GC invocations=45 (full 0):
 garbage-first heap   total 191488K, used 76244K [0x0000000080000000, 0x0000000100000000)
  region size 1024K, 4 young (4096K), 4 survivors (4096K)
 Metaspace       used 66640K, committed 67456K, reserved 491520K
  class space    used 9394K, committed 9792K, reserved 425984K
}
Event: 36.055 GC heap before
{Heap before GC invocations=46 (full 0):
 garbage-first heap   total 191488K, used 141780K [0x0000000080000000, 0x0000000100000000)
  region size 1024K, 68 young (69632K), 4 survivors (4096K)
 Metaspace       used 69792K, committed 70656K, reserved 491520K
  class space    used 9811K, committed 10240K, reserved 425984K
}
Event: 36.067 GC heap after
{Heap after GC invocations=47 (full 0):
 garbage-first heap   total 191488K, used 79696K [0x0000000080000000, 0x0000000100000000)
  region size 1024K, 8 young (8192K), 8 survivors (8192K)
 Metaspace       used 69792K, committed 70656K, reserved 491520K
  class space    used 9811K, committed 10240K, reserved 425984K
}
Event: 36.111 GC heap before
{Heap before GC invocations=47 (full 0):
 garbage-first heap   total 191488K, used 80720K [0x0000000080000000, 0x0000000100000000)
  region size 1024K, 9 young (9216K), 8 survivors (8192K)
 Metaspace       used 69839K, committed 70720K, reserved 491520K
  class space    used 9819K, committed 10240K, reserved 425984K
}
Event: 36.130 GC heap after
{Heap after GC invocations=48 (full 0):
 garbage-first heap   total 191488K, used 78721K [0x0000000080000000, 0x0000000100000000)
  region size 1024K, 1 young (1024K), 1 survivors (1024K)
 Metaspace       used 69839K, committed 70720K, reserved 491520K
  class space    used 9819K, committed 10240K, reserved 425984K
}
Event: 41.387 GC heap before
{Heap before GC invocations=48 (full 0):
 garbage-first heap   total 191488K, used 141185K [0x0000000080000000, 0x0000000100000000)
  region size 1024K, 63 young (64512K), 1 survivors (1024K)
 Metaspace       used 72977K, committed 73920K, reserved 491520K
  class space    used 10360K, committed 10816K, reserved 425984K
}
Event: 41.399 GC heap after
{Heap after GC invocations=49 (full 0):
 garbage-first heap   total 191488K, used 84165K [0x0000000080000000, 0x0000000100000000)
  region size 1024K, 7 young (7168K), 7 survivors (7168K)
 Metaspace       used 72977K, committed 73920K, reserved 491520K
  class space    used 10360K, committed 10816K, reserved 425984K
}
Event: 44.731 GC heap before
{Heap before GC invocations=49 (full 0):
 garbage-first heap   total 191488K, used 145605K [0x0000000080000000, 0x0000000100000000)
  region size 1024K, 67 young (68608K), 7 survivors (7168K)
 Metaspace       used 74759K, committed 75776K, reserved 491520K
  class space    used 10538K, committed 11072K, reserved 425984K
}
Event: 44.772 GC heap after
{Heap after GC invocations=50 (full 0):
 garbage-first heap   total 191488K, used 90404K [0x0000000080000000, 0x0000000100000000)
  region size 1024K, 9 young (9216K), 9 survivors (9216K)
 Metaspace       used 74759K, committed 75776K, reserved 491520K
  class space    used 10538K, committed 11072K, reserved 425984K
}
Event: 45.954 GC heap before
{Heap before GC invocations=50 (full 0):
 garbage-first heap   total 191488K, used 148772K [0x0000000080000000, 0x0000000100000000)
  region size 1024K, 66 young (67584K), 9 survivors (9216K)
 Metaspace       used 74844K, committed 75840K, reserved 491520K
  class space    used 10538K, committed 11072K, reserved 425984K
}
Event: 45.986 GC heap after
{Heap after GC invocations=51 (full 0):
 garbage-first heap   total 191488K, used 92451K [0x0000000080000000, 0x0000000100000000)
  region size 1024K, 5 young (5120K), 5 survivors (5120K)
 Metaspace       used 74844K, committed 75840K, reserved 491520K
  class space    used 10538K, committed 11072K, reserved 425984K
}
Event: 47.389 GC heap before
{Heap before GC invocations=51 (full 0):
 garbage-first heap   total 191488K, used 151843K [0x0000000080000000, 0x0000000100000000)
  region size 1024K, 63 young (64512K), 5 survivors (5120K)
 Metaspace       used 74849K, committed 75840K, reserved 491520K
  class space    used 10538K, committed 11072K, reserved 425984K
}
Event: 47.415 GC heap after
{Heap after GC invocations=52 (full 0):
 garbage-first heap   total 191488K, used 93120K [0x0000000080000000, 0x0000000100000000)
  region size 1024K, 5 young (5120K), 5 survivors (5120K)
 Metaspace       used 74849K, committed 75840K, reserved 491520K
  class space    used 10538K, committed 11072K, reserved 425984K
}
Event: 49.603 GC heap before
{Heap before GC invocations=52 (full 0):
 garbage-first heap   total 191488K, used 158656K [0x0000000080000000, 0x0000000100000000)
  region size 1024K, 64 young (65536K), 5 survivors (5120K)
 Metaspace       used 75757K, committed 76800K, reserved 557056K
  class space    used 10653K, committed 11136K, reserved 425984K
}
Event: 49.729 GC heap after
{Heap after GC invocations=53 (full 0):
 garbage-first heap   total 191488K, used 104509K [0x0000000080000000, 0x0000000100000000)
  region size 1024K, 8 young (8192K), 8 survivors (8192K)
 Metaspace       used 75757K, committed 76800K, reserved 557056K
  class space    used 10653K, committed 11136K, reserved 425984K
}
Event: 51.956 GC heap before
{Heap before GC invocations=53 (full 0):
 garbage-first heap   total 191488K, used 151613K [0x0000000080000000, 0x0000000100000000)
  region size 1024K, 54 young (55296K), 8 survivors (8192K)
 Metaspace       used 79358K, committed 80448K, reserved 557056K
  class space    used 11051K, committed 11584K, reserved 425984K
}

Deoptimization events (20 events):
Event: 50.952 Thread 0x000002b575cdb540 Uncommon trap: trap_request=0xffffffbe fr.pc=0x000002b567c417c4 relative=0x00000000000001a4
Event: 50.952 Thread 0x000002b575cdb540 Uncommon trap: reason=profile_predicate action=maybe_recompile pc=0x000002b567c417c4 method=java.util.LinkedHashMap.keysToArray([Ljava/lang/Object;)[Ljava/lang/Object; @ 12 c2
Event: 50.952 Thread 0x000002b575cdb540 DEOPT PACKING pc=0x000002b567c417c4 sp=0x000000bfc9bf29b0
Event: 50.952 Thread 0x000002b575cdb540 DEOPT UNPACKING pc=0x000002b5671c23a3 sp=0x000000bfc9bf2968 mode 2
Event: 51.324 Thread 0x000002b575cdb540 Uncommon trap: trap_request=0xffffffde fr.pc=0x000002b567a183f0 relative=0x0000000000000310
Event: 51.324 Thread 0x000002b575cdb540 Uncommon trap: reason=class_check action=maybe_recompile pc=0x000002b567a183f0 method=java.util.stream.AbstractPipeline.copyIntoWithCancel(Ljava/util/stream/Sink;Ljava/util/Spliterator;)Z @ 32 c2
Event: 51.324 Thread 0x000002b575cdb540 DEOPT PACKING pc=0x000002b567a183f0 sp=0x000000bfc9bf2a40
Event: 51.324 Thread 0x000002b575cdb540 DEOPT UNPACKING pc=0x000002b5671c23a3 sp=0x000000bfc9bf28e8 mode 2
Event: 51.324 Thread 0x000002b575cdb540 Uncommon trap: trap_request=0xffffffde fr.pc=0x000002b567a183f0 relative=0x0000000000000310
Event: 51.324 Thread 0x000002b575cdb540 Uncommon trap: reason=class_check action=maybe_recompile pc=0x000002b567a183f0 method=java.util.stream.AbstractPipeline.copyIntoWithCancel(Ljava/util/stream/Sink;Ljava/util/Spliterator;)Z @ 32 c2
Event: 51.324 Thread 0x000002b575cdb540 DEOPT PACKING pc=0x000002b567a183f0 sp=0x000000bfc9bf2a40
Event: 51.324 Thread 0x000002b575cdb540 DEOPT UNPACKING pc=0x000002b5671c23a3 sp=0x000000bfc9bf28e8 mode 2
Event: 51.324 Thread 0x000002b575cdb540 Uncommon trap: trap_request=0xffffffde fr.pc=0x000002b567a183f0 relative=0x0000000000000310
Event: 51.324 Thread 0x000002b575cdb540 Uncommon trap: reason=class_check action=maybe_recompile pc=0x000002b567a183f0 method=java.util.stream.AbstractPipeline.copyIntoWithCancel(Ljava/util/stream/Sink;Ljava/util/Spliterator;)Z @ 32 c2
Event: 51.324 Thread 0x000002b575cdb540 DEOPT PACKING pc=0x000002b567a183f0 sp=0x000000bfc9bf2a40
Event: 51.324 Thread 0x000002b575cdb540 DEOPT UNPACKING pc=0x000002b5671c23a3 sp=0x000000bfc9bf28e8 mode 2
Event: 51.880 Thread 0x000002b575cdb540 Uncommon trap: trap_request=0xfffffff4 fr.pc=0x000002b567d3a8e8 relative=0x0000000000000068
Event: 51.880 Thread 0x000002b575cdb540 Uncommon trap: reason=null_check action=make_not_entrant pc=0x000002b567d3a8e8 method=java.lang.Class.isAnnotation()Z @ 1 c2
Event: 51.880 Thread 0x000002b575cdb540 DEOPT PACKING pc=0x000002b567d3a8e8 sp=0x000000bfc9bf2650
Event: 51.880 Thread 0x000002b575cdb540 DEOPT UNPACKING pc=0x000002b5671c23a3 sp=0x000000bfc9bf25e0 mode 2

Classes unloaded (0 events):
No events

Classes redefined (0 events):
No events

Internal exceptions (20 events):
Event: 42.230 Thread 0x000002b575cdb540 Exception <a 'java/lang/ClassNotFoundException'{0x000000008a52a1c0}: org/gradle/api/internal/DefaultNamedDomainObjectCollectionBeanInfo> (0x000000008a52a1c0) 
thrown [s\open\src\hotspot\share\classfile\systemDictionary.cpp, line 256]
Event: 42.231 Thread 0x000002b575cdb540 Exception <a 'java/lang/ClassNotFoundException'{0x000000008a53fff0}: org/gradle/api/internal/DefaultNamedDomainObjectCollectionCustomizer> (0x000000008a53fff0) 
thrown [s\open\src\hotspot\share\classfile\systemDictionary.cpp, line 256]
Event: 42.234 Thread 0x000002b575cdb540 Exception <a 'java/lang/ClassNotFoundException'{0x000000008a57ebe8}: org/gradle/api/internal/DefaultNamedDomainObjectListCustomizer> (0x000000008a57ebe8) 
thrown [s\open\src\hotspot\share\classfile\systemDictionary.cpp, line 256]
Event: 42.237 Thread 0x000002b575cdb540 Exception <a 'java/lang/ClassNotFoundException'{0x000000008a5b5320}: org/gradle/api/internal/artifacts/DefaultArtifactRepositoryContainerCustomizer> (0x000000008a5b5320) 
thrown [s\open\src\hotspot\share\classfile\systemDictionary.cpp, line 256]
Event: 42.240 Thread 0x000002b575cdb540 Exception <a 'java/lang/ClassNotFoundException'{0x000000008a5e0ba8}: org/gradle/api/internal/artifacts/dsl/DefaultRepositoryHandlerCustomizer> (0x000000008a5e0ba8) 
thrown [s\open\src\hotspot\share\classfile\systemDictionary.cpp, line 256]
Event: 42.246 Thread 0x000002b575cdb540 Exception <a 'java/lang/ClassNotFoundException'{0x000000008a41ba70}: org/gradle/api/internal/artifacts/dsl/DefaultRepositoryHandler_DecoratedCustomizer> (0x000000008a41ba70) 
thrown [s\open\src\hotspot\share\classfile\systemDictionary.cpp, line 256]
Event: 42.264 Thread 0x000002b575cdb540 Exception <a 'java/lang/ClassNotFoundException'{0x000000008a4c5f40}: org/gradle/api/internal/artifacts/dsl/dependencies/DefaultDependencyHandler_DecoratedBeanInfo> (0x000000008a4c5f40) 
thrown [s\open\src\hotspot\share\classfile\systemDictionary.cpp, line 256]
Event: 42.266 Thread 0x000002b575cdb540 Exception <a 'java/lang/ClassNotFoundException'{0x000000008a4df428}: org/gradle/api/internal/artifacts/dsl/dependencies/DefaultDependencyHandlerBeanInfo> (0x000000008a4df428) 
thrown [s\open\src\hotspot\share\classfile\systemDictionary.cpp, line 256]
Event: 42.267 Thread 0x000002b575cdb540 Exception <a 'java/lang/ClassNotFoundException'{0x000000008a4f88d0}: org/gradle/api/internal/artifacts/dsl/dependencies/DefaultDependencyHandlerCustomizer> (0x000000008a4f88d0) 
thrown [s\open\src\hotspot\share\classfile\systemDictionary.cpp, line 256]
Event: 42.273 Thread 0x000002b575cdb540 Exception <a 'java/lang/ClassNotFoundException'{0x000000008a33a9c8}: org/gradle/api/internal/artifacts/dsl/dependencies/DefaultDependencyHandler_DecoratedCustomizer> (0x000000008a33a9c8) 
thrown [s\open\src\hotspot\share\classfile\systemDictionary.cpp, line 256]
Event: 44.094 Thread 0x000002b51b2a1b90 Exception <a 'sun/nio/fs/WindowsException'{0x0000000088d71e50}> (0x0000000088d71e50) 
thrown [s\open\src\hotspot\share\prims\jni.cpp, line 516]
Event: 44.104 Thread 0x000002b51b2a1b90 Exception <a 'sun/nio/fs/WindowsException'{0x0000000088d74778}> (0x0000000088d74778) 
thrown [s\open\src\hotspot\share\prims\jni.cpp, line 516]
Event: 44.104 Thread 0x000002b51b2a1b90 Exception <a 'sun/nio/fs/WindowsException'{0x0000000088d76e50}> (0x0000000088d76e50) 
thrown [s\open\src\hotspot\share\prims\jni.cpp, line 516]
Event: 44.108 Thread 0x000002b51b2a1b90 Exception <a 'sun/nio/fs/WindowsException'{0x0000000088d791b0}> (0x0000000088d791b0) 
thrown [s\open\src\hotspot\share\prims\jni.cpp, line 516]
Event: 44.464 Thread 0x000002b57d44c4c0 Implicit null exception at 0x000002b5679f50db to 0x000002b5679f516c
Event: 46.883 Thread 0x000002b57d44c9d0 Implicit null exception at 0x000002b567ca7c85 to 0x000002b567ca847c
Event: 48.219 Thread 0x000002b575cdb540 Exception <a 'java/lang/ClassNotFoundException'{0x000000008967d4f8}: build_2e3ujwk0jczm78rdiqpo0wfn5BeanInfo> (0x000000008967d4f8) 
thrown [s\open\src\hotspot\share\classfile\systemDictionary.cpp, line 256]
Event: 48.221 Thread 0x000002b575cdb540 Exception <a 'java/lang/ClassNotFoundException'{0x0000000089684630}: build_2e3ujwk0jczm78rdiqpo0wfn5Customizer> (0x0000000089684630) 
thrown [s\open\src\hotspot\share\classfile\systemDictionary.cpp, line 256]
Event: 49.015 Thread 0x000002b575cdb540 Exception <a 'java/lang/ClassNotFoundException'{0x0000000088db6440}: build_69y4l9suj17ba90xz52gvf7eBeanInfo> (0x0000000088db6440) 
thrown [s\open\src\hotspot\share\classfile\systemDictionary.cpp, line 256]
Event: 49.021 Thread 0x000002b575cdb540 Exception <a 'java/lang/ClassNotFoundException'{0x0000000088dc4648}: build_69y4l9suj17ba90xz52gvf7eCustomizer> (0x0000000088dc4648) 
thrown [s\open\src\hotspot\share\classfile\systemDictionary.cpp, line 256]

VM Operations (20 events):
Event: 44.773 Executing VM operation: G1CollectForAllocation done
Event: 45.782 Executing VM operation: Cleanup
Event: 45.783 Executing VM operation: Cleanup done
Event: 45.954 Executing VM operation: G1CollectForAllocation
Event: 45.986 Executing VM operation: G1CollectForAllocation done
Event: 46.987 Executing VM operation: Cleanup
Event: 46.987 Executing VM operation: Cleanup done
Event: 47.389 Executing VM operation: G1CollectForAllocation
Event: 47.419 Executing VM operation: G1CollectForAllocation done
Event: 48.423 Executing VM operation: Cleanup
Event: 48.438 Executing VM operation: Cleanup done
Event: 48.698 Executing VM operation: HandshakeAllThreads
Event: 48.698 Executing VM operation: HandshakeAllThreads done
Event: 49.602 Executing VM operation: G1CollectForAllocation
Event: 49.729 Executing VM operation: G1CollectForAllocation done
Event: 50.732 Executing VM operation: Cleanup
Event: 50.810 Executing VM operation: Cleanup done
Event: 51.819 Executing VM operation: Cleanup
Event: 51.820 Executing VM operation: Cleanup done
Event: 51.956 Executing VM operation: G1CollectForAllocation

Events (20 events):
Event: 42.947 Thread 0x000002b575cdbf60 flushing nmethod 0x000002b560cb8410
Event: 42.947 Thread 0x000002b575cdbf60 flushing nmethod 0x000002b560cd3110
Event: 42.947 Thread 0x000002b575cdbf60 flushing nmethod 0x000002b560d2a810
Event: 42.947 Thread 0x000002b575cdbf60 flushing nmethod 0x000002b560d2ad10
Event: 42.947 Thread 0x000002b575cdbf60 flushing nmethod 0x000002b560d2e190
Event: 42.948 Thread 0x000002b575cdbf60 flushing nmethod 0x000002b560e7a290
Event: 43.920 Thread 0x000002b57cc8dfd0 Thread added: 0x000002b57cc8dfd0
Event: 43.920 Thread 0x000002b57cc8f920 Thread added: 0x000002b57cc8f920
Event: 43.920 Thread 0x000002b57cc893e0 Thread added: 0x000002b57cc893e0
Event: 43.980 Thread 0x000002b57cc8c680 Thread added: 0x000002b57cc8c680
Event: 44.124 Thread 0x000002b57cf05b00 Thread added: 0x000002b57cf05b00
Event: 46.707 Thread 0x000002b57cf05b00 Thread exited: 0x000002b57cf05b00
Event: 46.967 Thread 0x000002b57cf05b00 Thread added: 0x000002b57cf05b00
Event: 48.372 Thread 0x000002b57cf05b00 Thread exited: 0x000002b57cf05b00
Event: 51.311 loading class sun/text/resources/cldr/FormatData_en
Event: 51.314 loading class sun/text/resources/cldr/FormatData_en done
Event: 51.314 loading class sun/text/resources/cldr/FormatData_en_US
Event: 51.314 loading class sun/text/resources/cldr/FormatData_en_US done
Event: 51.730 loading class java/util/concurrent/Executors$DefaultThreadFactory
Event: 51.730 loading class java/util/concurrent/Executors$DefaultThreadFactory done


Dynamic libraries:
0x00007ff7d3460000 - 0x00007ff7d3470000 	C:\Program Files\Java\jdk-17\bin\java.exe
0x00007ffc4e650000 - 0x00007ffc4e848000 	C:\WINDOWS\SYSTEM32\ntdll.dll
0x00007ffc4e540000 - 0x00007ffc4e602000 	C:\WINDOWS\System32\KERNEL32.DLL
0x00007ffc4c0a0000 - 0x00007ffc4c39e000 	C:\WINDOWS\System32\KERNELBASE.dll
0x00007ffc4c570000 - 0x00007ffc4c670000 	C:\WINDOWS\System32\ucrtbase.dll
0x00007ffc38910000 - 0x00007ffc38929000 	C:\Program Files\Java\jdk-17\bin\jli.dll
0x00007ffc45fb0000 - 0x00007ffc45fcb000 	C:\Program Files\Java\jdk-17\bin\VCRUNTIME140.dll
0x00007ffc4dfb0000 - 0x00007ffc4e062000 	C:\WINDOWS\System32\ADVAPI32.dll
0x00007ffc4dcd0000 - 0x00007ffc4dd6e000 	C:\WINDOWS\System32\msvcrt.dll
0x00007ffc4d350000 - 0x00007ffc4d3f0000 	C:\WINDOWS\System32\sechost.dll
0x00007ffc4c790000 - 0x00007ffc4c8b3000 	C:\WINDOWS\System32\RPCRT4.dll
0x00007ffc4c3d0000 - 0x00007ffc4c3f7000 	C:\WINDOWS\System32\bcrypt.dll
0x00007ffc4e3a0000 - 0x00007ffc4e53d000 	C:\WINDOWS\System32\USER32.dll
0x00007ffc35860000 - 0x00007ffc35afa000 	C:\WINDOWS\WinSxS\amd64_microsoft.windows.common-controls_6595b64144ccf1df_6.0.19041.4355_none_60b8b9eb71f62e16\COMCTL32.dll
0x00007ffc4c3a0000 - 0x00007ffc4c3c2000 	C:\WINDOWS\System32\win32u.dll
0x00007ffc4e070000 - 0x00007ffc4e09b000 	C:\WINDOWS\System32\GDI32.dll
0x00007ffc4c400000 - 0x00007ffc4c517000 	C:\WINDOWS\System32\gdi32full.dll
0x00007ffc4bd60000 - 0x00007ffc4bdfd000 	C:\WINDOWS\System32\msvcp_win.dll
0x00007ffc402b0000 - 0x00007ffc402ba000 	C:\WINDOWS\SYSTEM32\VERSION.dll
0x00007ffc4c670000 - 0x00007ffc4c69f000 	C:\WINDOWS\System32\IMM32.DLL
0x00007ffc38900000 - 0x00007ffc3890c000 	C:\Program Files\Java\jdk-17\bin\vcruntime140_1.dll
0x00007ffc0c350000 - 0x00007ffc0c3de000 	C:\Program Files\Java\jdk-17\bin\msvcp140.dll
0x00007ffc00a60000 - 0x00007ffc01640000 	C:\Program Files\Java\jdk-17\bin\server\jvm.dll
0x00007ffc4c6a0000 - 0x00007ffc4c6a8000 	C:\WINDOWS\System32\PSAPI.DLL
0x00007ffc38140000 - 0x00007ffc38149000 	C:\WINDOWS\SYSTEM32\WSOCK32.dll
0x00007ffc4e180000 - 0x00007ffc4e1eb000 	C:\WINDOWS\System32\WS2_32.dll
0x00007ffc3b000000 - 0x00007ffc3b027000 	C:\WINDOWS\SYSTEM32\WINMM.dll
0x00007ffc4a480000 - 0x00007ffc4a492000 	C:\WINDOWS\SYSTEM32\kernel.appcore.dll
0x00007ffc38210000 - 0x00007ffc3821a000 	C:\Program Files\Java\jdk-17\bin\jimage.dll
0x00007ffc3ee70000 - 0x00007ffc3f054000 	C:\WINDOWS\SYSTEM32\DBGHELP.DLL
0x00007ffc3ee30000 - 0x00007ffc3ee64000 	C:\WINDOWS\SYSTEM32\dbgcore.DLL
0x00007ffc4be00000 - 0x00007ffc4be82000 	C:\WINDOWS\System32\bcryptPrimitives.dll
0x00007ffc47c80000 - 0x00007ffc47c8e000 	C:\Program Files\Java\jdk-17\bin\instrument.dll
0x00007ffc35ba0000 - 0x00007ffc35bc5000 	C:\Program Files\Java\jdk-17\bin\java.dll
0x00007ffc0c270000 - 0x00007ffc0c347000 	C:\Program Files\Java\jdk-17\bin\jsvml.dll
0x00007ffc4cbe0000 - 0x00007ffc4d34f000 	C:\WINDOWS\System32\SHELL32.dll
0x00007ffc49890000 - 0x00007ffc4a034000 	C:\WINDOWS\SYSTEM32\windows.storage.dll
0x00007ffc4d970000 - 0x00007ffc4dcc3000 	C:\WINDOWS\System32\combase.dll
0x00007ffc4b650000 - 0x00007ffc4b67e000 	C:\WINDOWS\SYSTEM32\Wldp.dll
0x00007ffc4cb10000 - 0x00007ffc4cbdd000 	C:\WINDOWS\System32\OLEAUT32.dll
0x00007ffc4df00000 - 0x00007ffc4dfad000 	C:\WINDOWS\System32\SHCORE.dll
0x00007ffc4d8f0000 - 0x00007ffc4d945000 	C:\WINDOWS\System32\shlwapi.dll
0x00007ffc4bc20000 - 0x00007ffc4bc44000 	C:\WINDOWS\SYSTEM32\profapi.dll
0x00007ffc2fd80000 - 0x00007ffc2fd98000 	C:\Program Files\Java\jdk-17\bin\zip.dll
0x00007ffc381f0000 - 0x00007ffc38209000 	C:\Program Files\Java\jdk-17\bin\net.dll
0x00007ffc41e20000 - 0x00007ffc41f2d000 	C:\WINDOWS\SYSTEM32\WINHTTP.dll
0x00007ffc4b3b0000 - 0x00007ffc4b41a000 	C:\WINDOWS\system32\mswsock.dll
0x00007ffc35b80000 - 0x00007ffc35b96000 	C:\Program Files\Java\jdk-17\bin\nio.dll
0x00007ffc2fd70000 - 0x00007ffc2fd80000 	C:\Program Files\Java\jdk-17\bin\verify.dll
0x00007ffc2fd40000 - 0x00007ffc2fd67000 	C:\Users\ZIDANE\.gradle\native\c067742578af261105cb4f569cf0c3c89f3d7b1fecec35dd04571415982c5e48\windows-amd64\native-platform.dll
0x00007ffc1d0c0000 - 0x00007ffc1d204000 	C:\Users\ZIDANE\.gradle\native\100fb08df4bc3b14c8652ba06237920a3bd2aa13389f12d3474272988ae205f9\windows-amd64\native-platform-file-events.dll
0x00007ffc2b400000 - 0x00007ffc2b40a000 	C:\Program Files\Java\jdk-17\bin\management.dll
0x00007ffc2b3f0000 - 0x00007ffc2b3fb000 	C:\Program Files\Java\jdk-17\bin\management_ext.dll
0x00007ffc4b5a0000 - 0x00007ffc4b5b8000 	C:\WINDOWS\SYSTEM32\CRYPTSP.dll
0x00007ffc4acd0000 - 0x00007ffc4ad04000 	C:\WINDOWS\system32\rsaenh.dll
0x00007ffc4bb30000 - 0x00007ffc4bb5e000 	C:\WINDOWS\SYSTEM32\USERENV.dll
0x00007ffc4b5c0000 - 0x00007ffc4b5cc000 	C:\WINDOWS\SYSTEM32\CRYPTBASE.dll
0x00007ffc4b090000 - 0x00007ffc4b0cb000 	C:\WINDOWS\SYSTEM32\IPHLPAPI.DLL
0x00007ffc4c710000 - 0x00007ffc4c718000 	C:\WINDOWS\System32\NSI.dll
0x00007ffc40c10000 - 0x00007ffc40c27000 	C:\WINDOWS\SYSTEM32\dhcpcsvc6.DLL
0x00007ffc432f0000 - 0x00007ffc4330d000 	C:\WINDOWS\SYSTEM32\dhcpcsvc.DLL
0x00007ffc4b0d0000 - 0x00007ffc4b19a000 	C:\WINDOWS\SYSTEM32\DNSAPI.dll
0x00007ffc46300000 - 0x00007ffc4630e000 	C:\Program Files\Java\jdk-17\bin\sunmscapi.dll
0x00007ffc4be90000 - 0x00007ffc4bfec000 	C:\WINDOWS\System32\CRYPT32.dll
0x00007ffc4b6c0000 - 0x00007ffc4b6e7000 	C:\WINDOWS\SYSTEM32\ncrypt.dll
0x00007ffc4b680000 - 0x00007ffc4b6bb000 	C:\WINDOWS\SYSTEM32\NTASN1.dll
0x00007ffc37860000 - 0x00007ffc37867000 	C:\WINDOWS\system32\wshunix.dll
0x00007ffc45a10000 - 0x00007ffc45a27000 	C:\WINDOWS\system32\napinsp.dll
0x00007ffc45180000 - 0x00007ffc4519b000 	C:\WINDOWS\system32\pnrpnsp.dll
0x00007ffc48730000 - 0x00007ffc48745000 	C:\WINDOWS\system32\wshbth.dll
0x00007ffc46a20000 - 0x00007ffc46a3d000 	C:\WINDOWS\system32\NLAapi.dll
0x00007ffc45100000 - 0x00007ffc45112000 	C:\WINDOWS\System32\winrnr.dll
0x00007ffc37640000 - 0x00007ffc3764a000 	C:\Windows\System32\rasadhlp.dll
0x00007ffc3b400000 - 0x00007ffc3b480000 	C:\WINDOWS\System32\fwpuclnt.dll
0x00007ffc48650000 - 0x00007ffc486e4000 	C:\WINDOWS\system32\apphelp.dll

dbghelp: loaded successfully - version: 4.0.5 - missing functions: none
symbol engine: initialized successfully - sym options: 0x614 - pdb path: .;C:\Program Files\Java\jdk-17\bin;C:\WINDOWS\SYSTEM32;C:\WINDOWS\WinSxS\amd64_microsoft.windows.common-controls_6595b64144ccf1df_6.0.19041.4355_none_60b8b9eb71f62e16;C:\Program Files\Java\jdk-17\bin\server;C:\Users\ZIDANE\.gradle\native\c067742578af261105cb4f569cf0c3c89f3d7b1fecec35dd04571415982c5e48\windows-amd64;C:\Users\ZIDANE\.gradle\native\100fb08df4bc3b14c8652ba06237920a3bd2aa13389f12d3474272988ae205f9\windows-amd64

VM Arguments:
jvm_args: -XX:MaxMetaspaceSize=512m --add-opens=java.base/java.util=ALL-UNNAMED --add-opens=java.base/java.lang=ALL-UNNAMED --add-opens=java.base/java.lang.invoke=ALL-UNNAMED --add-opens=java.prefs/java.util.prefs=ALL-UNNAMED --add-exports=jdk.compiler/com.sun.tools.javac.api=ALL-UNNAMED --add-exports=jdk.compiler/com.sun.tools.javac.util=ALL-UNNAMED --add-opens=java.base/java.nio.charset=ALL-UNNAMED --add-opens=java.base/java.net=ALL-UNNAMED --add-opens=java.base/java.util.concurrent.atomic=ALL-UNNAMED -Xmx2048m -Dfile.encoding=utf8 -Duser.country=FR -Duser.language=fr -Duser.variant -javaagent:C:\Users\ZIDANE\.gradle\wrapper\dists\gradle-8.10.2-all\7iv73wktx1xtkvlq19urqw1wm\gradle-8.10.2\lib\agents\gradle-instrumentation-agent-8.10.2.jar 
java_command: org.gradle.launcher.daemon.bootstrap.GradleDaemon 8.10.2
java_class_path (initial): C:\Users\ZIDANE\.gradle\wrapper\dists\gradle-8.10.2-all\7iv73wktx1xtkvlq19urqw1wm\gradle-8.10.2\lib\gradle-daemon-main-8.10.2.jar
Launcher Type: SUN_STANDARD

[Global flags]
     intx CICompilerCount                          = 3                                         {product} {ergonomic}
   size_t CompressedClassSpaceSize                 = 436207616                                 {product} {ergonomic}
     uint ConcGCThreads                            = 1                                         {product} {ergonomic}
     uint G1ConcRefinementThreads                  = 4                                         {product} {ergonomic}
   size_t G1HeapRegionSize                         = 1048576                                   {product} {ergonomic}
    uintx GCDrainStackTargetSize                   = 64                                        {product} {ergonomic}
   size_t InitialHeapSize                          = 67108864                                  {product} {ergonomic}
   size_t MarkStackSize                            = 4194304                                   {product} {ergonomic}
   size_t MaxHeapSize                              = 2147483648                                {product} {command line}
   size_t MaxMetaspaceSize                         = 536870912                                 {product} {command line}
   size_t MaxNewSize                               = 1287651328                                {product} {ergonomic}
   size_t MinHeapDeltaBytes                        = 1048576                                   {product} {ergonomic}
   size_t MinHeapSize                              = 8388608                                   {product} {ergonomic}
    uintx NonNMethodCodeHeapSize                   = 5832780                                {pd product} {ergonomic}
    uintx NonProfiledCodeHeapSize                  = 122912730                              {pd product} {ergonomic}
    uintx ProfiledCodeHeapSize                     = 122912730                              {pd product} {ergonomic}
    uintx ReservedCodeCacheSize                    = 251658240                              {pd product} {ergonomic}
     bool SegmentedCodeCache                       = true                                      {product} {ergonomic}
   size_t SoftMaxHeapSize                          = 2147483648                             {manageable} {ergonomic}
     bool UseCompressedClassPointers               = true                           {product lp64_product} {ergonomic}
     bool UseCompressedOops                        = true                           {product lp64_product} {ergonomic}
     bool UseG1GC                                  = true                                      {product} {ergonomic}
     bool UseLargePagesIndividualAllocation        = false                                  {pd product} {ergonomic}

Logging:
Log output configuration:
 #0: stdout all=warning uptime,level,tags
 #1: stderr all=off uptime,level,tags

Environment Variables:
JAVA_HOME=C:\Program Files\Java\jdk-17
PATH=C:\Program Files (x86)\Common Files\Intel\Shared Libraries\redist\intel64\compiler;C:\Program Files\Common Files\Oracle\Java\javapath;C:\Program Files (x86)\Common Files\Oracle\Java\java8path;C:\Program Files (x86)\Common Files\Oracle\Java\javapath;C:\Program Files\Java\jdk-17\bin;C:\WINDOWS\system32;C:\WINDOWS;C:\WINDOWS\System32\Wbem;C:\WINDOWS\System32\WindowsPowerShell\v1.0\;C:\WINDOWS\System32\OpenSSH\;C:\Program Files\nodejs\;C:\Program Files\Git\cmd;choco;C:\ProgramData\chocolatey\bin;STM32CubeProgrammer path\bin;C:\Program Files\php-8.3.6;C:\Users\ZIDANE\Desktop\Nouveau dossier\scrcpy-win64-v2.6.1;C:\WINDOWS\system32;C:\WINDOWS;C:\WINDOWS\System32\Wbem;C:\WINDOWS\System32\WindowsPowerShell\v1.0\;C:\WINDOWS\System32\OpenSSH\;C:\Program Files\nodejs\;C:\Program Files\Git\cmd;choco;C:\ProgramData\chocolatey\bin;STM32CubeProgrammer path\bin;C:\Program Files\php-8.3.6;C:\Users\ZIDANE\AppData\Local\Android\Sdk\tools;C:\Users\ZIDANE\AppData\Local\Microsoft\WindowsApps;C:\Users\ZIDANE\AppData\Local\Programs\Microsoft VS Code\bin;C:\Users\ZIDANE\AppData\Roaming\npm;C:\Users\ZIDANE\AppData\Local\Android\Sdk\platform-tools;C:\flutter\flutter\bin;C:\Program Files\Java\jdk-17\bin;;%USERPROFILE%\AppData\Local\Microsoft\WindowsApps
USERNAME=ZIDANE
OS=Windows_NT
PROCESSOR_IDENTIFIER=Intel64 Family 6 Model 58 Stepping 9, GenuineIntel



---------------  S Y S T E M  ---------------

OS:
 Windows 10 , 64 bit Build 19041 (10.0.19041.4957)
OS uptime: 1 days 14:06 hours

CPU: total 4 (initial active 4) (2 cores per cpu, 2 threads per core) family 6 model 58 stepping 9 microcode 0x21, cx8, cmov, fxsr, ht, mmx, sse, sse2, sse3, ssse3, sse4.1, sse4.2, popcnt, tsc, tscinvbit, avx, aes, erms, clmul, vzeroupper, clflush

Memory: 4k page, system-wide physical 3999M (231M free)
TotalPageFile size 16287M (AvailPageFile size 92M)
current process WorkingSet (physical memory assigned to process): 302M, peak: 366M
current process commit charge ("private bytes"): 449M, peak: 636M

vm_info: Java HotSpot(TM) 64-Bit Server VM (17.0.12+8-LTS-286) for windows-amd64 JRE (17.0.12+8-LTS-286), built on Jun  5 2024 06:46:59 by "mach5one" with MS VC++ 17.6 (VS2022)

END.
