#
# There is insufficient memory for the Java Runtime Environment to continue.
# Native memory allocation (mmap) failed to map 65536 bytes for Failed to commit metaspace.
# Possible reasons:
#   The system is out of physical RAM or swap space
#   The process is running with CompressedOops enabled, and the Java Heap may be blocking the growth of the native heap
# Possible solutions:
#   Reduce memory load on the system
#   Increase physical memory or swap space
#   Check if swap backing store is full
#   Decrease Java heap size (-Xmx/-Xms)
#   Decrease number of Java threads
#   Decrease Java thread stack sizes (-Xss)
#   Set larger code cache with -XX:ReservedCodeCacheSize=
#   JVM is running with Unscaled Compressed Oops mode in which the Java heap is
#     placed in the first 4GB address space. The Java Heap base address is the
#     maximum limit for the native heap growth. Please use -XX:HeapBaseMinAddress
#     to set the Java Heap base and to place the Java Heap above 4GB virtual address.
# This output file may be truncated or incomplete.
#
#  Out of Memory Error (virtualSpaceNode.cpp:110), pid=7636, tid=15380
#
# JRE version: Java(TM) SE Runtime Environment (17.0.12+8) (build 17.0.12+8-LTS-286)
# Java VM: Java HotSpot(TM) 64-Bit Server VM (17.0.12+8-LTS-286, mixed mode, sharing, tiered, compressed oops, compressed class ptrs, g1 gc, windows-amd64)
# No core dump will be written. Minidumps are not enabled by default on client versions of Windows
#

---------------  S U M M A R Y ------------

Command Line: -Xmx64m -Xms64m -Dorg.gradle.appname=gradlew org.gradle.wrapper.GradleWrapperMain app:installDebug -PreactNativeDevServerPort=8081

Host: Intel(R) Core(TM) i5-3320M CPU @ 2.60GHz, 4 cores, 3G,  Windows 10 , 64 bit Build 19041 (10.0.19041.4957)
Time: Sun Nov  3 12:48:58 2024 Afr. centrale Ouest elapsed time: 2.523474 seconds (0d 0h 0m 2s)

---------------  T H R E A D  ---------------

Current thread (0x00000197b3fdb910):  JavaThread "main" [_thread_in_vm, id=15380, stack(0x00000028bf500000,0x00000028bf600000)]

Stack: [0x00000028bf500000,0x00000028bf600000]
Native frames: (J=compiled Java code, j=interpreted, Vv=VM code, C=native code)
V  [jvm.dll+0x67a04a]
V  [jvm.dll+0x7da4ed]
V  [jvm.dll+0x7dbe33]
V  [jvm.dll+0x7dc4a3]
V  [jvm.dll+0x24508f]
V  [jvm.dll+0x7d60bb]
V  [jvm.dll+0x6206c6]
V  [jvm.dll+0x1bed07]
V  [jvm.dll+0x623022]
V  [jvm.dll+0x621086]
V  [jvm.dll+0x23a821]
V  [jvm.dll+0x1e8e87]
V  [jvm.dll+0x1dea41]
V  [jvm.dll+0x53f78c]
V  [jvm.dll+0x7553b8]
V  [jvm.dll+0x7554a4]
V  [jvm.dll+0x40d1af]
V  [jvm.dll+0x413c39]
C  [java.dll+0x17ec]

Java frames: (J=compiled Java code, j=interpreted, Vv=VM code)
J 857  java.lang.ClassLoader.defineClass1(Ljava/lang/ClassLoader;Ljava/lang/String;[BIILjava/security/ProtectionDomain;Ljava/lang/String;)Ljava/lang/Class; java.base@17.0.12 (0 bytes) @ 0x00000197c33c6963 [0x00000197c33c68a0+0x00000000000000c3]
J 1008 c1 java.lang.ClassLoader.defineClass(Ljava/lang/String;[BIILjava/security/ProtectionDomain;)Ljava/lang/Class; java.base@17.0.12 (43 bytes) @ 0x00000197bba8d3d4 [0x00000197bba8d080+0x0000000000000354]
J 1002 c1 java.security.SecureClassLoader.defineClass(Ljava/lang/String;[BIILjava/security/CodeSource;)Ljava/lang/Class; java.base@17.0.12 (16 bytes) @ 0x00000197bba8948c [0x00000197bba893c0+0x00000000000000cc]
J 921 c1 java.net.URLClassLoader.defineClass(Ljava/lang/String;Ljdk/internal/loader/Resource;)Ljava/lang/Class; java.base@17.0.12 (224 bytes) @ 0x00000197bba663c4 [0x00000197bba64940+0x0000000000001a84]
J 856 c1 java.net.URLClassLoader$1.run()Ljava/lang/Class; java.base@17.0.12 (81 bytes) @ 0x00000197bba37ccc [0x00000197bba370a0+0x0000000000000c2c]
J 792 c1 java.net.URLClassLoader$1.run()Ljava/lang/Object; java.base@17.0.12 (5 bytes) @ 0x00000197bba103c4 [0x00000197bba10340+0x0000000000000084]
J 678 c1 java.security.AccessController.doPrivileged(Ljava/security/PrivilegedExceptionAction;Ljava/security/AccessControlContext;)Ljava/lang/Object; java.base@17.0.12 (26 bytes) @ 0x00000197bb9d7e7c [0x00000197bb9d7ca0+0x00000000000001dc]
J 790 c1 java.net.URLClassLoader.findClass(Ljava/lang/String;)Ljava/lang/Class; java.base@17.0.12 (47 bytes) @ 0x00000197bba0f61c [0x00000197bba0f480+0x000000000000019c]
J 757 c1 java.lang.ClassLoader.loadClass(Ljava/lang/String;Z)Ljava/lang/Class; java.base@17.0.12 (121 bytes) @ 0x00000197bba04a74 [0x00000197bba044c0+0x00000000000005b4]
J 742 c1 java.lang.ClassLoader.loadClass(Ljava/lang/String;)Ljava/lang/Class; java.base@17.0.12 (7 bytes) @ 0x00000197bb9fe9cc [0x00000197bb9fe8c0+0x000000000000010c]
v  ~StubRoutines::call_stub
j  org.gradle.internal.serialize.BaseSerializerFactory.<clinit>()V+121
v  ~StubRoutines::call_stub
j  org.gradle.tooling.internal.provider.action.BuildActionSerializer$StartParameterSerializer.<init>()V+21
j  org.gradle.tooling.internal.provider.action.BuildActionSerializer$ExecuteBuildActionSerializer.<init>()V+9
j  org.gradle.tooling.internal.provider.action.BuildActionSerializer$ExecuteBuildActionSerializer.<init>(Lorg/gradle/tooling/internal/provider/action/BuildActionSerializer$1;)V+1
j  org.gradle.tooling.internal.provider.action.BuildActionSerializer.create()Lorg/gradle/internal/serialize/Serializer;+16
j  org.gradle.launcher.daemon.client.DaemonClientGlobalServices.createBuildActionSerializer()Lorg/gradle/internal/serialize/Serializer;+0
v  ~StubRoutines::call_stub
j  jdk.internal.reflect.NativeMethodAccessorImpl.invoke0(Ljava/lang/reflect/Method;Ljava/lang/Object;[Ljava/lang/Object;)Ljava/lang/Object;+0 java.base@17.0.12
j  jdk.internal.reflect.NativeMethodAccessorImpl.invoke(Ljava/lang/Object;[Ljava/lang/Object;)Ljava/lang/Object;+133 java.base@17.0.12
j  jdk.internal.reflect.DelegatingMethodAccessorImpl.invoke(Ljava/lang/Object;[Ljava/lang/Object;)Ljava/lang/Object;+6 java.base@17.0.12
j  java.lang.reflect.Method.invoke(Ljava/lang/Object;[Ljava/lang/Object;)Ljava/lang/Object;+59 java.base@17.0.12
j  org.gradle.internal.reflect.JavaMethod.invoke(Ljava/lang/Object;[Ljava/lang/Object;)Ljava/lang/Object;+6
j  org.gradle.internal.service.ReflectionBasedServiceMethod.invoke(Ljava/lang/Object;[Ljava/lang/Object;)Ljava/lang/Object;+6
j  org.gradle.internal.service.DefaultServiceRegistry$FactoryMethodService.invokeMethod([Ljava/lang/Object;)Ljava/lang/Object;+28
j  org.gradle.internal.service.DefaultServiceRegistry$FactoryService.createServiceInstance()Ljava/lang/Object;+7
j  org.gradle.internal.service.DefaultServiceRegistry$FactoryMethodService.createServiceInstance()Ljava/lang/Object;+1
j  org.gradle.internal.service.DefaultServiceRegistry$ManagedObjectServiceProvider.getInstance()Ljava/lang/Object;+24
j  org.gradle.internal.service.DefaultServiceRegistry$SingletonService.get()Ljava/lang/Object;+1
j  org.gradle.internal.service.DefaultServiceRegistry$FactoryService.assembleParameters()[Ljava/lang/Object;+44
j  org.gradle.internal.service.DefaultServiceRegistry$FactoryService.createServiceInstance()Ljava/lang/Object;+1
j  org.gradle.internal.service.DefaultServiceRegistry$FactoryMethodService.createServiceInstance()Ljava/lang/Object;+1
j  org.gradle.internal.service.DefaultServiceRegistry$ManagedObjectServiceProvider.getInstance()Ljava/lang/Object;+24
j  org.gradle.internal.service.DefaultServiceRegistry$SingletonService.get()Ljava/lang/Object;+1
j  org.gradle.internal.service.DefaultServiceRegistry$FactoryService.assembleParameters()[Ljava/lang/Object;+44
j  org.gradle.internal.service.DefaultServiceRegistry$FactoryService.createServiceInstance()Ljava/lang/Object;+1
j  org.gradle.internal.service.DefaultServiceRegistry$FactoryMethodService.createServiceInstance()Ljava/lang/Object;+1
j  org.gradle.internal.service.DefaultServiceRegistry$ManagedObjectServiceProvider.getInstance()Ljava/lang/Object;+24
j  org.gradle.internal.service.DefaultServiceRegistry$SingletonService.get()Ljava/lang/Object;+1
j  org.gradle.internal.service.DefaultServiceRegistry.find(Ljava/lang/reflect/Type;)Ljava/lang/Object;+22
j  org.gradle.internal.service.DefaultServiceRegistry.get(Ljava/lang/reflect/Type;)Ljava/lang/Object;+2
j  org.gradle.internal.service.DefaultServiceRegistry.get(Ljava/lang/Class;)Ljava/lang/Object;+3
j  org.gradle.launcher.cli.BuildActionsFactory.runBuildWithDaemon(Lorg/gradle/api/internal/StartParameterInternal;Lorg/gradle/launcher/daemon/configuration/DaemonParameters;Lorg/gradle/launcher/daemon/context/DaemonRequestContext;)Ljava/lang/Runnable;+36
j  org.gradle.launcher.cli.BuildActionsFactory.createAction(Lorg/gradle/cli/CommandLineParser;Lorg/gradle/cli/ParsedCommandLine;Lorg/gradle/launcher/cli/Parameters;)Lorg/gradle/api/Action;+148
j  org.gradle.launcher.cli.DefaultCommandLineActionFactory$ParseAndBuildAction.createAction(Lorg/gradle/cli/CommandLineParser;Lorg/gradle/cli/ParsedCommandLine;Lorg/gradle/launcher/cli/Parameters;)Lorg/gradle/api/Action;+48
j  org.gradle.launcher.cli.DefaultCommandLineActionFactory$ParseAndBuildAction.execute(Lorg/gradle/launcher/bootstrap/ExecutionListener;)V+97
j  org.gradle.launcher.cli.DefaultCommandLineActionFactory$ParseAndBuildAction.execute(Ljava/lang/Object;)V+5
j  org.gradle.launcher.cli.DebugLoggerWarningAction.execute(Lorg/gradle/launcher/bootstrap/ExecutionListener;)V+9
j  org.gradle.launcher.cli.DebugLoggerWarningAction.execute(Ljava/lang/Object;)V+5
j  org.gradle.launcher.cli.WelcomeMessageAction.execute(Lorg/gradle/launcher/bootstrap/ExecutionListener;)V+218
j  org.gradle.launcher.cli.WelcomeMessageAction.execute(Ljava/lang/Object;)V+5
j  org.gradle.launcher.cli.NativeServicesInitializingAction.execute(Lorg/gradle/launcher/bootstrap/ExecutionListener;)V+38
j  org.gradle.launcher.cli.NativeServicesInitializingAction.execute(Ljava/lang/Object;)V+5
j  org.gradle.launcher.cli.ExceptionReportingAction.execute(Lorg/gradle/launcher/bootstrap/ExecutionListener;)V+5
j  org.gradle.launcher.cli.ExceptionReportingAction.execute(Ljava/lang/Object;)V+5
j  org.gradle.launcher.cli.DefaultCommandLineActionFactory$WithLogging.execute(Lorg/gradle/launcher/bootstrap/ExecutionListener;)V+309
j  org.gradle.launcher.Main.doAction([Ljava/lang/String;Lorg/gradle/launcher/bootstrap/ExecutionListener;)V+14
j  org.gradle.launcher.bootstrap.EntryPoint.run([Ljava/lang/String;)V+12
v  ~StubRoutines::call_stub
j  jdk.internal.reflect.NativeMethodAccessorImpl.invoke0(Ljava/lang/reflect/Method;Ljava/lang/Object;[Ljava/lang/Object;)Ljava/lang/Object;+0 java.base@17.0.12
j  jdk.internal.reflect.NativeMethodAccessorImpl.invoke(Ljava/lang/Object;[Ljava/lang/Object;)Ljava/lang/Object;+133 java.base@17.0.12
j  jdk.internal.reflect.DelegatingMethodAccessorImpl.invoke(Ljava/lang/Object;[Ljava/lang/Object;)Ljava/lang/Object;+6 java.base@17.0.12
j  java.lang.reflect.Method.invoke(Ljava/lang/Object;[Ljava/lang/Object;)Ljava/lang/Object;+59 java.base@17.0.12
j  org.gradle.launcher.bootstrap.ProcessBootstrap.runNoExit(Ljava/lang/String;Ljava/lang/String;Ljava/lang/String;[Ljava/lang/String;)V+205
j  org.gradle.launcher.bootstrap.ProcessBootstrap.run(Ljava/lang/String;Ljava/lang/String;Ljava/lang/String;[Ljava/lang/String;)V+4
j  org.gradle.launcher.GradleMain.main([Ljava/lang/String;)V+68
v  ~StubRoutines::call_stub
j  jdk.internal.reflect.NativeMethodAccessorImpl.invoke0(Ljava/lang/reflect/Method;Ljava/lang/Object;[Ljava/lang/Object;)Ljava/lang/Object;+0 java.base@17.0.12
j  jdk.internal.reflect.NativeMethodAccessorImpl.invoke(Ljava/lang/Object;[Ljava/lang/Object;)Ljava/lang/Object;+133 java.base@17.0.12
j  jdk.internal.reflect.DelegatingMethodAccessorImpl.invoke(Ljava/lang/Object;[Ljava/lang/Object;)Ljava/lang/Object;+6 java.base@17.0.12
j  java.lang.reflect.Method.invoke(Ljava/lang/Object;[Ljava/lang/Object;)Ljava/lang/Object;+59 java.base@17.0.12
j  org.gradle.wrapper.GradleWrapperMain.main([Ljava/lang/String;)V+1826
v  ~StubRoutines::call_stub

---------------  P R O C E S S  ---------------

Threads class SMR info:
_java_thread_list=0x0000019812cea2f0, length=13, elements={
0x00000197b3fdb910, 0x00000197ccebff30, 0x00000197ccec0bc0, 0x00000197cced5690,
0x00000197cced6160, 0x00000197cced8a40, 0x00000197cced9310, 0x00000197ccedb260,
0x00000197ccef2830, 0x00000197ccf3ccb0, 0x000001981217fc90, 0x0000019812186190,
0x0000019812c8d7e0
}

Java Threads: ( => current thread )
=>0x00000197b3fdb910 JavaThread "main" [_thread_in_vm, id=15380, stack(0x00000028bf500000,0x00000028bf600000)]
  0x00000197ccebff30 JavaThread "Reference Handler" daemon [_thread_blocked, id=4536, stack(0x00000028bfc00000,0x00000028bfd00000)]
  0x00000197ccec0bc0 JavaThread "Finalizer" daemon [_thread_blocked, id=3924, stack(0x00000028bfd00000,0x00000028bfe00000)]
  0x00000197cced5690 JavaThread "Signal Dispatcher" daemon [_thread_blocked, id=5232, stack(0x00000028bfe00000,0x00000028bff00000)]
  0x00000197cced6160 JavaThread "Attach Listener" daemon [_thread_blocked, id=11052, stack(0x00000028bff00000,0x00000028c0000000)]
  0x00000197cced8a40 JavaThread "Service Thread" daemon [_thread_blocked, id=10720, stack(0x00000028c0000000,0x00000028c0100000)]
  0x00000197cced9310 JavaThread "Monitor Deflation Thread" daemon [_thread_blocked, id=4044, stack(0x00000028c0100000,0x00000028c0200000)]
  0x00000197ccedb260 JavaThread "C2 CompilerThread0" daemon [_thread_blocked, id=16412, stack(0x00000028c0200000,0x00000028c0300000)]
  0x00000197ccef2830 JavaThread "C1 CompilerThread0" daemon [_thread_blocked, id=8620, stack(0x00000028c0300000,0x00000028c0400000)]
  0x00000197ccf3ccb0 JavaThread "Sweeper thread" daemon [_thread_blocked, id=2976, stack(0x00000028c0400000,0x00000028c0500000)]
  0x000001981217fc90 JavaThread "Notification Thread" daemon [_thread_blocked, id=8904, stack(0x00000028c0500000,0x00000028c0600000)]
  0x0000019812186190 JavaThread "Common-Cleaner" daemon [_thread_blocked, id=11160, stack(0x00000028c0700000,0x00000028c0800000)]
  0x0000019812c8d7e0 JavaThread "pool-1-thread-1" [_thread_blocked, id=6244, stack(0x00000028c0b00000,0x00000028c0c00000)]

Other Threads:
  0x00000197b40aac90 VMThread "VM Thread" [stack: 0x00000028bfb00000,0x00000028bfc00000] [id=11164]
  0x00000197b4002db0 WatcherThread [stack: 0x00000028c0600000,0x00000028c0700000] [id=10864]
  0x00000197b3ffb670 GCTaskThread "GC Thread#0" [stack: 0x00000028bf600000,0x00000028bf700000] [id=388]
  0x000001981233ef70 GCTaskThread "GC Thread#1" [stack: 0x00000028c0800000,0x00000028c0900000] [id=8016]
  0x0000019812339170 GCTaskThread "GC Thread#2" [stack: 0x00000028c0900000,0x00000028c0a00000] [id=2320]
  0x000001981245f840 GCTaskThread "GC Thread#3" [stack: 0x00000028c0a00000,0x00000028c0b00000] [id=16888]
  0x00000197b3ffccd0 ConcurrentGCThread "G1 Main Marker" [stack: 0x00000028bf700000,0x00000028bf800000] [id=5304]
  0x00000197b3ffd5f0 ConcurrentGCThread "G1 Conc#0" [stack: 0x00000028bf800000,0x00000028bf900000] [id=8604]
  0x00000197b404bfe0 ConcurrentGCThread "G1 Refine#0" [stack: 0x00000028bf900000,0x00000028bfa00000] [id=2624]
  0x00000197b404c920 ConcurrentGCThread "G1 Service" [stack: 0x00000028bfa00000,0x00000028bfb00000] [id=16784]

Threads with active compile tasks:

VM state: not at safepoint (normal execution)

VM Mutex/Monitor currently owned by a thread:  ([mutex/lock_event])
[0x00000197b3fd56c0] Metaspace_lock - owner thread: 0x00000197b3fdb910

Heap address: 0x00000000fc000000, size: 64 MB, Compressed Oops mode: 32-bit

CDS archive(s) mapped at: [0x00000197cd000000-0x00000197cdbd0000-0x00000197cdbd0000), size 12386304, SharedBaseAddress: 0x00000197cd000000, ArchiveRelocationMode: 1.
Compressed class space mapped at: 0x00000197ce000000-0x000001980e000000, reserved size: 1073741824
Narrow klass base: 0x00000197cd000000, Narrow klass shift: 0, Narrow klass range: 0x100000000

GC Precious Log:
 CPUs: 4 total, 4 available
 Memory: 3999M
 Large Page Support: Disabled
 NUMA Support: Disabled
 Compressed Oops: Enabled (32-bit)
 Heap Region Size: 1M
 Heap Min Capacity: 64M
 Heap Initial Capacity: 64M
 Heap Max Capacity: 64M
 Pre-touch: Disabled
 Parallel Workers: 4
 Concurrent Workers: 1
 Concurrent Refinement Workers: 4
 Periodic GC: Disabled

Heap:
 garbage-first heap   total 65536K, used 26132K [0x00000000fc000000, 0x0000000100000000)
  region size 1024K, 19 young (19456K), 3 survivors (3072K)
 Metaspace       used 6943K, committed 7104K, reserved 1114112K
  class space    used 941K, committed 1024K, reserved 1048576K

Heap Regions: E=young(eden), S=young(survivor), O=old, HS=humongous(starts), HC=humongous(continues), CS=collection set, F=free, OA=open archive, CA=closed archive, TAMS=top-at-mark-start (previous, next)
|   0|0x00000000fc000000, 0x00000000fc100000, 0x00000000fc100000|100%|HS|  |TAMS 0x00000000fc000000, 0x00000000fc000000| Complete 
|   1|0x00000000fc100000, 0x00000000fc200000, 0x00000000fc200000|100%|HC|  |TAMS 0x00000000fc100000, 0x00000000fc100000| Complete 
|   2|0x00000000fc200000, 0x00000000fc300000, 0x00000000fc300000|100%|HC|  |TAMS 0x00000000fc200000, 0x00000000fc200000| Complete 
|   3|0x00000000fc300000, 0x00000000fc400000, 0x00000000fc400000|100%|HC|  |TAMS 0x00000000fc300000, 0x00000000fc300000| Complete 
|   4|0x00000000fc400000, 0x00000000fc500000, 0x00000000fc500000|100%| O|  |TAMS 0x00000000fc400000, 0x00000000fc400000| Untracked 
|   5|0x00000000fc500000, 0x00000000fc600000, 0x00000000fc600000|100%| O|  |TAMS 0x00000000fc500000, 0x00000000fc500000| Untracked 
|   6|0x00000000fc600000, 0x00000000fc700000, 0x00000000fc700000|100%| O|  |TAMS 0x00000000fc600000, 0x00000000fc600000| Untracked 
|   7|0x00000000fc700000, 0x00000000fc785000, 0x00000000fc800000| 51%| O|  |TAMS 0x00000000fc700000, 0x00000000fc700000| Untracked 
|   8|0x00000000fc800000, 0x00000000fc800000, 0x00000000fc900000|  0%| F|  |TAMS 0x00000000fc800000, 0x00000000fc800000| Untracked 
|   9|0x00000000fc900000, 0x00000000fc900000, 0x00000000fca00000|  0%| F|  |TAMS 0x00000000fc900000, 0x00000000fc900000| Untracked 
|  10|0x00000000fca00000, 0x00000000fca00000, 0x00000000fcb00000|  0%| F|  |TAMS 0x00000000fca00000, 0x00000000fca00000| Untracked 
|  11|0x00000000fcb00000, 0x00000000fcb00000, 0x00000000fcc00000|  0%| F|  |TAMS 0x00000000fcb00000, 0x00000000fcb00000| Untracked 
|  12|0x00000000fcc00000, 0x00000000fcc00000, 0x00000000fcd00000|  0%| F|  |TAMS 0x00000000fcc00000, 0x00000000fcc00000| Untracked 
|  13|0x00000000fcd00000, 0x00000000fcd00000, 0x00000000fce00000|  0%| F|  |TAMS 0x00000000fcd00000, 0x00000000fcd00000| Untracked 
|  14|0x00000000fce00000, 0x00000000fce00000, 0x00000000fcf00000|  0%| F|  |TAMS 0x00000000fce00000, 0x00000000fce00000| Untracked 
|  15|0x00000000fcf00000, 0x00000000fcf00000, 0x00000000fd000000|  0%| F|  |TAMS 0x00000000fcf00000, 0x00000000fcf00000| Untracked 
|  16|0x00000000fd000000, 0x00000000fd000000, 0x00000000fd100000|  0%| F|  |TAMS 0x00000000fd000000, 0x00000000fd000000| Untracked 
|  17|0x00000000fd100000, 0x00000000fd100000, 0x00000000fd200000|  0%| F|  |TAMS 0x00000000fd100000, 0x00000000fd100000| Untracked 
|  18|0x00000000fd200000, 0x00000000fd200000, 0x00000000fd300000|  0%| F|  |TAMS 0x00000000fd200000, 0x00000000fd200000| Untracked 
|  19|0x00000000fd300000, 0x00000000fd300000, 0x00000000fd400000|  0%| F|  |TAMS 0x00000000fd300000, 0x00000000fd300000| Untracked 
|  20|0x00000000fd400000, 0x00000000fd400000, 0x00000000fd500000|  0%| F|  |TAMS 0x00000000fd400000, 0x00000000fd400000| Untracked 
|  21|0x00000000fd500000, 0x00000000fd500000, 0x00000000fd600000|  0%| F|  |TAMS 0x00000000fd500000, 0x00000000fd500000| Untracked 
|  22|0x00000000fd600000, 0x00000000fd600000, 0x00000000fd700000|  0%| F|  |TAMS 0x00000000fd600000, 0x00000000fd600000| Untracked 
|  23|0x00000000fd700000, 0x00000000fd700000, 0x00000000fd800000|  0%| F|  |TAMS 0x00000000fd700000, 0x00000000fd700000| Untracked 
|  24|0x00000000fd800000, 0x00000000fd800000, 0x00000000fd900000|  0%| F|  |TAMS 0x00000000fd800000, 0x00000000fd800000| Untracked 
|  25|0x00000000fd900000, 0x00000000fd900000, 0x00000000fda00000|  0%| F|  |TAMS 0x00000000fd900000, 0x00000000fd900000| Untracked 
|  26|0x00000000fda00000, 0x00000000fda00000, 0x00000000fdb00000|  0%| F|  |TAMS 0x00000000fda00000, 0x00000000fda00000| Untracked 
|  27|0x00000000fdb00000, 0x00000000fdb00000, 0x00000000fdc00000|  0%| F|  |TAMS 0x00000000fdb00000, 0x00000000fdb00000| Untracked 
|  28|0x00000000fdc00000, 0x00000000fdc00000, 0x00000000fdd00000|  0%| F|  |TAMS 0x00000000fdc00000, 0x00000000fdc00000| Untracked 
|  29|0x00000000fdd00000, 0x00000000fdd00000, 0x00000000fde00000|  0%| F|  |TAMS 0x00000000fdd00000, 0x00000000fdd00000| Untracked 
|  30|0x00000000fde00000, 0x00000000fde00000, 0x00000000fdf00000|  0%| F|  |TAMS 0x00000000fde00000, 0x00000000fde00000| Untracked 
|  31|0x00000000fdf00000, 0x00000000fdf00000, 0x00000000fe000000|  0%| F|  |TAMS 0x00000000fdf00000, 0x00000000fdf00000| Untracked 
|  32|0x00000000fe000000, 0x00000000fe000000, 0x00000000fe100000|  0%| F|  |TAMS 0x00000000fe000000, 0x00000000fe000000| Untracked 
|  33|0x00000000fe100000, 0x00000000fe100000, 0x00000000fe200000|  0%| F|  |TAMS 0x00000000fe100000, 0x00000000fe100000| Untracked 
|  34|0x00000000fe200000, 0x00000000fe200000, 0x00000000fe300000|  0%| F|  |TAMS 0x00000000fe200000, 0x00000000fe200000| Untracked 
|  35|0x00000000fe300000, 0x00000000fe300000, 0x00000000fe400000|  0%| F|  |TAMS 0x00000000fe300000, 0x00000000fe300000| Untracked 
|  36|0x00000000fe400000, 0x00000000fe400000, 0x00000000fe500000|  0%| F|  |TAMS 0x00000000fe400000, 0x00000000fe400000| Untracked 
|  37|0x00000000fe500000, 0x00000000fe500000, 0x00000000fe600000|  0%| F|  |TAMS 0x00000000fe500000, 0x00000000fe500000| Untracked 
|  38|0x00000000fe600000, 0x00000000fe600000, 0x00000000fe700000|  0%| F|  |TAMS 0x00000000fe600000, 0x00000000fe600000| Untracked 
|  39|0x00000000fe700000, 0x00000000fe700000, 0x00000000fe800000|  0%| F|  |TAMS 0x00000000fe700000, 0x00000000fe700000| Untracked 
|  40|0x00000000fe800000, 0x00000000fe800000, 0x00000000fe900000|  0%| F|  |TAMS 0x00000000fe800000, 0x00000000fe800000| Untracked 
|  41|0x00000000fe900000, 0x00000000fea00000, 0x00000000fea00000|100%| S|CS|TAMS 0x00000000fe900000, 0x00000000fe900000| Complete 
|  42|0x00000000fea00000, 0x00000000feb00000, 0x00000000feb00000|100%| S|CS|TAMS 0x00000000fea00000, 0x00000000fea00000| Complete 
|  43|0x00000000feb00000, 0x00000000fec00000, 0x00000000fec00000|100%| S|CS|TAMS 0x00000000feb00000, 0x00000000feb00000| Complete 
|  44|0x00000000fec00000, 0x00000000fec00000, 0x00000000fed00000|  0%| F|  |TAMS 0x00000000fec00000, 0x00000000fec00000| Untracked 
|  45|0x00000000fed00000, 0x00000000fed00000, 0x00000000fee00000|  0%| F|  |TAMS 0x00000000fed00000, 0x00000000fed00000| Untracked 
|  46|0x00000000fee00000, 0x00000000fee00000, 0x00000000fef00000|  0%| F|  |TAMS 0x00000000fee00000, 0x00000000fee00000| Untracked 
|  47|0x00000000fef00000, 0x00000000fef00000, 0x00000000ff000000|  0%| F|  |TAMS 0x00000000fef00000, 0x00000000fef00000| Untracked 
|  48|0x00000000ff000000, 0x00000000ff0817a0, 0x00000000ff100000| 50%| E|  |TAMS 0x00000000ff000000, 0x00000000ff000000| Complete 
|  49|0x00000000ff100000, 0x00000000ff200000, 0x00000000ff200000|100%| E|CS|TAMS 0x00000000ff100000, 0x00000000ff100000| Complete 
|  50|0x00000000ff200000, 0x00000000ff300000, 0x00000000ff300000|100%| E|CS|TAMS 0x00000000ff200000, 0x00000000ff200000| Complete 
|  51|0x00000000ff300000, 0x00000000ff400000, 0x00000000ff400000|100%| E|CS|TAMS 0x00000000ff300000, 0x00000000ff300000| Complete 
|  52|0x00000000ff400000, 0x00000000ff500000, 0x00000000ff500000|100%| E|CS|TAMS 0x00000000ff400000, 0x00000000ff400000| Complete 
|  53|0x00000000ff500000, 0x00000000ff600000, 0x00000000ff600000|100%| E|CS|TAMS 0x00000000ff500000, 0x00000000ff500000| Complete 
|  54|0x00000000ff600000, 0x00000000ff700000, 0x00000000ff700000|100%| E|CS|TAMS 0x00000000ff600000, 0x00000000ff600000| Complete 
|  55|0x00000000ff700000, 0x00000000ff800000, 0x00000000ff800000|100%| E|CS|TAMS 0x00000000ff700000, 0x00000000ff700000| Complete 
|  56|0x00000000ff800000, 0x00000000ff900000, 0x00000000ff900000|100%| E|CS|TAMS 0x00000000ff800000, 0x00000000ff800000| Complete 
|  57|0x00000000ff900000, 0x00000000ffa00000, 0x00000000ffa00000|100%| E|CS|TAMS 0x00000000ff900000, 0x00000000ff900000| Complete 
|  58|0x00000000ffa00000, 0x00000000ffb00000, 0x00000000ffb00000|100%| E|CS|TAMS 0x00000000ffa00000, 0x00000000ffa00000| Complete 
|  59|0x00000000ffb00000, 0x00000000ffc00000, 0x00000000ffc00000|100%| E|CS|TAMS 0x00000000ffb00000, 0x00000000ffb00000| Complete 
|  60|0x00000000ffc00000, 0x00000000ffd00000, 0x00000000ffd00000|100%| E|CS|TAMS 0x00000000ffc00000, 0x00000000ffc00000| Complete 
|  61|0x00000000ffd00000, 0x00000000ffe00000, 0x00000000ffe00000|100%| E|CS|TAMS 0x00000000ffd00000, 0x00000000ffd00000| Complete 
|  62|0x00000000ffe00000, 0x00000000fff00000, 0x00000000fff00000|100%| E|CS|TAMS 0x00000000ffe00000, 0x00000000ffe00000| Complete 
|  63|0x00000000fff00000, 0x0000000100000000, 0x0000000100000000|100%| E|CS|TAMS 0x00000000fff00000, 0x00000000fff00000| Complete 

Card table byte_map: [0x00000197b1f40000,0x00000197b1f60000] _byte_map_base: 0x00000197b1760000

Marking Bits (Prev, Next): (CMBitMap*) 0x00000197b3ffbba0, (CMBitMap*) 0x00000197b3ffbbe0
 Prev Bits: [0x00000197b3dd0000, 0x00000197b3ed0000)
 Next Bits: [0x00000197ca8a0000, 0x00000197ca9a0000)

Polling page: 0x00000197b1de0000

Metaspace:

Usage:
  Non-class:      5.86 MB used.
      Class:    941.93 KB used.
       Both:      6.78 MB used.

Virtual space:
  Non-class space:       64.00 MB reserved,       5.94 MB (  9%) committed,  1 nodes.
      Class space:        1.00 GB reserved,       1.00 MB ( <1%) committed,  1 nodes.
             Both:        1.06 GB reserved,       6.94 MB ( <1%) committed. 

Chunk freelists:
   Non-Class:  8.67 MB
       Class:  14.94 MB
        Both:  23.62 MB

MaxMetaspaceSize: unlimited
CompressedClassSpaceSize: 1.00 GB
Initial GC threshold: 21.00 MB
Current GC threshold: 21.00 MB
CDS: on
MetaspaceReclaimPolicy: balanced
 - commit_granule_bytes: 65536.
 - commit_granule_words: 8192.
 - virtual_space_node_default_size: 8388608.
 - enlarge_chunks_in_place: 1.
 - new_chunks_are_fully_committed: 0.
 - uncommit_free_chunks: 1.
 - use_allocation_guard: 0.
 - handle_deallocations: 1.


Internal statistics:

num_allocs_failed_limit: 0.
num_arena_births: 58.
num_arena_deaths: 0.
num_vsnodes_births: 2.
num_vsnodes_deaths: 0.
num_space_committed: 111.
num_space_uncommitted: 0.
num_chunks_returned_to_freelist: 0.
num_chunks_taken_from_freelist: 259.
num_chunk_merges: 0.
num_chunk_splits: 168.
num_chunks_enlarged: 139.
num_inconsistent_stats: 0.

CodeHeap 'non-profiled nmethods': size=120000Kb used=516Kb max_used=516Kb free=119483Kb
 bounds [0x00000197c3370000, 0x00000197c35e0000, 0x00000197ca8a0000]
CodeHeap 'profiled nmethods': size=120000Kb used=2242Kb max_used=2242Kb free=117757Kb
 bounds [0x00000197bb8a0000, 0x00000197bbb10000, 0x00000197c2dd0000]
CodeHeap 'non-nmethods': size=5760Kb used=1147Kb max_used=1161Kb free=4612Kb
 bounds [0x00000197c2dd0000, 0x00000197c3040000, 0x00000197c3370000]
 total_blobs=1625 nmethods=1189 adapters=349
 compilation: enabled
              stopped_count=0, restarted_count=0
 full_count=0

Compilation events (20 events):
Event: 2.473 Thread 0x00000197ccef2830 1180       1       java.lang.Boolean::booleanValue (5 bytes)
Event: 2.473 Thread 0x00000197ccef2830 nmethod 1180 0x00000197c33f0190 code [0x00000197c33f0320, 0x00000197c33f03f8]
Event: 2.473 Thread 0x00000197ccef2830 1181       1       java.util.Collections$EmptyMap::get (2 bytes)
Event: 2.473 Thread 0x00000197ccef2830 nmethod 1181 0x00000197c33f0490 code [0x00000197c33f0620, 0x00000197c33f06f8]
Event: 2.478 Thread 0x00000197ccef2830 1182       3       jdk.internal.org.objectweb.asm.MethodWriter::visitFieldInsn (258 bytes)
Event: 2.479 Thread 0x00000197ccef2830 nmethod 1182 0x00000197bbace810 code [0x00000197bbacea80, 0x00000197bbacf5e8]
Event: 2.479 Thread 0x00000197ccef2830 1183       3       jdk.internal.org.objectweb.asm.SymbolTable::addConstantFieldref (10 bytes)
Event: 2.479 Thread 0x00000197ccef2830 nmethod 1183 0x00000197bbacfa10 code [0x00000197bbacfba0, 0x00000197bbacfce8]
Event: 2.479 Thread 0x00000197ccef2830 1184       3       java.lang.invoke.MemberName::getModifiers (8 bytes)
Event: 2.480 Thread 0x00000197ccef2830 nmethod 1184 0x00000197bbacfd90 code [0x00000197bbacff20, 0x00000197bbad0038]
Event: 2.490 Thread 0x00000197ccedb260 1185       4       java.lang.System::getSecurityManager (12 bytes)
Event: 2.490 Thread 0x00000197ccedb260 nmethod 1185 0x00000197c33f0790 code [0x00000197c33f0900, 0x00000197c33f0978]
Event: 2.498 Thread 0x00000197ccef2830 1186       3       java.lang.invoke.LambdaForm::parameterType (9 bytes)
Event: 2.499 Thread 0x00000197ccef2830 nmethod 1186 0x00000197bbad0110 code [0x00000197bbad02c0, 0x00000197bbad0408]
Event: 2.499 Thread 0x00000197ccef2830 1187       1       java.lang.invoke.LambdaForm$Name::type (5 bytes)
Event: 2.499 Thread 0x00000197ccef2830 nmethod 1187 0x00000197c33f0a90 code [0x00000197c33f0c20, 0x00000197c33f0cf8]
Event: 2.505 Thread 0x00000197ccef2830 1188       3       jdk.internal.reflect.MagicAccessorImpl::<init> (5 bytes)
Event: 2.505 Thread 0x00000197ccef2830 nmethod 1188 0x00000197bbad0510 code [0x00000197bbad06a0, 0x00000197bbad07f8]
Event: 2.513 Thread 0x00000197ccedb260 1189       4       java.util.zip.Inflater::ensureOpen (47 bytes)
Event: 2.513 Thread 0x00000197ccedb260 nmethod 1189 0x00000197c33f0d90 code [0x00000197c33f0f00, 0x00000197c33f0fb8]

GC Heap History (4 events):
Event: 1.056 GC heap before
{Heap before GC invocations=0 (full 0):
 garbage-first heap   total 65536K, used 12288K [0x00000000fc000000, 0x0000000100000000)
  region size 1024K, 13 young (13312K), 0 survivors (0K)
 Metaspace       used 1654K, committed 1792K, reserved 1114112K
  class space    used 153K, committed 192K, reserved 1048576K
}
Event: 1.062 GC heap after
{Heap after GC invocations=1 (full 0):
 garbage-first heap   total 65536K, used 1536K [0x00000000fc000000, 0x0000000100000000)
  region size 1024K, 2 young (2048K), 2 survivors (2048K)
 Metaspace       used 1654K, committed 1792K, reserved 1114112K
  class space    used 153K, committed 192K, reserved 1048576K
}
Event: 1.865 GC heap before
{Heap before GC invocations=1 (full 0):
 garbage-first heap   total 65536K, used 23040K [0x00000000fc000000, 0x0000000100000000)
  region size 1024K, 20 young (20480K), 2 survivors (2048K)
 Metaspace       used 3176K, committed 3328K, reserved 1114112K
  class space    used 357K, committed 448K, reserved 1048576K
}
Event: 1.871 GC heap after
{Heap after GC invocations=2 (full 0):
 garbage-first heap   total 65536K, used 10772K [0x00000000fc000000, 0x0000000100000000)
  region size 1024K, 3 young (3072K), 3 survivors (3072K)
 Metaspace       used 3176K, committed 3328K, reserved 1114112K
  class space    used 357K, committed 448K, reserved 1048576K
}

Deoptimization events (20 events):
Event: 2.270 Thread 0x00000197b3fdb910 DEOPT PACKING pc=0x00000197bb95c265 sp=0x00000028bf5fa790
Event: 2.270 Thread 0x00000197b3fdb910 DEOPT UNPACKING pc=0x00000197c2e22b43 sp=0x00000028bf5f9be0 mode 0
Event: 2.314 Thread 0x00000197b3fdb910 DEOPT PACKING pc=0x00000197bba5ba31 sp=0x00000028bf5fd470
Event: 2.314 Thread 0x00000197b3fdb910 DEOPT UNPACKING pc=0x00000197c2e22b43 sp=0x00000028bf5fc968 mode 0
Event: 2.327 Thread 0x00000197b3fdb910 Uncommon trap: trap_request=0xffffff45 fr.pc=0x00000197c33cf7a0 relative=0x0000000000000560
Event: 2.327 Thread 0x00000197b3fdb910 Uncommon trap: reason=unstable_if action=reinterpret pc=0x00000197c33cf7a0 method=java.util.HashMap.hash(Ljava/lang/Object;)I @ 1 c2
Event: 2.327 Thread 0x00000197b3fdb910 DEOPT PACKING pc=0x00000197c33cf7a0 sp=0x00000028bf5fd5f0
Event: 2.327 Thread 0x00000197b3fdb910 DEOPT UNPACKING pc=0x00000197c2e223a3 sp=0x00000028bf5fd498 mode 2
Event: 2.327 Thread 0x00000197b3fdb910 Uncommon trap: trap_request=0xffffff45 fr.pc=0x00000197c33c8cbc relative=0x000000000000057c
Event: 2.327 Thread 0x00000197b3fdb910 Uncommon trap: reason=unstable_if action=reinterpret pc=0x00000197c33c8cbc method=java.util.HashMap.hash(Ljava/lang/Object;)I @ 1 c2
Event: 2.327 Thread 0x00000197b3fdb910 DEOPT PACKING pc=0x00000197c33c8cbc sp=0x00000028bf5fd580
Event: 2.327 Thread 0x00000197b3fdb910 DEOPT UNPACKING pc=0x00000197c2e223a3 sp=0x00000028bf5fd498 mode 2
Event: 2.394 Thread 0x00000197b3fdb910 Uncommon trap: trap_request=0xffffff45 fr.pc=0x00000197c33ab734 relative=0x0000000000000914
Event: 2.394 Thread 0x00000197b3fdb910 Uncommon trap: reason=unstable_if action=reinterpret pc=0x00000197c33ab734 method=java.util.HashMap.putVal(ILjava/lang/Object;Ljava/lang/Object;ZZ)Ljava/lang/Object; @ 236 c2
Event: 2.394 Thread 0x00000197b3fdb910 DEOPT PACKING pc=0x00000197c33ab734 sp=0x00000028bf5fc9b0
Event: 2.394 Thread 0x00000197b3fdb910 DEOPT UNPACKING pc=0x00000197c2e223a3 sp=0x00000028bf5fc978 mode 2
Event: 2.401 Thread 0x00000197b3fdb910 Uncommon trap: trap_request=0xffffff45 fr.pc=0x00000197c33de4e8 relative=0x0000000000000248
Event: 2.401 Thread 0x00000197b3fdb910 Uncommon trap: reason=unstable_if action=reinterpret pc=0x00000197c33de4e8 method=java.lang.String.startsWith(Ljava/lang/String;I)Z @ 14 c2
Event: 2.401 Thread 0x00000197b3fdb910 DEOPT PACKING pc=0x00000197c33de4e8 sp=0x00000028bf5fd160
Event: 2.401 Thread 0x00000197b3fdb910 DEOPT UNPACKING pc=0x00000197c2e223a3 sp=0x00000028bf5fd0c0 mode 2

Classes unloaded (0 events):
No events

Classes redefined (0 events):
No events

Internal exceptions (16 events):
Event: 0.445 Thread 0x00000197b3fdb910 Exception <a 'java/lang/NoSuchMethodError'{0x00000000ffdda828}: 'int java.lang.invoke.DirectMethodHandle$Holder.invokeStaticInit(java.lang.Object, java.lang.Object)'> (0x00000000ffdda828) 
thrown [s\open\src\hotspot\share\interpreter\linkResolver.cpp, line 759]
Event: 1.956 Thread 0x00000197b3fdb910 Exception <a 'java/lang/NoSuchMethodError'{0x00000000ffea5470}: 'void java.lang.invoke.DirectMethodHandle$Holder.invokeStatic(java.lang.Object, java.lang.Object)'> (0x00000000ffea5470) 
thrown [s\open\src\hotspot\share\interpreter\linkResolver.cpp, line 759]
Event: 2.006 Thread 0x00000197b3fdb910 Exception <a 'java/lang/NoClassDefFoundError'{0x00000000ffd5cb40}: org/slf4j/impl/StaticMarkerBinder> (0x00000000ffd5cb40) 
thrown [s\open\src\hotspot\share\classfile\systemDictionary.cpp, line 245]
Event: 2.046 Thread 0x00000197b3fdb910 Exception <a 'java/lang/NoSuchMethodError'{0x00000000ffc3c5c0}: 'java.lang.Object java.lang.invoke.Invokers$Holder.invoker(java.lang.Object, java.lang.Object, java.lang.Object)'> (0x00000000ffc3c5c0) 
thrown [s\open\src\hotspot\share\interpreter\linkResolver.cpp, line 759]
Event: 2.048 Thread 0x00000197b3fdb910 Exception <a 'java/lang/NoSuchMethodError'{0x00000000ffc45798}: 'java.lang.Object java.lang.invoke.DirectMethodHandle$Holder.invokeStatic(java.lang.Object, java.lang.Object, int)'> (0x00000000ffc45798) 
thrown [s\open\src\hotspot\share\interpreter\linkResolver.cpp, line 759]
Event: 2.050 Thread 0x00000197b3fdb910 Exception <a 'java/lang/NoSuchMethodError'{0x00000000ffc51488}: 'void java.lang.invoke.DelegatingMethodHandle$Holder.delegate(java.lang.Object, java.lang.Object, int, java.lang.Object)'> (0x00000000ffc51488) 
thrown [s\open\src\hotspot\share\interpreter\linkResolver.cpp, line 759]
Event: 2.052 Thread 0x00000197b3fdb910 Exception <a 'java/lang/NoSuchMethodError'{0x00000000ffc55540}: 'int java.lang.invoke.DirectMethodHandle$Holder.invokeSpecial(java.lang.Object, java.lang.Object, java.lang.Object)'> (0x00000000ffc55540) 
thrown [s\open\src\hotspot\share\interpreter\linkResolver.cpp, line 759]
Event: 2.056 Thread 0x00000197b3fdb910 Exception <a 'java/lang/NoSuchMethodError'{0x00000000ffc68650}: 'java.lang.Object java.lang.invoke.Invokers$Holder.invokeExact_MT(java.lang.Object, java.lang.Object, java.lang.Object, java.lang.Object)'> (0x00000000ffc68650) 
thrown [s\open\src\hotspot\share\interpreter\linkResolver.cpp, line 759]
Event: 2.072 Thread 0x00000197b3fdb910 Exception <a 'java/lang/NoSuchMethodError'{0x00000000ffca3a08}: 'java.lang.Object java.lang.invoke.DirectMethodHandle$Holder.invokeVirtual(java.lang.Object, java.lang.Object, java.lang.Object)'> (0x00000000ffca3a08) 
thrown [s\open\src\hotspot\share\interpreter\linkResolver.cpp, line 759]
Event: 2.212 Thread 0x00000197b3fdb910 Exception <a 'java/lang/NoSuchMethodError'{0x00000000ff817500}: 'java.lang.Object java.lang.invoke.DirectMethodHandle$Holder.newInvokeSpecial(java.lang.Object, java.lang.Object, java.lang.Object, java.lang.Object, java.lang.Object)'> (0x00000000ff817500) 
thrown [s\open\src\hotspot\share\interpreter\linkResolver.cpp, line 759]
Event: 2.310 Thread 0x00000197b3fdb910 Exception <a 'java/lang/NoSuchMethodError'{0x00000000ff6ebc18}: 'void java.lang.invoke.DirectMethodHandle$Holder.invokeSpecial(java.lang.Object, java.lang.Object, java.lang.Object)'> (0x00000000ff6ebc18) 
thrown [s\open\src\hotspot\share\interpreter\linkResolver.cpp, line 759]
Event: 2.327 Thread 0x00000197b3fdb910 Implicit null exception at 0x00000197c33cf28a to 0x00000197c33cf784
Event: 2.327 Thread 0x00000197b3fdb910 Implicit null exception at 0x00000197c33c878f to 0x00000197c33c8c9c
Event: 2.370 Thread 0x00000197b3fdb910 Exception <a 'java/lang/NoSuchMethodError'{0x00000000ff462290}: 'java.lang.Object java.lang.invoke.DirectMethodHandle$Holder.invokeStaticInit(java.lang.Object)'> (0x00000000ff462290) 
thrown [s\open\src\hotspot\share\interpreter\linkResolver.cpp, line 759]
Event: 2.418 Thread 0x00000197b3fdb910 Exception <a 'java/lang/NoSuchMethodError'{0x00000000ff305e88}: 'int java.lang.invoke.DirectMethodHandle$Holder.invokeVirtual(java.lang.Object, java.lang.Object, java.lang.Object)'> (0x00000000ff305e88) 
thrown [s\open\src\hotspot\share\interpreter\linkResolver.cpp, line 759]
Event: 2.498 Thread 0x00000197b3fdb910 Exception <a 'java/lang/NoSuchMethodError'{0x00000000ff15b110}: 'java.lang.Object java.lang.invoke.DirectMethodHandle$Holder.invokeSpecialIFC(java.lang.Object, java.lang.Object, java.lang.Object, java.lang.Object)'> (0x00000000ff15b110) 
thrown [s\open\src\hotspot\share\interpreter\linkResolver.cpp, line 759]

VM Operations (18 events):
Event: 0.138 Executing VM operation: HandshakeAllThreads
Event: 0.138 Executing VM operation: HandshakeAllThreads done
Event: 1.054 Executing VM operation: G1CollectForAllocation
Event: 1.063 Executing VM operation: G1CollectForAllocation done
Event: 1.747 Executing VM operation: HandshakeAllThreads
Event: 1.748 Executing VM operation: HandshakeAllThreads done
Event: 1.865 Executing VM operation: G1CollectForAllocation
Event: 1.871 Executing VM operation: G1CollectForAllocation done
Event: 2.000 Executing VM operation: HandshakeAllThreads
Event: 2.000 Executing VM operation: HandshakeAllThreads done
Event: 2.000 Executing VM operation: HandshakeAllThreads
Event: 2.000 Executing VM operation: HandshakeAllThreads done
Event: 2.048 Executing VM operation: HandshakeAllThreads
Event: 2.048 Executing VM operation: HandshakeAllThreads done
Event: 2.402 Executing VM operation: HandshakeAllThreads
Event: 2.402 Executing VM operation: HandshakeAllThreads done
Event: 2.509 Executing VM operation: HandshakeAllThreads
Event: 2.509 Executing VM operation: HandshakeAllThreads done

Events (20 events):
Event: 2.415 loading class java/lang/CloneNotSupportedException
Event: 2.416 loading class java/lang/CloneNotSupportedException done
Event: 2.451 loading class sun/reflect/generics/tree/TypeVariableSignature
Event: 2.451 loading class sun/reflect/generics/tree/TypeVariableSignature done
Event: 2.461 loading class java/util/UUID
Event: 2.462 loading class java/util/UUID done
Event: 2.474 loading class java/util/function/LongSupplier
Event: 2.474 loading class java/util/function/LongSupplier done
Event: 2.475 loading class java/io/UncheckedIOException
Event: 2.475 loading class java/io/UncheckedIOException done
Event: 2.488 loading class java/net/SocketException
Event: 2.488 loading class java/net/SocketException done
Event: 2.488 loading class java/net/SocketAddress
Event: 2.489 loading class java/net/SocketAddress done
Event: 2.489 loading class java/net/InetSocketAddress
Event: 2.489 loading class java/net/InetSocketAddress done
Event: 2.489 loading class java/net/ConnectException
Event: 2.489 loading class java/net/ConnectException done
Event: 2.494 loading class java/nio/file/AtomicMoveNotSupportedException
Event: 2.494 loading class java/nio/file/AtomicMoveNotSupportedException done


Dynamic libraries:
0x00007ff7d3460000 - 0x00007ff7d3470000 	C:\Program Files\Java\jdk-17\bin\java.exe
0x00007ffc4e650000 - 0x00007ffc4e848000 	C:\WINDOWS\SYSTEM32\ntdll.dll
0x00007ffc4e540000 - 0x00007ffc4e602000 	C:\WINDOWS\System32\KERNEL32.DLL
0x00007ffc4c0a0000 - 0x00007ffc4c39e000 	C:\WINDOWS\System32\KERNELBASE.dll
0x00007ffc4c570000 - 0x00007ffc4c670000 	C:\WINDOWS\System32\ucrtbase.dll
0x00007ffc38910000 - 0x00007ffc38929000 	C:\Program Files\Java\jdk-17\bin\jli.dll
0x00007ffc4dfb0000 - 0x00007ffc4e062000 	C:\WINDOWS\System32\ADVAPI32.dll
0x00007ffc4dcd0000 - 0x00007ffc4dd6e000 	C:\WINDOWS\System32\msvcrt.dll
0x00007ffc45fb0000 - 0x00007ffc45fcb000 	C:\Program Files\Java\jdk-17\bin\VCRUNTIME140.dll
0x00007ffc4d350000 - 0x00007ffc4d3f0000 	C:\WINDOWS\System32\sechost.dll
0x00007ffc4c790000 - 0x00007ffc4c8b3000 	C:\WINDOWS\System32\RPCRT4.dll
0x00007ffc4c3d0000 - 0x00007ffc4c3f7000 	C:\WINDOWS\System32\bcrypt.dll
0x00007ffc4e3a0000 - 0x00007ffc4e53d000 	C:\WINDOWS\System32\USER32.dll
0x00007ffc4c3a0000 - 0x00007ffc4c3c2000 	C:\WINDOWS\System32\win32u.dll
0x00007ffc4e070000 - 0x00007ffc4e09b000 	C:\WINDOWS\System32\GDI32.dll
0x00007ffc4c400000 - 0x00007ffc4c517000 	C:\WINDOWS\System32\gdi32full.dll
0x00007ffc4bd60000 - 0x00007ffc4bdfd000 	C:\WINDOWS\System32\msvcp_win.dll
0x00007ffc35860000 - 0x00007ffc35afa000 	C:\WINDOWS\WinSxS\amd64_microsoft.windows.common-controls_6595b64144ccf1df_6.0.19041.4355_none_60b8b9eb71f62e16\COMCTL32.dll
0x00007ffc402b0000 - 0x00007ffc402ba000 	C:\WINDOWS\SYSTEM32\VERSION.dll
0x00007ffc4c670000 - 0x00007ffc4c69f000 	C:\WINDOWS\System32\IMM32.DLL
0x00007ffc38900000 - 0x00007ffc3890c000 	C:\Program Files\Java\jdk-17\bin\vcruntime140_1.dll
0x00007ffc0c350000 - 0x00007ffc0c3de000 	C:\Program Files\Java\jdk-17\bin\msvcp140.dll
0x00007ffc00a60000 - 0x00007ffc01640000 	C:\Program Files\Java\jdk-17\bin\server\jvm.dll
0x00007ffc4c6a0000 - 0x00007ffc4c6a8000 	C:\WINDOWS\System32\PSAPI.DLL
0x00007ffc3b000000 - 0x00007ffc3b027000 	C:\WINDOWS\SYSTEM32\WINMM.dll
0x00007ffc38140000 - 0x00007ffc38149000 	C:\WINDOWS\SYSTEM32\WSOCK32.dll
0x00007ffc4e180000 - 0x00007ffc4e1eb000 	C:\WINDOWS\System32\WS2_32.dll
0x00007ffc4a480000 - 0x00007ffc4a492000 	C:\WINDOWS\SYSTEM32\kernel.appcore.dll
0x00007ffc38210000 - 0x00007ffc3821a000 	C:\Program Files\Java\jdk-17\bin\jimage.dll
0x00007ffc3ee70000 - 0x00007ffc3f054000 	C:\WINDOWS\SYSTEM32\DBGHELP.DLL
0x00007ffc3ee30000 - 0x00007ffc3ee64000 	C:\WINDOWS\SYSTEM32\dbgcore.DLL
0x00007ffc4be00000 - 0x00007ffc4be82000 	C:\WINDOWS\System32\bcryptPrimitives.dll
0x00007ffc35ba0000 - 0x00007ffc35bc5000 	C:\Program Files\Java\jdk-17\bin\java.dll
0x00007ffc0c270000 - 0x00007ffc0c347000 	C:\Program Files\Java\jdk-17\bin\jsvml.dll
0x00007ffc4cbe0000 - 0x00007ffc4d34f000 	C:\WINDOWS\System32\SHELL32.dll
0x00007ffc49890000 - 0x00007ffc4a034000 	C:\WINDOWS\SYSTEM32\windows.storage.dll
0x00007ffc4d970000 - 0x00007ffc4dcc3000 	C:\WINDOWS\System32\combase.dll
0x00007ffc4b650000 - 0x00007ffc4b67e000 	C:\WINDOWS\SYSTEM32\Wldp.dll
0x00007ffc4cb10000 - 0x00007ffc4cbdd000 	C:\WINDOWS\System32\OLEAUT32.dll
0x00007ffc4df00000 - 0x00007ffc4dfad000 	C:\WINDOWS\System32\SHCORE.dll
0x00007ffc4d8f0000 - 0x00007ffc4d945000 	C:\WINDOWS\System32\shlwapi.dll
0x00007ffc4bc20000 - 0x00007ffc4bc44000 	C:\WINDOWS\SYSTEM32\profapi.dll
0x00007ffc381f0000 - 0x00007ffc38209000 	C:\Program Files\Java\jdk-17\bin\net.dll
0x00007ffc41e20000 - 0x00007ffc41f2d000 	C:\WINDOWS\SYSTEM32\WINHTTP.dll
0x00007ffc4b3b0000 - 0x00007ffc4b41a000 	C:\WINDOWS\system32\mswsock.dll
0x00007ffc35b80000 - 0x00007ffc35b96000 	C:\Program Files\Java\jdk-17\bin\nio.dll
0x00007ffc2fd80000 - 0x00007ffc2fd98000 	C:\Program Files\Java\jdk-17\bin\zip.dll
0x00007ffc2fd70000 - 0x00007ffc2fd80000 	C:\Program Files\Java\jdk-17\bin\verify.dll
0x00007ffc2fd40000 - 0x00007ffc2fd67000 	C:\Users\ZIDANE\.gradle\native\c067742578af261105cb4f569cf0c3c89f3d7b1fecec35dd04571415982c5e48\windows-amd64\native-platform.dll
0x00007ffc2b400000 - 0x00007ffc2b40a000 	C:\Program Files\Java\jdk-17\bin\management.dll
0x00007ffc2b3f0000 - 0x00007ffc2b3fb000 	C:\Program Files\Java\jdk-17\bin\management_ext.dll

dbghelp: loaded successfully - version: 4.0.5 - missing functions: none
symbol engine: initialized successfully - sym options: 0x614 - pdb path: .;C:\Program Files\Java\jdk-17\bin;C:\WINDOWS\SYSTEM32;C:\WINDOWS\WinSxS\amd64_microsoft.windows.common-controls_6595b64144ccf1df_6.0.19041.4355_none_60b8b9eb71f62e16;C:\Program Files\Java\jdk-17\bin\server;C:\Users\ZIDANE\.gradle\native\c067742578af261105cb4f569cf0c3c89f3d7b1fecec35dd04571415982c5e48\windows-amd64

VM Arguments:
jvm_args: -Xmx64m -Xms64m -Dorg.gradle.appname=gradlew 
java_command: org.gradle.wrapper.GradleWrapperMain app:installDebug -PreactNativeDevServerPort=8081
java_class_path (initial): C:\Users\ZIDANE\SILA\android\\gradle\wrapper\gradle-wrapper.jar
Launcher Type: SUN_STANDARD

[Global flags]
     intx CICompilerCount                          = 3                                         {product} {ergonomic}
     uint ConcGCThreads                            = 1                                         {product} {ergonomic}
     uint G1ConcRefinementThreads                  = 4                                         {product} {ergonomic}
   size_t G1HeapRegionSize                         = 1048576                                   {product} {ergonomic}
    uintx GCDrainStackTargetSize                   = 64                                        {product} {ergonomic}
   size_t InitialHeapSize                          = 67108864                                  {product} {command line}
   size_t MarkStackSize                            = 4194304                                   {product} {ergonomic}
   size_t MaxHeapSize                              = 67108864                                  {product} {command line}
   size_t MaxNewSize                               = 39845888                                  {product} {ergonomic}
   size_t MinHeapDeltaBytes                        = 1048576                                   {product} {ergonomic}
   size_t MinHeapSize                              = 67108864                                  {product} {command line}
    uintx NonNMethodCodeHeapSize                   = 5832780                                {pd product} {ergonomic}
    uintx NonProfiledCodeHeapSize                  = 122912730                              {pd product} {ergonomic}
    uintx ProfiledCodeHeapSize                     = 122912730                              {pd product} {ergonomic}
    uintx ReservedCodeCacheSize                    = 251658240                              {pd product} {ergonomic}
     bool SegmentedCodeCache                       = true                                      {product} {ergonomic}
   size_t SoftMaxHeapSize                          = 67108864                               {manageable} {ergonomic}
     bool UseCompressedClassPointers               = true                           {product lp64_product} {ergonomic}
     bool UseCompressedOops                        = true                           {product lp64_product} {ergonomic}
     bool UseG1GC                                  = true                                      {product} {ergonomic}
     bool UseLargePagesIndividualAllocation        = false                                  {pd product} {ergonomic}

Logging:
Log output configuration:
 #0: stdout all=warning uptime,level,tags
 #1: stderr all=off uptime,level,tags

Environment Variables:
JAVA_HOME=C:\Program Files\Java\jdk-17
CLASSPATH=C:\Users\ZIDANE\SILA\android\\gradle\wrapper\gradle-wrapper.jar
PATH=C:\Users\ZIDANE\SILA\node_modules\.bin;C:\Users\ZIDANE\SILA\node_modules\.bin;C:\Users\ZIDANE\node_modules\.bin;C:\Users\node_modules\.bin;C:\node_modules\.bin;C:\Program Files\nodejs\node_modules\npm\node_modules\@npmcli\run-script\lib\node-gyp-bin;C:\Users\ZIDANE\SILA\node_modules\.bin;C:\Users\ZIDANE\node_modules\.bin;C:\Users\node_modules\.bin;C:\node_modules\.bin;C:\Program Files\nodejs\node_modules\npm\node_modules\@npmcli\run-script\lib\node-gyp-bin;C:\Program Files (x86)\Common Files\Intel\Shared Libraries\redist\intel64\compiler;C:\Program Files\Common Files\Oracle\Java\javapath;C:\Program Files (x86)\Common Files\Oracle\Java\java8path;C:\Program Files (x86)\Common Files\Oracle\Java\javapath;C:\Program Files\Java\jdk-17\bin;C:\WINDOWS\system32;C:\WINDOWS;C:\WINDOWS\System32\Wbem;C:\WINDOWS\System32\WindowsPowerShell\v1.0\;C:\WINDOWS\System32\OpenSSH\;C:\Program Files\nodejs\;C:\Program Files\Git\cmd;choco;C:\ProgramData\chocolatey\bin;STM32CubeProgrammer path\bin;C:\Program Files\php-8.3.6;C:\Users\ZIDANE\Desktop\Nouveau dossier\scrcpy-win64-v2.6.1;C:\WINDOWS\system32;C:\WINDOWS;C:\WINDOWS\System32\Wbem;C:\WINDOWS\System32\WindowsPowerShell\v1.0\;C:\WINDOWS\System32\OpenSSH\;C:\Program Files\nodejs\;C:\Program Files\Git\cmd;choco;C:\ProgramData\chocolatey\bin;STM32CubeProgrammer path\bin;C:\Program Files\php-8.3.6;C:\Users\ZIDANE\AppData\Local\Android\Sdk\tools;C:\Users\ZIDANE\AppData\Local\Microsoft\WindowsApps;C:\Users\ZIDANE\AppData\Local\Programs\Microsoft VS Code\bin;C:\Users\ZIDANE\AppData\Roaming\npm;C:\Users\ZIDANE\AppData\Local\Android\Sdk\platform-tools;C:\flutter\flutter\bin;C:\Program Files\Java\jdk-17\bin;;%USERPROFILE%\AppData\Local\Microsoft\WindowsApps
USERNAME=ZIDANE
LANG=en_US.UTF-8
OS=Windows_NT
PROCESSOR_IDENTIFIER=Intel64 Family 6 Model 58 Stepping 9, GenuineIntel



---------------  S Y S T E M  ---------------

OS:
 Windows 10 , 64 bit Build 19041 (10.0.19041.4957)
OS uptime: 1 days 13:59 hours

CPU: total 4 (initial active 4) (2 cores per cpu, 2 threads per core) family 6 model 58 stepping 9 microcode 0x21, cx8, cmov, fxsr, ht, mmx, sse, sse2, sse3, ssse3, sse4.1, sse4.2, popcnt, tsc, tscinvbit, avx, aes, erms, clmul, vzeroupper, clflush

Memory: 4k page, system-wide physical 3999M (193M free)
TotalPageFile size 16287M (AvailPageFile size 60M)
current process WorkingSet (physical memory assigned to process): 84M, peak: 84M
current process commit charge ("private bytes"): 154M, peak: 154M

vm_info: Java HotSpot(TM) 64-Bit Server VM (17.0.12+8-LTS-286) for windows-amd64 JRE (17.0.12+8-LTS-286), built on Jun  5 2024 06:46:59 by "mach5one" with MS VC++ 17.6 (VS2022)

END.
